-- The C compiler identification is GNU 11.2.0
-- The CXX compiler identification is GNU 11.2.0
-- Detecting C compiler ABI info
-- Detecting C compiler ABI info - done
-- Check for working C compiler: /usr/bin/cc - skipped
-- Detecting C compile features
-- Detecting C compile features - done
-- Detecting CXX compiler ABI info
-- Detecting CXX compiler ABI info - done
-- Check for working CXX compiler: /usr/bin/c++ - skipped
-- Detecting CXX compile features
-- Detecting CXX compile features - done
-- Found ament_cmake: 1.3.2 (/opt/ros/humble/share/ament_cmake/cmake)
-- Found Python3: /usr/bin/python3.10 (found version "3.10.6") found components: Interpreter 
-- Found rosidl_default_generators: 1.2.0 (/opt/ros/humble/share/rosidl_default_generators/cmake)
-- Using all available rosidl_typesupport_c: rosidl_typesupport_fastrtps_c;rosidl_typesupport_introspection_c
-- Found rosidl_adapter: 3.1.3 (/opt/ros/humble/share/rosidl_adapter/cmake)
-- Using all available rosidl_typesupport_cpp: rosidl_typesupport_fastrtps_cpp;rosidl_typesupport_introspection_cpp
-- Found ament_cmake_ros: 0.10.0 (/opt/ros/humble/share/ament_cmake_ros/cmake)
-- Using all available rosidl_typesupport_c: rosidl_typesupport_fastrtps_c;rosidl_typesupport_introspection_c
-- Using all available rosidl_typesupport_cpp: rosidl_typesupport_fastrtps_cpp;rosidl_typesupport_introspection_cpp
-- Found PythonInterp: /usr/bin/python3 (found suitable version "3.10.6", minimum required is "3.6") 
-- Found python_cmake_module: 0.10.0 (/opt/ros/humble/share/python_cmake_module/cmake)
-- Found PythonLibs: /usr/lib/x86_64-linux-gnu/libpython3.10.so (found suitable version "3.10.6", minimum required is "3.5") 
-- Using PYTHON_EXECUTABLE: /usr/bin/python3
-- Using PYTHON_INCLUDE_DIRS: /usr/include/python3.10
-- Using PYTHON_LIBRARIES: /usr/lib/x86_64-linux-gnu/libpython3.10.so
-- Found PythonExtra: .so  
-- Found ament_lint_auto: 0.12.4 (/opt/ros/humble/share/ament_lint_auto/cmake)
-- Added test 'lint_cmake' to check CMake code style
-- Added test 'xmllint' to check XML markup files
-- Configuring done
-- Generating done
-- Build files have been written to: /home/user/ros2_ws/build/services_quiz_srv
[  3%] [34m[1mGenerating C++ code for ROS interfaces[0m
[  3%] Built target services_quiz_srv__cpp
[  3%] Built target ament_cmake_python_copy_services_quiz_srv
[  6%] [34m[1mGenerating C++ type support dispatch for ROS interfaces[0m
[  9%] [32mBuilding CXX object CMakeFiles/services_quiz_srv__rosidl_typesupport_cpp.dir/rosidl_typesupport_cpp/services_quiz_srv/srv/spin__type_support.cpp.o[0m
[ 12%] [32m[1mLinking CXX shared library libservices_quiz_srv__rosidl_typesupport_cpp.so[0m
[ 12%] Built target services_quiz_srv__rosidl_typesupport_cpp
running egg_info
creating services_quiz_srv.egg-info
writing services_quiz_srv.egg-info/PKG-INFO
writing dependency_links to services_quiz_srv.egg-info/dependency_links.txt
writing top-level names to services_quiz_srv.egg-info/top_level.txt
writing manifest file 'services_quiz_srv.egg-info/SOURCES.txt'
reading manifest file 'services_quiz_srv.egg-info/SOURCES.txt'
writing manifest file 'services_quiz_srv.egg-info/SOURCES.txt'
[ 12%] Built target ament_cmake_python_build_services_quiz_srv_egg
[ 16%] [34m[1mGenerating C++ introspection for ROS interfaces[0m
[ 19%] [32mBuilding CXX object CMakeFiles/services_quiz_srv__rosidl_typesupport_introspection_cpp.dir/rosidl_typesupport_introspection_cpp/services_quiz_srv/srv/detail/spin__type_support.cpp.o[0m
[ 22%] [32m[1mLinking CXX shared library libservices_quiz_srv__rosidl_typesupport_introspection_cpp.so[0m
[ 22%] Built target services_quiz_srv__rosidl_typesupport_introspection_cpp
[ 25%] [34m[1mGenerating C++ type support for eProsima Fast-RTPS[0m
[ 29%] [32mBuilding CXX object CMakeFiles/services_quiz_srv__rosidl_typesupport_fastrtps_cpp.dir/rosidl_typesupport_fastrtps_cpp/services_quiz_srv/srv/detail/dds_fastrtps/spin__type_support.cpp.o[0m
[ 32%] [32m[1mLinking CXX shared library libservices_quiz_srv__rosidl_typesupport_fastrtps_cpp.so[0m
[ 32%] Built target services_quiz_srv__rosidl_typesupport_fastrtps_cpp
[ 35%] [34m[1mGenerating C code for ROS interfaces[0m
[ 38%] [32mBuilding C object CMakeFiles/services_quiz_srv__rosidl_generator_c.dir/rosidl_generator_c/services_quiz_srv/srv/detail/spin__functions.c.o[0m
[ 41%] [32m[1mLinking C shared library libservices_quiz_srv__rosidl_generator_c.so[0m
[ 41%] Built target services_quiz_srv__rosidl_generator_c
[ 45%] [34m[1mGenerating C type support for eProsima Fast-RTPS[0m
[ 48%] [32mBuilding CXX object CMakeFiles/services_quiz_srv__rosidl_typesupport_fastrtps_c.dir/rosidl_typesupport_fastrtps_c/services_quiz_srv/srv/detail/spin__type_support_c.cpp.o[0m
[ 51%] [32m[1mLinking CXX shared library libservices_quiz_srv__rosidl_typesupport_fastrtps_c.so[0m
[ 51%] Built target services_quiz_srv__rosidl_typesupport_fastrtps_c
[ 54%] [34m[1mGenerating C type support dispatch for ROS interfaces[0m
[ 58%] [32mBuilding CXX object CMakeFiles/services_quiz_srv__rosidl_typesupport_c.dir/rosidl_typesupport_c/services_quiz_srv/srv/spin__type_support.cpp.o[0m
[ 61%] [32m[1mLinking CXX shared library libservices_quiz_srv__rosidl_typesupport_c.so[0m
[ 61%] Built target services_quiz_srv__rosidl_typesupport_c
[ 64%] [34m[1mGenerating C introspection for ROS interfaces[0m
[ 67%] [32mBuilding C object CMakeFiles/services_quiz_srv__rosidl_typesupport_introspection_c.dir/rosidl_typesupport_introspection_c/services_quiz_srv/srv/detail/spin__type_support.c.o[0m
[ 70%] [32m[1mLinking C shared library libservices_quiz_srv__rosidl_typesupport_introspection_c.so[0m
[ 70%] Built target services_quiz_srv__rosidl_typesupport_introspection_c
[ 70%] Built target services_quiz_srv
[ 74%] [34m[1mGenerating Python code for ROS interfaces[0m
[ 74%] Built target services_quiz_srv__py
[ 77%] [32mBuilding C object CMakeFiles/services_quiz_srv__rosidl_generator_py.dir/rosidl_generator_py/services_quiz_srv/srv/_spin_s.c.o[0m
[ 80%] [32m[1mLinking C shared library rosidl_generator_py/services_quiz_srv/libservices_quiz_srv__rosidl_generator_py.so[0m
[ 80%] Built target services_quiz_srv__rosidl_generator_py
[ 83%] [32mBuilding C object CMakeFiles/services_quiz_srv__rosidl_typesupport_fastrtps_c__pyext.dir/rosidl_generator_py/services_quiz_srv/_services_quiz_srv_s.ep.rosidl_typesupport_fastrtps_c.c.o[0m
[ 87%] [32m[1mLinking C shared library rosidl_generator_py/services_quiz_srv/services_quiz_srv_s__rosidl_typesupport_fastrtps_c.cpython-310-x86_64-linux-gnu.so[0m
[ 87%] Built target services_quiz_srv__rosidl_typesupport_fastrtps_c__pyext
[ 90%] [32mBuilding C object CMakeFiles/services_quiz_srv__rosidl_typesupport_c__pyext.dir/rosidl_generator_py/services_quiz_srv/_services_quiz_srv_s.ep.rosidl_typesupport_c.c.o[0m
[ 93%] [32m[1mLinking C shared library rosidl_generator_py/services_quiz_srv/services_quiz_srv_s__rosidl_typesupport_c.cpython-310-x86_64-linux-gnu.so[0m
[ 93%] Built target services_quiz_srv__rosidl_typesupport_c__pyext
[ 96%] [32mBuilding C object CMakeFiles/services_quiz_srv__rosidl_typesupport_introspection_c__pyext.dir/rosidl_generator_py/services_quiz_srv/_services_quiz_srv_s.ep.rosidl_typesupport_introspection_c.c.o[0m
[100%] [32m[1mLinking C shared library rosidl_generator_py/services_quiz_srv/services_quiz_srv_s__rosidl_typesupport_introspection_c.cpython-310-x86_64-linux-gnu.so[0m
[100%] Built target services_quiz_srv__rosidl_typesupport_introspection_c__pyext
-- Install configuration: ""
-- Installing: /home/user/ros2_ws/install/services_quiz_srv/share/ament_index/resource_index/rosidl_interfaces/services_quiz_srv
-- Installing: /home/user/ros2_ws/install/services_quiz_srv/include/services_quiz_srv/services_quiz_srv
-- Installing: /home/user/ros2_ws/install/services_quiz_srv/include/services_quiz_srv/services_quiz_srv/srv
-- Installing: /home/user/ros2_ws/install/services_quiz_srv/include/services_quiz_srv/services_quiz_srv/srv/detail
-- Installing: /home/user/ros2_ws/install/services_quiz_srv/include/services_quiz_srv/services_quiz_srv/srv/detail/spin__functions.h
-- Installing: /home/user/ros2_ws/install/services_quiz_srv/include/services_quiz_srv/services_quiz_srv/srv/detail/spin__struct.h
-- Installing: /home/user/ros2_ws/install/services_quiz_srv/include/services_quiz_srv/services_quiz_srv/srv/detail/spin__functions.c
-- Installing: /home/user/ros2_ws/install/services_quiz_srv/include/services_quiz_srv/services_quiz_srv/srv/detail/spin__type_support.h
-- Installing: /home/user/ros2_ws/install/services_quiz_srv/include/services_quiz_srv/services_quiz_srv/srv/spin.h
-- Installing: /home/user/ros2_ws/install/services_quiz_srv/include/services_quiz_srv/services_quiz_srv/msg
-- Installing: /home/user/ros2_ws/install/services_quiz_srv/include/services_quiz_srv/services_quiz_srv/msg/rosidl_generator_c__visibility_control.h
-- Installing: /home/user/ros2_ws/install/services_quiz_srv/share/services_quiz_srv/environment/library_path.sh
-- Installing: /home/user/ros2_ws/install/services_quiz_srv/share/services_quiz_srv/environment/library_path.dsv
-- Installing: /home/user/ros2_ws/install/services_quiz_srv/lib/libservices_quiz_srv__rosidl_generator_c.so
-- Set runtime path of "/home/user/ros2_ws/install/services_quiz_srv/lib/libservices_quiz_srv__rosidl_generator_c.so" to ""
-- Up-to-date: /home/user/ros2_ws/install/services_quiz_srv/include/services_quiz_srv/services_quiz_srv
-- Up-to-date: /home/user/ros2_ws/install/services_quiz_srv/include/services_quiz_srv/services_quiz_srv/srv
-- Up-to-date: /home/user/ros2_ws/install/services_quiz_srv/include/services_quiz_srv/services_quiz_srv/srv/detail
-- Installing: /home/user/ros2_ws/install/services_quiz_srv/include/services_quiz_srv/services_quiz_srv/srv/detail/spin__rosidl_typesupport_fastrtps_c.h
-- Up-to-date: /home/user/ros2_ws/install/services_quiz_srv/include/services_quiz_srv/services_quiz_srv/msg
-- Installing: /home/user/ros2_ws/install/services_quiz_srv/include/services_quiz_srv/services_quiz_srv/msg/rosidl_typesupport_fastrtps_c__visibility_control.h
-- Installing: /home/user/ros2_ws/install/services_quiz_srv/lib/libservices_quiz_srv__rosidl_typesupport_fastrtps_c.so
-- Set runtime path of "/home/user/ros2_ws/install/services_quiz_srv/lib/libservices_quiz_srv__rosidl_typesupport_fastrtps_c.so" to ""
-- Up-to-date: /home/user/ros2_ws/install/services_quiz_srv/include/services_quiz_srv/services_quiz_srv
-- Up-to-date: /home/user/ros2_ws/install/services_quiz_srv/include/services_quiz_srv/services_quiz_srv/srv
-- Up-to-date: /home/user/ros2_ws/install/services_quiz_srv/include/services_quiz_srv/services_quiz_srv/srv/detail
-- Installing: /home/user/ros2_ws/install/services_quiz_srv/include/services_quiz_srv/services_quiz_srv/srv/detail/spin__rosidl_typesupport_introspection_c.h
-- Installing: /home/user/ros2_ws/install/services_quiz_srv/include/services_quiz_srv/services_quiz_srv/srv/detail/spin__type_support.c
-- Up-to-date: /home/user/ros2_ws/install/services_quiz_srv/include/services_quiz_srv/services_quiz_srv/msg
-- Installing: /home/user/ros2_ws/install/services_quiz_srv/include/services_quiz_srv/services_quiz_srv/msg/rosidl_typesupport_introspection_c__visibility_control.h
-- Installing: /home/user/ros2_ws/install/services_quiz_srv/lib/libservices_quiz_srv__rosidl_typesupport_introspection_c.so
-- Set runtime path of "/home/user/ros2_ws/install/services_quiz_srv/lib/libservices_quiz_srv__rosidl_typesupport_introspection_c.so" to ""
-- Installing: /home/user/ros2_ws/install/services_quiz_srv/lib/libservices_quiz_srv__rosidl_typesupport_c.so
-- Set runtime path of "/home/user/ros2_ws/install/services_quiz_srv/lib/libservices_quiz_srv__rosidl_typesupport_c.so" to ""
-- Up-to-date: /home/user/ros2_ws/install/services_quiz_srv/include/services_quiz_srv/services_quiz_srv
-- Up-to-date: /home/user/ros2_ws/install/services_quiz_srv/include/services_quiz_srv/services_quiz_srv/srv
-- Up-to-date: /home/user/ros2_ws/install/services_quiz_srv/include/services_quiz_srv/services_quiz_srv/srv/detail
-- Installing: /home/user/ros2_ws/install/services_quiz_srv/include/services_quiz_srv/services_quiz_srv/srv/detail/spin__traits.hpp
-- Installing: /home/user/ros2_ws/install/services_quiz_srv/include/services_quiz_srv/services_quiz_srv/srv/detail/spin__struct.hpp
-- Installing: /home/user/ros2_ws/install/services_quiz_srv/include/services_quiz_srv/services_quiz_srv/srv/detail/spin__builder.hpp
-- Installing: /home/user/ros2_ws/install/services_quiz_srv/include/services_quiz_srv/services_quiz_srv/srv/spin.hpp
-- Up-to-date: /home/user/ros2_ws/install/services_quiz_srv/include/services_quiz_srv/services_quiz_srv
-- Up-to-date: /home/user/ros2_ws/install/services_quiz_srv/include/services_quiz_srv/services_quiz_srv/srv
-- Up-to-date: /home/user/ros2_ws/install/services_quiz_srv/include/services_quiz_srv/services_quiz_srv/srv/detail
-- Installing: /home/user/ros2_ws/install/services_quiz_srv/include/services_quiz_srv/services_quiz_srv/srv/detail/spin__rosidl_typesupport_fastrtps_cpp.hpp
-- Installing: /home/user/ros2_ws/install/services_quiz_srv/include/services_quiz_srv/services_quiz_srv/srv/detail/dds_fastrtps
-- Up-to-date: /home/user/ros2_ws/install/services_quiz_srv/include/services_quiz_srv/services_quiz_srv/msg
-- Installing: /home/user/ros2_ws/install/services_quiz_srv/include/services_quiz_srv/services_quiz_srv/msg/rosidl_typesupport_fastrtps_cpp__visibility_control.h
-- Installing: /home/user/ros2_ws/install/services_quiz_srv/lib/libservices_quiz_srv__rosidl_typesupport_fastrtps_cpp.so
-- Set runtime path of "/home/user/ros2_ws/install/services_quiz_srv/lib/libservices_quiz_srv__rosidl_typesupport_fastrtps_cpp.so" to ""
-- Up-to-date: /home/user/ros2_ws/install/services_quiz_srv/include/services_quiz_srv/services_quiz_srv
-- Up-to-date: /home/user/ros2_ws/install/services_quiz_srv/include/services_quiz_srv/services_quiz_srv/srv
-- Up-to-date: /home/user/ros2_ws/install/services_quiz_srv/include/services_quiz_srv/services_quiz_srv/srv/detail
-- Installing: /home/user/ros2_ws/install/services_quiz_srv/include/services_quiz_srv/services_quiz_srv/srv/detail/spin__type_support.cpp
-- Installing: /home/user/ros2_ws/install/services_quiz_srv/include/services_quiz_srv/services_quiz_srv/srv/detail/spin__rosidl_typesupport_introspection_cpp.hpp
-- Installing: /home/user/ros2_ws/install/services_quiz_srv/lib/libservices_quiz_srv__rosidl_typesupport_introspection_cpp.so
-- Set runtime path of "/home/user/ros2_ws/install/services_quiz_srv/lib/libservices_quiz_srv__rosidl_typesupport_introspection_cpp.so" to ""
-- Installing: /home/user/ros2_ws/install/services_quiz_srv/lib/libservices_quiz_srv__rosidl_typesupport_cpp.so
-- Set runtime path of "/home/user/ros2_ws/install/services_quiz_srv/lib/libservices_quiz_srv__rosidl_typesupport_cpp.so" to ""
-- Installing: /home/user/ros2_ws/install/services_quiz_srv/share/services_quiz_srv/environment/pythonpath.sh
-- Installing: /home/user/ros2_ws/install/services_quiz_srv/share/services_quiz_srv/environment/pythonpath.dsv
-- Installing: /home/user/ros2_ws/install/services_quiz_srv/local/lib/python3.10/dist-packages/services_quiz_srv-0.0.0-py3.10.egg-info
-- Installing: /home/user/ros2_ws/install/services_quiz_srv/local/lib/python3.10/dist-packages/services_quiz_srv-0.0.0-py3.10.egg-info/PKG-INFO
-- Installing: /home/user/ros2_ws/install/services_quiz_srv/local/lib/python3.10/dist-packages/services_quiz_srv-0.0.0-py3.10.egg-info/top_level.txt
-- Installing: /home/user/ros2_ws/install/services_quiz_srv/local/lib/python3.10/dist-packages/services_quiz_srv-0.0.0-py3.10.egg-info/SOURCES.txt
-- Installing: /home/user/ros2_ws/install/services_quiz_srv/local/lib/python3.10/dist-packages/services_quiz_srv-0.0.0-py3.10.egg-info/dependency_links.txt
-- Installing: /home/user/ros2_ws/install/services_quiz_srv/local/lib/python3.10/dist-packages/services_quiz_srv
-- Installing: /home/user/ros2_ws/install/services_quiz_srv/local/lib/python3.10/dist-packages/services_quiz_srv/srv
-- Installing: /home/user/ros2_ws/install/services_quiz_srv/local/lib/python3.10/dist-packages/services_quiz_srv/srv/_spin.py
-- Installing: /home/user/ros2_ws/install/services_quiz_srv/local/lib/python3.10/dist-packages/services_quiz_srv/srv/__init__.py
-- Installing: /home/user/ros2_ws/install/services_quiz_srv/local/lib/python3.10/dist-packages/services_quiz_srv/srv/_spin_s.c
-- Installing: /home/user/ros2_ws/install/services_quiz_srv/local/lib/python3.10/dist-packages/services_quiz_srv/services_quiz_srv_s__rosidl_typesupport_fastrtps_c.cpython-310-x86_64-linux-gnu.so
-- Installing: /home/user/ros2_ws/install/services_quiz_srv/local/lib/python3.10/dist-packages/services_quiz_srv/__init__.py
-- Installing: /home/user/ros2_ws/install/services_quiz_srv/local/lib/python3.10/dist-packages/services_quiz_srv/services_quiz_srv_s__rosidl_typesupport_introspection_c.cpython-310-x86_64-linux-gnu.so
-- Installing: /home/user/ros2_ws/install/services_quiz_srv/local/lib/python3.10/dist-packages/services_quiz_srv/libservices_quiz_srv__rosidl_generator_py.so
-- Installing: /home/user/ros2_ws/install/services_quiz_srv/local/lib/python3.10/dist-packages/services_quiz_srv/_services_quiz_srv_s.ep.rosidl_typesupport_fastrtps_c.c
-- Installing: /home/user/ros2_ws/install/services_quiz_srv/local/lib/python3.10/dist-packages/services_quiz_srv/_services_quiz_srv_s.ep.rosidl_typesupport_c.c
-- Installing: /home/user/ros2_ws/install/services_quiz_srv/local/lib/python3.10/dist-packages/services_quiz_srv/_services_quiz_srv_s.ep.rosidl_typesupport_introspection_c.c
-- Installing: /home/user/ros2_ws/install/services_quiz_srv/local/lib/python3.10/dist-packages/services_quiz_srv/services_quiz_srv_s__rosidl_typesupport_c.cpython-310-x86_64-linux-gnu.so
Listing '/home/user/ros2_ws/install/services_quiz_srv/local/lib/python3.10/dist-packages/services_quiz_srv'...
Compiling '/home/user/ros2_ws/install/services_quiz_srv/local/lib/python3.10/dist-packages/services_quiz_srv/__init__.py'...
Listing '/home/user/ros2_ws/install/services_quiz_srv/local/lib/python3.10/dist-packages/services_quiz_srv/srv'...
Compiling '/home/user/ros2_ws/install/services_quiz_srv/local/lib/python3.10/dist-packages/services_quiz_srv/srv/__init__.py'...
Compiling '/home/user/ros2_ws/install/services_quiz_srv/local/lib/python3.10/dist-packages/services_quiz_srv/srv/_spin.py'...
-- Installing: /home/user/ros2_ws/install/services_quiz_srv/local/lib/python3.10/dist-packages/services_quiz_srv/services_quiz_srv_s__rosidl_typesupport_fastrtps_c.cpython-310-x86_64-linux-gnu.so
-- Set runtime path of "/home/user/ros2_ws/install/services_quiz_srv/local/lib/python3.10/dist-packages/services_quiz_srv/services_quiz_srv_s__rosidl_typesupport_fastrtps_c.cpython-310-x86_64-linux-gnu.so" to ""
-- Installing: /home/user/ros2_ws/install/services_quiz_srv/local/lib/python3.10/dist-packages/services_quiz_srv/services_quiz_srv_s__rosidl_typesupport_introspection_c.cpython-310-x86_64-linux-gnu.so
-- Set runtime path of "/home/user/ros2_ws/install/services_quiz_srv/local/lib/python3.10/dist-packages/services_quiz_srv/services_quiz_srv_s__rosidl_typesupport_introspection_c.cpython-310-x86_64-linux-gnu.so" to ""
-- Installing: /home/user/ros2_ws/install/services_quiz_srv/local/lib/python3.10/dist-packages/services_quiz_srv/services_quiz_srv_s__rosidl_typesupport_c.cpython-310-x86_64-linux-gnu.so
-- Set runtime path of "/home/user/ros2_ws/install/services_quiz_srv/local/lib/python3.10/dist-packages/services_quiz_srv/services_quiz_srv_s__rosidl_typesupport_c.cpython-310-x86_64-linux-gnu.so" to ""
-- Installing: /home/user/ros2_ws/install/services_quiz_srv/lib/libservices_quiz_srv__rosidl_generator_py.so
-- Set runtime path of "/home/user/ros2_ws/install/services_quiz_srv/lib/libservices_quiz_srv__rosidl_generator_py.so" to ""
-- Installing: /home/user/ros2_ws/install/services_quiz_srv/share/services_quiz_srv/srv/Spin.idl
-- Installing: /home/user/ros2_ws/install/services_quiz_srv/share/services_quiz_srv/srv/Spin.srv
-- Installing: /home/user/ros2_ws/install/services_quiz_srv/share/services_quiz_srv/srv/Spin_Request.msg
-- Installing: /home/user/ros2_ws/install/services_quiz_srv/share/services_quiz_srv/srv/Spin_Response.msg
-- Installing: /home/user/ros2_ws/install/services_quiz_srv/share/ament_index/resource_index/package_run_dependencies/services_quiz_srv
-- Installing: /home/user/ros2_ws/install/services_quiz_srv/share/ament_index/resource_index/parent_prefix_path/services_quiz_srv
-- Installing: /home/user/ros2_ws/install/services_quiz_srv/share/services_quiz_srv/environment/ament_prefix_path.sh
-- Installing: /home/user/ros2_ws/install/services_quiz_srv/share/services_quiz_srv/environment/ament_prefix_path.dsv
-- Installing: /home/user/ros2_ws/install/services_quiz_srv/share/services_quiz_srv/environment/path.sh
-- Installing: /home/user/ros2_ws/install/services_quiz_srv/share/services_quiz_srv/environment/path.dsv
-- Installing: /home/user/ros2_ws/install/services_quiz_srv/share/services_quiz_srv/local_setup.bash
-- Installing: /home/user/ros2_ws/install/services_quiz_srv/share/services_quiz_srv/local_setup.sh
-- Installing: /home/user/ros2_ws/install/services_quiz_srv/share/services_quiz_srv/local_setup.zsh
-- Installing: /home/user/ros2_ws/install/services_quiz_srv/share/services_quiz_srv/local_setup.dsv
-- Installing: /home/user/ros2_ws/install/services_quiz_srv/share/services_quiz_srv/package.dsv
-- Installing: /home/user/ros2_ws/install/services_quiz_srv/share/ament_index/resource_index/packages/services_quiz_srv
-- Installing: /home/user/ros2_ws/install/services_quiz_srv/share/services_quiz_srv/cmake/export_services_quiz_srv__rosidl_generator_cExport.cmake
-- Installing: /home/user/ros2_ws/install/services_quiz_srv/share/services_quiz_srv/cmake/export_services_quiz_srv__rosidl_generator_cExport-noconfig.cmake
-- Installing: /home/user/ros2_ws/install/services_quiz_srv/share/services_quiz_srv/cmake/export_services_quiz_srv__rosidl_typesupport_fastrtps_cExport.cmake
-- Installing: /home/user/ros2_ws/install/services_quiz_srv/share/services_quiz_srv/cmake/export_services_quiz_srv__rosidl_typesupport_fastrtps_cExport-noconfig.cmake
-- Installing: /home/user/ros2_ws/install/services_quiz_srv/share/services_quiz_srv/cmake/services_quiz_srv__rosidl_typesupport_introspection_cExport.cmake
-- Installing: /home/user/ros2_ws/install/services_quiz_srv/share/services_quiz_srv/cmake/services_quiz_srv__rosidl_typesupport_introspection_cExport-noconfig.cmake
-- Installing: /home/user/ros2_ws/install/services_quiz_srv/share/services_quiz_srv/cmake/services_quiz_srv__rosidl_typesupport_cExport.cmake
-- Installing: /home/user/ros2_ws/install/services_quiz_srv/share/services_quiz_srv/cmake/services_quiz_srv__rosidl_typesupport_cExport-noconfig.cmake
-- Installing: /home/user/ros2_ws/install/services_quiz_srv/share/services_quiz_srv/cmake/export_services_quiz_srv__rosidl_generator_cppExport.cmake
-- Installing: /home/user/ros2_ws/install/services_quiz_srv/share/services_quiz_srv/cmake/export_services_quiz_srv__rosidl_typesupport_fastrtps_cppExport.cmake
-- Installing: /home/user/ros2_ws/install/services_quiz_srv/share/services_quiz_srv/cmake/export_services_quiz_srv__rosidl_typesupport_fastrtps_cppExport-noconfig.cmake
-- Installing: /home/user/ros2_ws/install/services_quiz_srv/share/services_quiz_srv/cmake/services_quiz_srv__rosidl_typesupport_introspection_cppExport.cmake
-- Installing: /home/user/ros2_ws/install/services_quiz_srv/share/services_quiz_srv/cmake/services_quiz_srv__rosidl_typesupport_introspection_cppExport-noconfig.cmake
-- Installing: /home/user/ros2_ws/install/services_quiz_srv/share/services_quiz_srv/cmake/services_quiz_srv__rosidl_typesupport_cppExport.cmake
-- Installing: /home/user/ros2_ws/install/services_quiz_srv/share/services_quiz_srv/cmake/services_quiz_srv__rosidl_typesupport_cppExport-noconfig.cmake
-- Installing: /home/user/ros2_ws/install/services_quiz_srv/share/services_quiz_srv/cmake/export_services_quiz_srv__rosidl_generator_pyExport.cmake
-- Installing: /home/user/ros2_ws/install/services_quiz_srv/share/services_quiz_srv/cmake/export_services_quiz_srv__rosidl_generator_pyExport-noconfig.cmake
-- Installing: /home/user/ros2_ws/install/services_quiz_srv/share/services_quiz_srv/cmake/rosidl_cmake-extras.cmake
-- Installing: /home/user/ros2_ws/install/services_quiz_srv/share/services_quiz_srv/cmake/ament_cmake_export_include_directories-extras.cmake
-- Installing: /home/user/ros2_ws/install/services_quiz_srv/share/services_quiz_srv/cmake/ament_cmake_export_libraries-extras.cmake
-- Installing: /home/user/ros2_ws/install/services_quiz_srv/share/services_quiz_srv/cmake/ament_cmake_export_targets-extras.cmake
-- Installing: /home/user/ros2_ws/install/services_quiz_srv/share/services_quiz_srv/cmake/rosidl_cmake_export_typesupport_targets-extras.cmake
-- Installing: /home/user/ros2_ws/install/services_quiz_srv/share/services_quiz_srv/cmake/ament_cmake_export_dependencies-extras.cmake
-- Installing: /home/user/ros2_ws/install/services_quiz_srv/share/services_quiz_srv/cmake/rosidl_cmake_export_typesupport_libraries-extras.cmake
-- Installing: /home/user/ros2_ws/install/services_quiz_srv/share/services_quiz_srv/cmake/services_quiz_srvConfig.cmake
-- Installing: /home/user/ros2_ws/install/services_quiz_srv/share/services_quiz_srv/cmake/services_quiz_srvConfig-version.cmake
-- Installing: /home/user/ros2_ws/install/services_quiz_srv/share/services_quiz_srv/package.xml
