[0.099s] Invoking command in '/home/user/ros2_ws/build/topics_quiz': CMAKE_PREFIX_PATH=${CMAKE_PREFIX_PATH}:/home/simulations/ros2_sims_ws/install/turtlebot3_teleop:/home/simulations/ros2_sims_ws/install/turtlebot3_example:/home/simulations/ros2_sims_ws/install/services_pkg:/opt/ros/humble _=/usr/bin/env /usr/bin/cmake /home/user/ros2_ws/src/topics_quiz -DCMAKE_INSTALL_PREFIX=/home/user/ros2_ws/install/topics_quiz
[0.534s] -- The C compiler identification is GNU 11.2.0
[0.933s] -- The CXX compiler identification is GNU 11.2.0
[1.006s] -- Detecting C compiler ABI info
[1.331s] -- Detecting C compiler ABI info - done
[1.401s] -- Check for working C compiler: /usr/bin/cc - skipped
[1.402s] -- Detecting C compile features
[1.402s] -- Detecting C compile features - done
[1.408s] -- Detecting CXX compiler ABI info
[2.003s] -- Detecting CXX compiler ABI info - done
[2.023s] -- Check for working CXX compiler: /usr/bin/c++ - skipped
[2.024s] -- Detecting CXX compile features
[2.026s] -- Detecting CXX compile features - done
[2.095s] -- Found ament_cmake: 1.3.2 (/opt/ros/humble/share/ament_cmake/cmake)
[2.931s] -- Found Python3: /usr/bin/python3.10 (found version "3.10.6") found components: Interpreter 
[3.496s] -- Found rclcpp: 16.0.1 (/opt/ros/humble/share/rclcpp/cmake)
[3.914s] -- Found rosidl_generator_c: 3.1.3 (/opt/ros/humble/share/rosidl_generator_c/cmake)
[3.993s] -- Found rosidl_adapter: 3.1.3 (/opt/ros/humble/share/rosidl_adapter/cmake)
[4.019s] -- Found rosidl_generator_cpp: 3.1.3 (/opt/ros/humble/share/rosidl_generator_cpp/cmake)
[4.108s] -- Using all available rosidl_typesupport_c: rosidl_typesupport_fastrtps_c;rosidl_typesupport_introspection_c
[4.212s] -- Using all available rosidl_typesupport_cpp: rosidl_typesupport_fastrtps_cpp;rosidl_typesupport_introspection_cpp
[4.625s] -- Found rmw_implementation_cmake: 6.1.0 (/opt/ros/humble/share/rmw_implementation_cmake/cmake)
[4.634s] -- Found rmw_fastrtps_cpp: 6.2.1 (/opt/ros/humble/share/rmw_fastrtps_cpp/cmake)
[5.332s] -- Found OpenSSL: /usr/lib/x86_64-linux-gnu/libcrypto.so (found version "3.0.2")  
[5.510s] -- Found FastRTPS: /opt/ros/humble/include  
[5.816s] -- Using RMW implementation 'rmw_fastrtps_cpp' as default
[6.707s] -- Found sensor_msgs: 4.2.2 (/opt/ros/humble/share/sensor_msgs/cmake)
[7.315s] -- Found ament_lint_auto: 0.12.4 (/opt/ros/humble/share/ament_lint_auto/cmake)
[7.799s] -- Added test 'cppcheck' to perform static code analysis on C / C++ code
[7.799s] -- Configured cppcheck include dirs: 
[7.799s] -- Configured cppcheck exclude dirs and/or files: 
[7.800s] -- Added test 'flake8' to check Python code syntax and style conventions
[7.801s] -- Added test 'lint_cmake' to check CMake code style
[7.803s] -- Added test 'pep257' to check Python code against some of the docstring style conventions in PEP 257
[7.805s] -- Added test 'uncrustify' to check C / C++ code style
[7.805s] -- Configured uncrustify additional arguments: 
[7.806s] -- Added test 'xmllint' to check XML markup files
[7.808s] -- Configuring done
[7.826s] -- Generating done
[7.828s] -- Build files have been written to: /home/user/ros2_ws/build/topics_quiz
[7.913s] Invoked command in '/home/user/ros2_ws/build/topics_quiz' returned '0': CMAKE_PREFIX_PATH=${CMAKE_PREFIX_PATH}:/home/simulations/ros2_sims_ws/install/turtlebot3_teleop:/home/simulations/ros2_sims_ws/install/turtlebot3_example:/home/simulations/ros2_sims_ws/install/services_pkg:/opt/ros/humble _=/usr/bin/env /usr/bin/cmake /home/user/ros2_ws/src/topics_quiz -DCMAKE_INSTALL_PREFIX=/home/user/ros2_ws/install/topics_quiz
[7.920s] Invoking command in '/home/user/ros2_ws/build/topics_quiz': CMAKE_PREFIX_PATH=${CMAKE_PREFIX_PATH}:/home/simulations/ros2_sims_ws/install/turtlebot3_teleop:/home/simulations/ros2_sims_ws/install/turtlebot3_example:/home/simulations/ros2_sims_ws/install/services_pkg:/opt/ros/humble _=/usr/bin/env /usr/bin/cmake --build /home/user/ros2_ws/build/topics_quiz -- -j8 -l8
[8.235s] [ 50%] [32mBuilding CXX object CMakeFiles/topics_quiz_node.dir/src/topics_quiz.cpp.o[0m
[45.529s] [100%] [32m[1mLinking CXX executable topics_quiz_node[0m
[47.800s] [100%] Built target topics_quiz_node
[47.894s] Invoked command in '/home/user/ros2_ws/build/topics_quiz' returned '0': CMAKE_PREFIX_PATH=${CMAKE_PREFIX_PATH}:/home/simulations/ros2_sims_ws/install/turtlebot3_teleop:/home/simulations/ros2_sims_ws/install/turtlebot3_example:/home/simulations/ros2_sims_ws/install/services_pkg:/opt/ros/humble _=/usr/bin/env /usr/bin/cmake --build /home/user/ros2_ws/build/topics_quiz -- -j8 -l8
[48.716s] Invoking command in '/home/user/ros2_ws/build/topics_quiz': CMAKE_PREFIX_PATH=${CMAKE_PREFIX_PATH}:/home/simulations/ros2_sims_ws/install/turtlebot3_teleop:/home/simulations/ros2_sims_ws/install/turtlebot3_example:/home/simulations/ros2_sims_ws/install/services_pkg:/opt/ros/humble _=/usr/bin/env /usr/bin/cmake --install /home/user/ros2_ws/build/topics_quiz
[218.226s] -- Install configuration: ""
[218.227s] -- Installing: /home/user/ros2_ws/install/topics_quiz/lib/topics_quiz/topics_quiz_node
[218.227s] -- Set runtime path of "/home/user/ros2_ws/install/topics_quiz/lib/topics_quiz/topics_quiz_node" to ""
[218.227s] -- Installing: /home/user/ros2_ws/install/topics_quiz/share/topics_quiz//launch
[218.227s] -- Installing: /home/user/ros2_ws/install/topics_quiz/share/topics_quiz//launch/topics_quiz.launch.py
[218.227s] -- Installing: /home/user/ros2_ws/install/topics_quiz/share/ament_index/resource_index/package_run_dependencies/topics_quiz
[218.227s] -- Installing: /home/user/ros2_ws/install/topics_quiz/share/ament_index/resource_index/parent_prefix_path/topics_quiz
[218.227s] -- Installing: /home/user/ros2_ws/install/topics_quiz/share/topics_quiz/environment/ament_prefix_path.sh
[218.227s] -- Installing: /home/user/ros2_ws/install/topics_quiz/share/topics_quiz/environment/ament_prefix_path.dsv
[218.228s] -- Installing: /home/user/ros2_ws/install/topics_quiz/share/topics_quiz/environment/path.sh
[218.228s] -- Installing: /home/user/ros2_ws/install/topics_quiz/share/topics_quiz/environment/path.dsv
[218.228s] -- Installing: /home/user/ros2_ws/install/topics_quiz/share/topics_quiz/local_setup.bash
[218.228s] -- Installing: /home/user/ros2_ws/install/topics_quiz/share/topics_quiz/local_setup.sh
[218.228s] -- Installing: /home/user/ros2_ws/install/topics_quiz/share/topics_quiz/local_setup.zsh
[218.228s] -- Installing: /home/user/ros2_ws/install/topics_quiz/share/topics_quiz/local_setup.dsv
[218.228s] -- Installing: /home/user/ros2_ws/install/topics_quiz/share/topics_quiz/package.dsv
[218.228s] -- Installing: /home/user/ros2_ws/install/topics_quiz/share/ament_index/resource_index/packages/topics_quiz
[218.228s] -- Installing: /home/user/ros2_ws/install/topics_quiz/share/topics_quiz/cmake/topics_quizConfig.cmake
[218.228s] -- Installing: /home/user/ros2_ws/install/topics_quiz/share/topics_quiz/cmake/topics_quizConfig-version.cmake
[218.228s] -- Installing: /home/user/ros2_ws/install/topics_quiz/share/topics_quiz/package.xml
