[35m[1mConsolidate compiler generated dependencies of target action_server_node[0m
[100%] Built target action_server_node
-- Install configuration: ""
-- Installing: /home/user/ros2_ws/install/my_action_server/lib/my_action_server/action_server_node
-- Set runtime path of "/home/user/ros2_ws/install/my_action_server/lib/my_action_server/action_server_node" to ""
-- Installing: /home/user/ros2_ws/install/my_action_server/share/my_action_server//launch
-- Installing: /home/user/ros2_ws/install/my_action_server/share/my_action_server//launch/action_server.launch.py
-- Installing: /home/user/ros2_ws/install/my_action_server/share/ament_index/resource_index/package_run_dependencies/my_action_server
-- Installing: /home/user/ros2_ws/install/my_action_server/share/ament_index/resource_index/parent_prefix_path/my_action_server
-- Installing: /home/user/ros2_ws/install/my_action_server/share/my_action_server/environment/ament_prefix_path.sh
-- Installing: /home/user/ros2_ws/install/my_action_server/share/my_action_server/environment/ament_prefix_path.dsv
-- Installing: /home/user/ros2_ws/install/my_action_server/share/my_action_server/environment/path.sh
-- Installing: /home/user/ros2_ws/install/my_action_server/share/my_action_server/environment/path.dsv
-- Installing: /home/user/ros2_ws/install/my_action_server/share/my_action_server/local_setup.bash
-- Installing: /home/user/ros2_ws/install/my_action_server/share/my_action_server/local_setup.sh
-- Installing: /home/user/ros2_ws/install/my_action_server/share/my_action_server/local_setup.zsh
-- Installing: /home/user/ros2_ws/install/my_action_server/share/my_action_server/local_setup.dsv
-- Installing: /home/user/ros2_ws/install/my_action_server/share/my_action_server/package.dsv
-- Installing: /home/user/ros2_ws/install/my_action_server/share/ament_index/resource_index/packages/my_action_server
-- Installing: /home/user/ros2_ws/install/my_action_server/share/my_action_server/cmake/my_action_serverConfig.cmake
-- Installing: /home/user/ros2_ws/install/my_action_server/share/my_action_server/cmake/my_action_serverConfig-version.cmake
-- Installing: /home/user/ros2_ws/install/my_action_server/share/my_action_server/package.xml
