[0.119s] Invoking command in '/home/user/ros2_ws/build/client_pkg': CMAKE_PREFIX_PATH=${CMAKE_PREFIX_PATH}:/home/simulations/ros2_sims_ws/install/turtlebot3_teleop:/home/simulations/ros2_sims_ws/install/turtlebot3_example:/home/simulations/ros2_sims_ws/install/services_pkg:/opt/ros/humble _=/usr/bin/env /usr/bin/cmake --build /home/user/ros2_ws/build/client_pkg -- -j8 -l8
[0.297s] [35m[1mConsolidate compiler generated dependencies of target service_client_node[0m
[0.308s] [ 50%] Built target service_client_node
[0.389s] [35m[1mConsolidate compiler generated dependencies of target service_client_v2[0m
[0.425s] [100%] Built target service_client_v2
[0.487s] Invoked command in '/home/user/ros2_ws/build/client_pkg' returned '0': CMAKE_PREFIX_PATH=${CMAKE_PREFIX_PATH}:/home/simulations/ros2_sims_ws/install/turtlebot3_teleop:/home/simulations/ros2_sims_ws/install/turtlebot3_example:/home/simulations/ros2_sims_ws/install/services_pkg:/opt/ros/humble _=/usr/bin/env /usr/bin/cmake --build /home/user/ros2_ws/build/client_pkg -- -j8 -l8
[0.887s] Invoking command in '/home/user/ros2_ws/build/client_pkg': CMAKE_PREFIX_PATH=${CMAKE_PREFIX_PATH}:/home/simulations/ros2_sims_ws/install/turtlebot3_teleop:/home/simulations/ros2_sims_ws/install/turtlebot3_example:/home/simulations/ros2_sims_ws/install/services_pkg:/opt/ros/humble _=/usr/bin/env /usr/bin/cmake --install /home/user/ros2_ws/build/client_pkg
[0.919s] -- Install configuration: ""
[0.988s] -- Up-to-date: /home/user/ros2_ws/install/client_pkg/lib/client_pkg/service_client_node
[0.988s] -- Up-to-date: /home/user/ros2_ws/install/client_pkg/lib/client_pkg/service_client_v2
[0.988s] -- Up-to-date: /home/user/ros2_ws/install/client_pkg/share/client_pkg//launch
[0.988s] -- Up-to-date: /home/user/ros2_ws/install/client_pkg/share/client_pkg//launch/service_client_launch_file.launch.py
[0.989s] -- Up-to-date: /home/user/ros2_ws/install/client_pkg/share/client_pkg//launch/service_client_v2.launch.py
[0.989s] -- Up-to-date: /home/user/ros2_ws/install/client_pkg/share/ament_index/resource_index/package_run_dependencies/client_pkg
[0.989s] -- Up-to-date: /home/user/ros2_ws/install/client_pkg/share/ament_index/resource_index/parent_prefix_path/client_pkg
[0.989s] -- Up-to-date: /home/user/ros2_ws/install/client_pkg/share/client_pkg/environment/ament_prefix_path.sh
[0.989s] -- Up-to-date: /home/user/ros2_ws/install/client_pkg/share/client_pkg/environment/ament_prefix_path.dsv
[0.989s] -- Up-to-date: /home/user/ros2_ws/install/client_pkg/share/client_pkg/environment/path.sh
[0.990s] -- Up-to-date: /home/user/ros2_ws/install/client_pkg/share/client_pkg/environment/path.dsv
[0.990s] -- Up-to-date: /home/user/ros2_ws/install/client_pkg/share/client_pkg/local_setup.bash
[0.990s] -- Up-to-date: /home/user/ros2_ws/install/client_pkg/share/client_pkg/local_setup.sh
[0.990s] -- Up-to-date: /home/user/ros2_ws/install/client_pkg/share/client_pkg/local_setup.zsh
[0.990s] -- Up-to-date: /home/user/ros2_ws/install/client_pkg/share/client_pkg/local_setup.dsv
[0.990s] -- Installing: /home/user/ros2_ws/install/client_pkg/share/client_pkg/package.dsv
[1.001s] -- Up-to-date: /home/user/ros2_ws/install/client_pkg/share/ament_index/resource_index/packages/client_pkg
[1.001s] -- Up-to-date: /home/user/ros2_ws/install/client_pkg/share/client_pkg/cmake/client_pkgConfig.cmake
[1.001s] -- Up-to-date: /home/user/ros2_ws/install/client_pkg/share/client_pkg/cmake/client_pkgConfig-version.cmake
[1.001s] -- Up-to-date: /home/user/ros2_ws/install/client_pkg/share/client_pkg/package.xml
[1.001s] Invoked command in '/home/user/ros2_ws/build/client_pkg' returned '0': CMAKE_PREFIX_PATH=${CMAKE_PREFIX_PATH}:/home/simulations/ros2_sims_ws/install/turtlebot3_teleop:/home/simulations/ros2_sims_ws/install/turtlebot3_example:/home/simulations/ros2_sims_ws/install/services_pkg:/opt/ros/humble _=/usr/bin/env /usr/bin/cmake --install /home/user/ros2_ws/build/client_pkg
