[0.706s] DEBUG:colcon:Command line arguments: ['/usr/bin/colcon', 'build', '--packages-select', 'my_components']
[0.706s] DEBUG:colcon:Parsed command line arguments: Namespace(log_base=None, log_level=None, verb_name='build', build_base='build', install_base='install', merge_install=False, symlink_install=False, test_result_base=None, continue_on_error=False, executor='parallel', parallel_workers=8, event_handlers=None, ignore_user_meta=False, metas=['./colcon.meta'], base_paths=['.'], packages_ignore=None, packages_ignore_regex=None, paths=None, packages_up_to=None, packages_up_to_regex=None, packages_above=None, packages_above_and_dependencies=None, packages_above_depth=None, packages_select_by_dep=None, packages_skip_by_dep=None, packages_skip_up_to=None, packages_select_build_failed=False, packages_skip_build_finished=False, packages_select_test_failures=False, packages_skip_test_passed=False, packages_select=['my_components'], packages_skip=None, packages_select_regex=None, packages_skip_regex=None, packages_start=None, packages_end=None, allow_overriding=[], cmake_args=None, cmake_target=None, cmake_target_skip_unavailable=False, cmake_clean_cache=False, cmake_clean_first=False, cmake_force_configure=False, meson_args=[], ament_cmake_args=None, catkin_cmake_args=None, catkin_skip_building_tests=False, mixin_files=None, mixin=None, verb_parser=<colcon_alias.argument_parser.alias.AliasArgumentDecorator object at 0x7ff8a9034c70>, verb_extension=<colcon_core.verb.build.BuildVerb object at 0x7ff8a906dff0>, main=<bound method BuildVerb.main of <colcon_core.verb.build.BuildVerb object at 0x7ff8a906dff0>>, mixin_verb=('build',))
[0.738s] Level 1:colcon.colcon_core.package_discovery:discover_packages(colcon_meta) check parameters
[0.739s] Level 1:colcon.colcon_core.package_discovery:discover_packages(recursive) check parameters
[0.739s] Level 1:colcon.colcon_core.package_discovery:discover_packages(ignore) check parameters
[0.739s] Level 1:colcon.colcon_core.package_discovery:discover_packages(path) check parameters
[0.739s] Level 1:colcon.colcon_core.package_discovery:discover_packages(colcon_meta) discover
[0.739s] Level 1:colcon.colcon_core.package_discovery:discover_packages(recursive) discover
[0.739s] INFO:colcon.colcon_core.package_discovery:Crawling recursively for packages in '/home/user/ros2_ws'
[0.739s] Level 1:colcon.colcon_core.package_identification:_identify(.) by extensions ['ignore', 'ignore_ament_install']
[0.739s] Level 1:colcon.colcon_core.package_identification:_identify(.) by extension 'ignore'
[0.739s] Level 1:colcon.colcon_core.package_identification:_identify(.) by extension 'ignore_ament_install'
[0.740s] Level 1:colcon.colcon_core.package_identification:_identify(.) by extensions ['colcon_pkg']
[0.740s] Level 1:colcon.colcon_core.package_identification:_identify(.) by extension 'colcon_pkg'
[0.740s] Level 1:colcon.colcon_core.package_identification:_identify(.) by extensions ['colcon_meta']
[0.740s] Level 1:colcon.colcon_core.package_identification:_identify(.) by extension 'colcon_meta'
[0.740s] Level 1:colcon.colcon_core.package_identification:_identify(.) by extensions ['ros']
[0.740s] Level 1:colcon.colcon_core.package_identification:_identify(.) by extension 'ros'
[0.757s] Level 1:colcon.colcon_core.package_identification:_identify(.) by extensions ['cmake', 'meson', 'python']
[0.757s] Level 1:colcon.colcon_core.package_identification:_identify(.) by extension 'cmake'
[0.758s] Level 1:colcon.colcon_core.package_identification:_identify(.) by extension 'meson'
[0.758s] Level 1:colcon.colcon_core.package_identification:_identify(.) by extension 'python'
[0.758s] Level 1:colcon.colcon_core.package_identification:_identify(.) by extensions ['python_setup_py']
[0.758s] Level 1:colcon.colcon_core.package_identification:_identify(.) by extension 'python_setup_py'
[0.758s] Level 1:colcon.colcon_core.package_identification:_identify(build) by extensions ['ignore', 'ignore_ament_install']
[0.758s] Level 1:colcon.colcon_core.package_identification:_identify(build) by extension 'ignore'
[0.758s] Level 1:colcon.colcon_core.package_identification:_identify(build) ignored
[0.758s] Level 1:colcon.colcon_core.package_identification:_identify(install) by extensions ['ignore', 'ignore_ament_install']
[0.758s] Level 1:colcon.colcon_core.package_identification:_identify(install) by extension 'ignore'
[0.759s] Level 1:colcon.colcon_core.package_identification:_identify(install) ignored
[0.759s] Level 1:colcon.colcon_core.package_identification:_identify(log) by extensions ['ignore', 'ignore_ament_install']
[0.759s] Level 1:colcon.colcon_core.package_identification:_identify(log) by extension 'ignore'
[0.759s] Level 1:colcon.colcon_core.package_identification:_identify(log) ignored
[0.759s] Level 1:colcon.colcon_core.package_identification:_identify(src) by extensions ['ignore', 'ignore_ament_install']
[0.759s] Level 1:colcon.colcon_core.package_identification:_identify(src) by extension 'ignore'
[0.759s] Level 1:colcon.colcon_core.package_identification:_identify(src) by extension 'ignore_ament_install'
[0.759s] Level 1:colcon.colcon_core.package_identification:_identify(src) by extensions ['colcon_pkg']
[0.759s] Level 1:colcon.colcon_core.package_identification:_identify(src) by extension 'colcon_pkg'
[0.759s] Level 1:colcon.colcon_core.package_identification:_identify(src) by extensions ['colcon_meta']
[0.759s] Level 1:colcon.colcon_core.package_identification:_identify(src) by extension 'colcon_meta'
[0.759s] Level 1:colcon.colcon_core.package_identification:_identify(src) by extensions ['ros']
[0.759s] Level 1:colcon.colcon_core.package_identification:_identify(src) by extension 'ros'
[0.760s] Level 1:colcon.colcon_core.package_identification:_identify(src) by extensions ['cmake', 'meson', 'python']
[0.760s] Level 1:colcon.colcon_core.package_identification:_identify(src) by extension 'cmake'
[0.760s] Level 1:colcon.colcon_core.package_identification:_identify(src) by extension 'meson'
[0.760s] Level 1:colcon.colcon_core.package_identification:_identify(src) by extension 'python'
[0.760s] Level 1:colcon.colcon_core.package_identification:_identify(src) by extensions ['python_setup_py']
[0.760s] Level 1:colcon.colcon_core.package_identification:_identify(src) by extension 'python_setup_py'
[0.760s] Level 1:colcon.colcon_core.package_identification:_identify(src/actions_quiz) by extensions ['ignore', 'ignore_ament_install']
[0.760s] Level 1:colcon.colcon_core.package_identification:_identify(src/actions_quiz) by extension 'ignore'
[0.760s] Level 1:colcon.colcon_core.package_identification:_identify(src/actions_quiz) by extension 'ignore_ament_install'
[0.760s] Level 1:colcon.colcon_core.package_identification:_identify(src/actions_quiz) by extensions ['colcon_pkg']
[0.760s] Level 1:colcon.colcon_core.package_identification:_identify(src/actions_quiz) by extension 'colcon_pkg'
[0.760s] Level 1:colcon.colcon_core.package_identification:_identify(src/actions_quiz) by extensions ['colcon_meta']
[0.760s] Level 1:colcon.colcon_core.package_identification:_identify(src/actions_quiz) by extension 'colcon_meta'
[0.761s] Level 1:colcon.colcon_core.package_identification:_identify(src/actions_quiz) by extensions ['ros']
[0.761s] Level 1:colcon.colcon_core.package_identification:_identify(src/actions_quiz) by extension 'ros'
[0.765s] DEBUG:colcon.colcon_core.package_identification:Package 'src/actions_quiz' with type 'ros.ament_cmake' and name 'actions_quiz'
[0.765s] Level 1:colcon.colcon_core.package_identification:_identify(src/actions_quiz_msg) by extensions ['ignore', 'ignore_ament_install']
[0.765s] Level 1:colcon.colcon_core.package_identification:_identify(src/actions_quiz_msg) by extension 'ignore'
[0.765s] Level 1:colcon.colcon_core.package_identification:_identify(src/actions_quiz_msg) by extension 'ignore_ament_install'
[0.765s] Level 1:colcon.colcon_core.package_identification:_identify(src/actions_quiz_msg) by extensions ['colcon_pkg']
[0.765s] Level 1:colcon.colcon_core.package_identification:_identify(src/actions_quiz_msg) by extension 'colcon_pkg'
[0.765s] Level 1:colcon.colcon_core.package_identification:_identify(src/actions_quiz_msg) by extensions ['colcon_meta']
[0.765s] Level 1:colcon.colcon_core.package_identification:_identify(src/actions_quiz_msg) by extension 'colcon_meta'
[0.765s] Level 1:colcon.colcon_core.package_identification:_identify(src/actions_quiz_msg) by extensions ['ros']
[0.765s] Level 1:colcon.colcon_core.package_identification:_identify(src/actions_quiz_msg) by extension 'ros'
[0.766s] DEBUG:colcon.colcon_core.package_identification:Package 'src/actions_quiz_msg' with type 'ros.ament_cmake' and name 'actions_quiz_msg'
[0.766s] Level 1:colcon.colcon_core.package_identification:_identify(src/client_pkg) by extensions ['ignore', 'ignore_ament_install']
[0.766s] Level 1:colcon.colcon_core.package_identification:_identify(src/client_pkg) by extension 'ignore'
[0.767s] Level 1:colcon.colcon_core.package_identification:_identify(src/client_pkg) by extension 'ignore_ament_install'
[0.767s] Level 1:colcon.colcon_core.package_identification:_identify(src/client_pkg) by extensions ['colcon_pkg']
[0.767s] Level 1:colcon.colcon_core.package_identification:_identify(src/client_pkg) by extension 'colcon_pkg'
[0.767s] Level 1:colcon.colcon_core.package_identification:_identify(src/client_pkg) by extensions ['colcon_meta']
[0.767s] Level 1:colcon.colcon_core.package_identification:_identify(src/client_pkg) by extension 'colcon_meta'
[0.767s] Level 1:colcon.colcon_core.package_identification:_identify(src/client_pkg) by extensions ['ros']
[0.767s] Level 1:colcon.colcon_core.package_identification:_identify(src/client_pkg) by extension 'ros'
[0.768s] DEBUG:colcon.colcon_core.package_identification:Package 'src/client_pkg' with type 'ros.ament_cmake' and name 'client_pkg'
[0.768s] Level 1:colcon.colcon_core.package_identification:_identify(src/custom_interfaces) by extensions ['ignore', 'ignore_ament_install']
[0.768s] Level 1:colcon.colcon_core.package_identification:_identify(src/custom_interfaces) by extension 'ignore'
[0.768s] Level 1:colcon.colcon_core.package_identification:_identify(src/custom_interfaces) by extension 'ignore_ament_install'
[0.768s] Level 1:colcon.colcon_core.package_identification:_identify(src/custom_interfaces) by extensions ['colcon_pkg']
[0.768s] Level 1:colcon.colcon_core.package_identification:_identify(src/custom_interfaces) by extension 'colcon_pkg'
[0.768s] Level 1:colcon.colcon_core.package_identification:_identify(src/custom_interfaces) by extensions ['colcon_meta']
[0.768s] Level 1:colcon.colcon_core.package_identification:_identify(src/custom_interfaces) by extension 'colcon_meta'
[0.769s] Level 1:colcon.colcon_core.package_identification:_identify(src/custom_interfaces) by extensions ['ros']
[0.769s] Level 1:colcon.colcon_core.package_identification:_identify(src/custom_interfaces) by extension 'ros'
[0.770s] DEBUG:colcon.colcon_core.package_identification:Package 'src/custom_interfaces' with type 'ros.ament_cmake' and name 'custom_interfaces'
[0.770s] Level 1:colcon.colcon_core.package_identification:_identify(src/executors_exercises_pkg) by extensions ['ignore', 'ignore_ament_install']
[0.770s] Level 1:colcon.colcon_core.package_identification:_identify(src/executors_exercises_pkg) by extension 'ignore'
[0.770s] Level 1:colcon.colcon_core.package_identification:_identify(src/executors_exercises_pkg) by extension 'ignore_ament_install'
[0.770s] Level 1:colcon.colcon_core.package_identification:_identify(src/executors_exercises_pkg) by extensions ['colcon_pkg']
[0.770s] Level 1:colcon.colcon_core.package_identification:_identify(src/executors_exercises_pkg) by extension 'colcon_pkg'
[0.770s] Level 1:colcon.colcon_core.package_identification:_identify(src/executors_exercises_pkg) by extensions ['colcon_meta']
[0.770s] Level 1:colcon.colcon_core.package_identification:_identify(src/executors_exercises_pkg) by extension 'colcon_meta'
[0.771s] Level 1:colcon.colcon_core.package_identification:_identify(src/executors_exercises_pkg) by extensions ['ros']
[0.771s] Level 1:colcon.colcon_core.package_identification:_identify(src/executors_exercises_pkg) by extension 'ros'
[0.772s] DEBUG:colcon.colcon_core.package_identification:Package 'src/executors_exercises_pkg' with type 'ros.ament_cmake' and name 'executors_exercises_pkg'
[0.772s] Level 1:colcon.colcon_core.package_identification:_identify(src/exercise52_pkg) by extensions ['ignore', 'ignore_ament_install']
[0.772s] Level 1:colcon.colcon_core.package_identification:_identify(src/exercise52_pkg) by extension 'ignore'
[0.772s] Level 1:colcon.colcon_core.package_identification:_identify(src/exercise52_pkg) by extension 'ignore_ament_install'
[0.772s] Level 1:colcon.colcon_core.package_identification:_identify(src/exercise52_pkg) by extensions ['colcon_pkg']
[0.772s] Level 1:colcon.colcon_core.package_identification:_identify(src/exercise52_pkg) by extension 'colcon_pkg'
[0.772s] Level 1:colcon.colcon_core.package_identification:_identify(src/exercise52_pkg) by extensions ['colcon_meta']
[0.772s] Level 1:colcon.colcon_core.package_identification:_identify(src/exercise52_pkg) by extension 'colcon_meta'
[0.772s] Level 1:colcon.colcon_core.package_identification:_identify(src/exercise52_pkg) by extensions ['ros']
[0.772s] Level 1:colcon.colcon_core.package_identification:_identify(src/exercise52_pkg) by extension 'ros'
[0.773s] DEBUG:colcon.colcon_core.package_identification:Package 'src/exercise52_pkg' with type 'ros.ament_cmake' and name 'exercise52_pkg'
[0.774s] Level 1:colcon.colcon_core.package_identification:_identify(src/logs_test) by extensions ['ignore', 'ignore_ament_install']
[0.774s] Level 1:colcon.colcon_core.package_identification:_identify(src/logs_test) by extension 'ignore'
[0.774s] Level 1:colcon.colcon_core.package_identification:_identify(src/logs_test) by extension 'ignore_ament_install'
[0.774s] Level 1:colcon.colcon_core.package_identification:_identify(src/logs_test) by extensions ['colcon_pkg']
[0.774s] Level 1:colcon.colcon_core.package_identification:_identify(src/logs_test) by extension 'colcon_pkg'
[0.774s] Level 1:colcon.colcon_core.package_identification:_identify(src/logs_test) by extensions ['colcon_meta']
[0.774s] Level 1:colcon.colcon_core.package_identification:_identify(src/logs_test) by extension 'colcon_meta'
[0.774s] Level 1:colcon.colcon_core.package_identification:_identify(src/logs_test) by extensions ['ros']
[0.774s] Level 1:colcon.colcon_core.package_identification:_identify(src/logs_test) by extension 'ros'
[0.775s] DEBUG:colcon.colcon_core.package_identification:Package 'src/logs_test' with type 'ros.ament_cmake' and name 'logs_test'
[0.775s] Level 1:colcon.colcon_core.package_identification:_identify(src/movement_pkg) by extensions ['ignore', 'ignore_ament_install']
[0.775s] Level 1:colcon.colcon_core.package_identification:_identify(src/movement_pkg) by extension 'ignore'
[0.775s] Level 1:colcon.colcon_core.package_identification:_identify(src/movement_pkg) by extension 'ignore_ament_install'
[0.775s] Level 1:colcon.colcon_core.package_identification:_identify(src/movement_pkg) by extensions ['colcon_pkg']
[0.775s] Level 1:colcon.colcon_core.package_identification:_identify(src/movement_pkg) by extension 'colcon_pkg'
[0.775s] Level 1:colcon.colcon_core.package_identification:_identify(src/movement_pkg) by extensions ['colcon_meta']
[0.775s] Level 1:colcon.colcon_core.package_identification:_identify(src/movement_pkg) by extension 'colcon_meta'
[0.775s] Level 1:colcon.colcon_core.package_identification:_identify(src/movement_pkg) by extensions ['ros']
[0.775s] Level 1:colcon.colcon_core.package_identification:_identify(src/movement_pkg) by extension 'ros'
[0.776s] DEBUG:colcon.colcon_core.package_identification:Package 'src/movement_pkg' with type 'ros.ament_cmake' and name 'movement_pkg'
[0.777s] Level 1:colcon.colcon_core.package_identification:_identify(src/my_action_client) by extensions ['ignore', 'ignore_ament_install']
[0.777s] Level 1:colcon.colcon_core.package_identification:_identify(src/my_action_client) by extension 'ignore'
[0.777s] Level 1:colcon.colcon_core.package_identification:_identify(src/my_action_client) by extension 'ignore_ament_install'
[0.777s] Level 1:colcon.colcon_core.package_identification:_identify(src/my_action_client) by extensions ['colcon_pkg']
[0.777s] Level 1:colcon.colcon_core.package_identification:_identify(src/my_action_client) by extension 'colcon_pkg'
[0.777s] Level 1:colcon.colcon_core.package_identification:_identify(src/my_action_client) by extensions ['colcon_meta']
[0.777s] Level 1:colcon.colcon_core.package_identification:_identify(src/my_action_client) by extension 'colcon_meta'
[0.777s] Level 1:colcon.colcon_core.package_identification:_identify(src/my_action_client) by extensions ['ros']
[0.777s] Level 1:colcon.colcon_core.package_identification:_identify(src/my_action_client) by extension 'ros'
[0.778s] DEBUG:colcon.colcon_core.package_identification:Package 'src/my_action_client' with type 'ros.ament_cmake' and name 'my_action_client'
[0.778s] Level 1:colcon.colcon_core.package_identification:_identify(src/my_action_server) by extensions ['ignore', 'ignore_ament_install']
[0.778s] Level 1:colcon.colcon_core.package_identification:_identify(src/my_action_server) by extension 'ignore'
[0.778s] Level 1:colcon.colcon_core.package_identification:_identify(src/my_action_server) by extension 'ignore_ament_install'
[0.778s] Level 1:colcon.colcon_core.package_identification:_identify(src/my_action_server) by extensions ['colcon_pkg']
[0.778s] Level 1:colcon.colcon_core.package_identification:_identify(src/my_action_server) by extension 'colcon_pkg'
[0.778s] Level 1:colcon.colcon_core.package_identification:_identify(src/my_action_server) by extensions ['colcon_meta']
[0.779s] Level 1:colcon.colcon_core.package_identification:_identify(src/my_action_server) by extension 'colcon_meta'
[0.779s] Level 1:colcon.colcon_core.package_identification:_identify(src/my_action_server) by extensions ['ros']
[0.779s] Level 1:colcon.colcon_core.package_identification:_identify(src/my_action_server) by extension 'ros'
[0.780s] DEBUG:colcon.colcon_core.package_identification:Package 'src/my_action_server' with type 'ros.ament_cmake' and name 'my_action_server'
[0.780s] Level 1:colcon.colcon_core.package_identification:_identify(src/my_components) by extensions ['ignore', 'ignore_ament_install']
[0.780s] Level 1:colcon.colcon_core.package_identification:_identify(src/my_components) by extension 'ignore'
[0.780s] Level 1:colcon.colcon_core.package_identification:_identify(src/my_components) by extension 'ignore_ament_install'
[0.780s] Level 1:colcon.colcon_core.package_identification:_identify(src/my_components) by extensions ['colcon_pkg']
[0.780s] Level 1:colcon.colcon_core.package_identification:_identify(src/my_components) by extension 'colcon_pkg'
[0.781s] Level 1:colcon.colcon_core.package_identification:_identify(src/my_components) by extensions ['colcon_meta']
[0.781s] Level 1:colcon.colcon_core.package_identification:_identify(src/my_components) by extension 'colcon_meta'
[0.781s] Level 1:colcon.colcon_core.package_identification:_identify(src/my_components) by extensions ['ros']
[0.781s] Level 1:colcon.colcon_core.package_identification:_identify(src/my_components) by extension 'ros'
[0.782s] DEBUG:colcon.colcon_core.package_identification:Package 'src/my_components' with type 'ros.ament_cmake' and name 'my_components'
[0.782s] Level 1:colcon.colcon_core.package_identification:_identify(src/my_package) by extensions ['ignore', 'ignore_ament_install']
[0.782s] Level 1:colcon.colcon_core.package_identification:_identify(src/my_package) by extension 'ignore'
[0.782s] Level 1:colcon.colcon_core.package_identification:_identify(src/my_package) by extension 'ignore_ament_install'
[0.782s] Level 1:colcon.colcon_core.package_identification:_identify(src/my_package) by extensions ['colcon_pkg']
[0.782s] Level 1:colcon.colcon_core.package_identification:_identify(src/my_package) by extension 'colcon_pkg'
[0.782s] Level 1:colcon.colcon_core.package_identification:_identify(src/my_package) by extensions ['colcon_meta']
[0.782s] Level 1:colcon.colcon_core.package_identification:_identify(src/my_package) by extension 'colcon_meta'
[0.783s] Level 1:colcon.colcon_core.package_identification:_identify(src/my_package) by extensions ['ros']
[0.783s] Level 1:colcon.colcon_core.package_identification:_identify(src/my_package) by extension 'ros'
[0.783s] DEBUG:colcon.colcon_core.package_identification:Package 'src/my_package' with type 'ros.ament_cmake' and name 'my_package'
[0.784s] Level 1:colcon.colcon_core.package_identification:_identify(src/services_quiz) by extensions ['ignore', 'ignore_ament_install']
[0.784s] Level 1:colcon.colcon_core.package_identification:_identify(src/services_quiz) by extension 'ignore'
[0.784s] Level 1:colcon.colcon_core.package_identification:_identify(src/services_quiz) by extension 'ignore_ament_install'
[0.784s] Level 1:colcon.colcon_core.package_identification:_identify(src/services_quiz) by extensions ['colcon_pkg']
[0.784s] Level 1:colcon.colcon_core.package_identification:_identify(src/services_quiz) by extension 'colcon_pkg'
[0.784s] Level 1:colcon.colcon_core.package_identification:_identify(src/services_quiz) by extensions ['colcon_meta']
[0.784s] Level 1:colcon.colcon_core.package_identification:_identify(src/services_quiz) by extension 'colcon_meta'
[0.784s] Level 1:colcon.colcon_core.package_identification:_identify(src/services_quiz) by extensions ['ros']
[0.784s] Level 1:colcon.colcon_core.package_identification:_identify(src/services_quiz) by extension 'ros'
[0.785s] DEBUG:colcon.colcon_core.package_identification:Package 'src/services_quiz' with type 'ros.ament_cmake' and name 'services_quiz'
[0.785s] Level 1:colcon.colcon_core.package_identification:_identify(src/services_quiz_srv) by extensions ['ignore', 'ignore_ament_install']
[0.785s] Level 1:colcon.colcon_core.package_identification:_identify(src/services_quiz_srv) by extension 'ignore'
[0.785s] Level 1:colcon.colcon_core.package_identification:_identify(src/services_quiz_srv) by extension 'ignore_ament_install'
[0.786s] Level 1:colcon.colcon_core.package_identification:_identify(src/services_quiz_srv) by extensions ['colcon_pkg']
[0.786s] Level 1:colcon.colcon_core.package_identification:_identify(src/services_quiz_srv) by extension 'colcon_pkg'
[0.786s] Level 1:colcon.colcon_core.package_identification:_identify(src/services_quiz_srv) by extensions ['colcon_meta']
[0.786s] Level 1:colcon.colcon_core.package_identification:_identify(src/services_quiz_srv) by extension 'colcon_meta'
[0.786s] Level 1:colcon.colcon_core.package_identification:_identify(src/services_quiz_srv) by extensions ['ros']
[0.786s] Level 1:colcon.colcon_core.package_identification:_identify(src/services_quiz_srv) by extension 'ros'
[0.787s] DEBUG:colcon.colcon_core.package_identification:Package 'src/services_quiz_srv' with type 'ros.ament_cmake' and name 'services_quiz_srv'
[0.787s] Level 1:colcon.colcon_core.package_identification:_identify(src/topic_publisher_pkg) by extensions ['ignore', 'ignore_ament_install']
[0.787s] Level 1:colcon.colcon_core.package_identification:_identify(src/topic_publisher_pkg) by extension 'ignore'
[0.787s] Level 1:colcon.colcon_core.package_identification:_identify(src/topic_publisher_pkg) by extension 'ignore_ament_install'
[0.787s] Level 1:colcon.colcon_core.package_identification:_identify(src/topic_publisher_pkg) by extensions ['colcon_pkg']
[0.787s] Level 1:colcon.colcon_core.package_identification:_identify(src/topic_publisher_pkg) by extension 'colcon_pkg'
[0.787s] Level 1:colcon.colcon_core.package_identification:_identify(src/topic_publisher_pkg) by extensions ['colcon_meta']
[0.787s] Level 1:colcon.colcon_core.package_identification:_identify(src/topic_publisher_pkg) by extension 'colcon_meta'
[0.787s] Level 1:colcon.colcon_core.package_identification:_identify(src/topic_publisher_pkg) by extensions ['ros']
[0.787s] Level 1:colcon.colcon_core.package_identification:_identify(src/topic_publisher_pkg) by extension 'ros'
[0.788s] DEBUG:colcon.colcon_core.package_identification:Package 'src/topic_publisher_pkg' with type 'ros.ament_cmake' and name 'topic_publisher_pkg'
[0.789s] Level 1:colcon.colcon_core.package_identification:_identify(src/topic_subscriber_pkg) by extensions ['ignore', 'ignore_ament_install']
[0.789s] Level 1:colcon.colcon_core.package_identification:_identify(src/topic_subscriber_pkg) by extension 'ignore'
[0.789s] Level 1:colcon.colcon_core.package_identification:_identify(src/topic_subscriber_pkg) by extension 'ignore_ament_install'
[0.789s] Level 1:colcon.colcon_core.package_identification:_identify(src/topic_subscriber_pkg) by extensions ['colcon_pkg']
[0.789s] Level 1:colcon.colcon_core.package_identification:_identify(src/topic_subscriber_pkg) by extension 'colcon_pkg'
[0.789s] Level 1:colcon.colcon_core.package_identification:_identify(src/topic_subscriber_pkg) by extensions ['colcon_meta']
[0.789s] Level 1:colcon.colcon_core.package_identification:_identify(src/topic_subscriber_pkg) by extension 'colcon_meta'
[0.789s] Level 1:colcon.colcon_core.package_identification:_identify(src/topic_subscriber_pkg) by extensions ['ros']
[0.789s] Level 1:colcon.colcon_core.package_identification:_identify(src/topic_subscriber_pkg) by extension 'ros'
[0.790s] DEBUG:colcon.colcon_core.package_identification:Package 'src/topic_subscriber_pkg' with type 'ros.ament_cmake' and name 'topic_subscriber_pkg'
[0.790s] Level 1:colcon.colcon_core.package_identification:_identify(src/topics_quiz) by extensions ['ignore', 'ignore_ament_install']
[0.791s] Level 1:colcon.colcon_core.package_identification:_identify(src/topics_quiz) by extension 'ignore'
[0.791s] Level 1:colcon.colcon_core.package_identification:_identify(src/topics_quiz) by extension 'ignore_ament_install'
[0.791s] Level 1:colcon.colcon_core.package_identification:_identify(src/topics_quiz) by extensions ['colcon_pkg']
[0.791s] Level 1:colcon.colcon_core.package_identification:_identify(src/topics_quiz) by extension 'colcon_pkg'
[0.791s] Level 1:colcon.colcon_core.package_identification:_identify(src/topics_quiz) by extensions ['colcon_meta']
[0.791s] Level 1:colcon.colcon_core.package_identification:_identify(src/topics_quiz) by extension 'colcon_meta'
[0.791s] Level 1:colcon.colcon_core.package_identification:_identify(src/topics_quiz) by extensions ['ros']
[0.791s] Level 1:colcon.colcon_core.package_identification:_identify(src/topics_quiz) by extension 'ros'
[0.792s] DEBUG:colcon.colcon_core.package_identification:Package 'src/topics_quiz' with type 'ros.ament_cmake' and name 'topics_quiz'
[0.792s] Level 1:colcon.colcon_core.package_discovery:discover_packages(recursive) using defaults
[0.792s] Level 1:colcon.colcon_core.package_discovery:discover_packages(ignore) discover
[0.792s] Level 1:colcon.colcon_core.package_discovery:discover_packages(ignore) using defaults
[0.792s] Level 1:colcon.colcon_core.package_discovery:discover_packages(path) discover
[0.792s] Level 1:colcon.colcon_core.package_discovery:discover_packages(path) using defaults
[0.823s] INFO:colcon.colcon_core.package_selection:Skipping not selected package 'actions_quiz_msg' in 'src/actions_quiz_msg'
[0.823s] INFO:colcon.colcon_core.package_selection:Skipping not selected package 'client_pkg' in 'src/client_pkg'
[0.823s] INFO:colcon.colcon_core.package_selection:Skipping not selected package 'custom_interfaces' in 'src/custom_interfaces'
[0.823s] INFO:colcon.colcon_core.package_selection:Skipping not selected package 'executors_exercises_pkg' in 'src/executors_exercises_pkg'
[0.823s] INFO:colcon.colcon_core.package_selection:Skipping not selected package 'exercise52_pkg' in 'src/exercise52_pkg'
[0.823s] INFO:colcon.colcon_core.package_selection:Skipping not selected package 'logs_test' in 'src/logs_test'
[0.823s] INFO:colcon.colcon_core.package_selection:Skipping not selected package 'my_package' in 'src/my_package'
[0.823s] INFO:colcon.colcon_core.package_selection:Skipping not selected package 'services_quiz_srv' in 'src/services_quiz_srv'
[0.823s] INFO:colcon.colcon_core.package_selection:Skipping not selected package 'topic_subscriber_pkg' in 'src/topic_subscriber_pkg'
[0.823s] INFO:colcon.colcon_core.package_selection:Skipping not selected package 'topics_quiz' in 'src/topics_quiz'
[0.823s] INFO:colcon.colcon_core.package_selection:Skipping not selected package 'actions_quiz' in 'src/actions_quiz'
[0.824s] INFO:colcon.colcon_core.package_selection:Skipping not selected package 'movement_pkg' in 'src/movement_pkg'
[0.824s] INFO:colcon.colcon_core.package_selection:Skipping not selected package 'my_action_client' in 'src/my_action_client'
[0.824s] INFO:colcon.colcon_core.package_selection:Skipping not selected package 'my_action_server' in 'src/my_action_server'
[0.824s] INFO:colcon.colcon_core.package_selection:Skipping not selected package 'services_quiz' in 'src/services_quiz'
[0.824s] INFO:colcon.colcon_core.package_selection:Skipping not selected package 'topic_publisher_pkg' in 'src/topic_publisher_pkg'
[0.825s] Level 1:colcon.colcon_core.package_discovery:discover_packages(prefix_path) check parameters
[0.825s] Level 1:colcon.colcon_core.package_discovery:discover_packages(prefix_path) discover
[0.831s] DEBUG:colcon.colcon_installed_package_information.package_discovery:Found 14 installed packages in /home/simulations/ros2_sims_ws/install
[0.833s] DEBUG:colcon.colcon_installed_package_information.package_discovery:Found 17 installed packages in /home/user/ros2_ws/install
[0.837s] DEBUG:colcon.colcon_installed_package_information.package_discovery:Found 417 installed packages in /opt/ros/humble
[0.840s] Level 1:colcon.colcon_core.package_discovery:discover_packages(prefix_path) using defaults
[0.983s] Level 5:colcon.colcon_core.verb:set package 'my_components' build argument 'cmake_args' from command line to 'None'
[0.984s] Level 5:colcon.colcon_core.verb:set package 'my_components' build argument 'cmake_target' from command line to 'None'
[0.984s] Level 5:colcon.colcon_core.verb:set package 'my_components' build argument 'cmake_target_skip_unavailable' from command line to 'False'
[0.984s] Level 5:colcon.colcon_core.verb:set package 'my_components' build argument 'cmake_clean_cache' from command line to 'False'
[0.984s] Level 5:colcon.colcon_core.verb:set package 'my_components' build argument 'cmake_clean_first' from command line to 'False'
[0.984s] Level 5:colcon.colcon_core.verb:set package 'my_components' build argument 'cmake_force_configure' from command line to 'False'
[0.984s] Level 5:colcon.colcon_core.verb:set package 'my_components' build argument 'meson_args' from command line to '[]'
[0.984s] Level 5:colcon.colcon_core.verb:set package 'my_components' build argument 'ament_cmake_args' from command line to 'None'
[0.984s] Level 5:colcon.colcon_core.verb:set package 'my_components' build argument 'catkin_cmake_args' from command line to 'None'
[0.984s] Level 5:colcon.colcon_core.verb:set package 'my_components' build argument 'catkin_skip_building_tests' from command line to 'False'
[0.984s] DEBUG:colcon.colcon_core.verb:Building package 'my_components' with the following arguments: {'ament_cmake_args': None, 'build_base': '/home/user/ros2_ws/build/my_components', 'catkin_cmake_args': None, 'catkin_skip_building_tests': False, 'cmake_args': None, 'cmake_clean_cache': False, 'cmake_clean_first': False, 'cmake_force_configure': False, 'cmake_target': None, 'cmake_target_skip_unavailable': False, 'install_base': '/home/user/ros2_ws/install/my_components', 'merge_install': False, 'meson_args': [], 'path': '/home/user/ros2_ws/src/my_components', 'symlink_install': False, 'test_result_base': None}
[0.985s] INFO:colcon.colcon_core.executor:Executing jobs using 'parallel' executor
[0.991s] DEBUG:colcon.colcon_parallel_executor.executor.parallel:run_until_complete
[0.992s] INFO:colcon.colcon_ros.task.ament_cmake.build:Building ROS package in '/home/user/ros2_ws/src/my_components' with build type 'ament_cmake'
[0.992s] INFO:colcon.colcon_cmake.task.cmake.build:Building CMake package in '/home/user/ros2_ws/src/my_components'
[0.999s] INFO:colcon.colcon_core.plugin_system:Skipping extension 'colcon_core.shell.bat': Not used on non-Windows systems
[0.999s] INFO:colcon.colcon_core.shell:Skip shell extension 'powershell' for command environment: Not usable outside of PowerShell
[1.000s] DEBUG:colcon.colcon_core.shell:Skip shell extension 'dsv' for command environment
[1.019s] DEBUG:colcon.colcon_core.event_handler.log_command:Invoking command in '/home/user/ros2_ws/build/my_components': CMAKE_PREFIX_PATH=${CMAKE_PREFIX_PATH}:/home/simulations/ros2_sims_ws/install/turtlebot3_teleop:/home/simulations/ros2_sims_ws/install/turtlebot3_example:/home/simulations/ros2_sims_ws/install/services_pkg:/opt/ros/humble _=/usr/bin/env /usr/bin/cmake --build /home/user/ros2_ws/build/my_components -- -j8 -l8
[14.518s] DEBUG:colcon.colcon_core.event_handler.log_command:Invoked command in '/home/user/ros2_ws/build/my_components' returned '0': CMAKE_PREFIX_PATH=${CMAKE_PREFIX_PATH}:/home/simulations/ros2_sims_ws/install/turtlebot3_teleop:/home/simulations/ros2_sims_ws/install/turtlebot3_example:/home/simulations/ros2_sims_ws/install/services_pkg:/opt/ros/humble _=/usr/bin/env /usr/bin/cmake --build /home/user/ros2_ws/build/my_components -- -j8 -l8
[14.624s] DEBUG:colcon.colcon_core.event_handler.log_command:Invoking command in '/home/user/ros2_ws/build/my_components': CMAKE_PREFIX_PATH=${CMAKE_PREFIX_PATH}:/home/simulations/ros2_sims_ws/install/turtlebot3_teleop:/home/simulations/ros2_sims_ws/install/turtlebot3_example:/home/simulations/ros2_sims_ws/install/services_pkg:/opt/ros/humble _=/usr/bin/env /usr/bin/cmake --install /home/user/ros2_ws/build/my_components
[14.652s] Level 1:colcon.colcon_core.environment:create_environment_scripts_only(my_components)
[14.654s] DEBUG:colcon.colcon_core.event_handler.log_command:Invoked command in '/home/user/ros2_ws/build/my_components' returned '0': CMAKE_PREFIX_PATH=${CMAKE_PREFIX_PATH}:/home/simulations/ros2_sims_ws/install/turtlebot3_teleop:/home/simulations/ros2_sims_ws/install/turtlebot3_example:/home/simulations/ros2_sims_ws/install/services_pkg:/opt/ros/humble _=/usr/bin/env /usr/bin/cmake --install /home/user/ros2_ws/build/my_components
[14.661s] Level 1:colcon.colcon_core.environment:checking '/home/user/ros2_ws/install/my_components' for CMake module files
[14.661s] Level 1:colcon.colcon_core.environment:checking '/home/user/ros2_ws/install/my_components' for CMake config files
[14.662s] Level 1:colcon.colcon_core.shell:create_environment_hook('my_components', 'cmake_prefix_path')
[14.664s] INFO:colcon.colcon_core.shell:Creating environment hook '/home/user/ros2_ws/install/my_components/share/my_components/hook/cmake_prefix_path.ps1'
[14.665s] INFO:colcon.colcon_core.shell:Creating environment descriptor '/home/user/ros2_ws/install/my_components/share/my_components/hook/cmake_prefix_path.dsv'
[14.666s] INFO:colcon.colcon_core.shell:Creating environment hook '/home/user/ros2_ws/install/my_components/share/my_components/hook/cmake_prefix_path.sh'
[14.667s] Level 1:colcon.colcon_core.environment:checking '/home/user/ros2_ws/install/my_components/lib'
[14.667s] Level 1:colcon.colcon_core.shell:create_environment_hook('my_components', 'ld_library_path_lib')
[14.669s] INFO:colcon.colcon_core.shell:Creating environment hook '/home/user/ros2_ws/install/my_components/share/my_components/hook/ld_library_path_lib.ps1'
[14.669s] INFO:colcon.colcon_core.shell:Creating environment descriptor '/home/user/ros2_ws/install/my_components/share/my_components/hook/ld_library_path_lib.dsv'
[14.670s] INFO:colcon.colcon_core.shell:Creating environment hook '/home/user/ros2_ws/install/my_components/share/my_components/hook/ld_library_path_lib.sh'
[14.670s] Level 1:colcon.colcon_core.environment:checking '/home/user/ros2_ws/install/my_components/bin'
[14.670s] Level 1:colcon.colcon_core.environment:checking '/home/user/ros2_ws/install/my_components/lib/pkgconfig/my_components.pc'
[14.671s] Level 1:colcon.colcon_core.environment:checking '/home/user/ros2_ws/install/my_components/lib/python3.10/site-packages'
[14.671s] Level 1:colcon.colcon_core.environment:checking '/home/user/ros2_ws/install/my_components/bin'
[14.673s] INFO:colcon.colcon_core.shell:Creating package script '/home/user/ros2_ws/install/my_components/share/my_components/package.ps1'
[14.674s] INFO:colcon.colcon_core.shell:Creating package descriptor '/home/user/ros2_ws/install/my_components/share/my_components/package.dsv'
[14.674s] INFO:colcon.colcon_core.shell:Creating package script '/home/user/ros2_ws/install/my_components/share/my_components/package.sh'
[14.676s] INFO:colcon.colcon_core.shell:Creating package script '/home/user/ros2_ws/install/my_components/share/my_components/package.bash'
[14.677s] INFO:colcon.colcon_core.shell:Creating package script '/home/user/ros2_ws/install/my_components/share/my_components/package.zsh'
[14.678s] Level 1:colcon.colcon_core.environment:create_file_with_runtime_dependencies(/home/user/ros2_ws/install/my_components/share/colcon-core/packages/my_components)
[14.771s] Level 1:colcon.colcon_core.environment:create_environment_scripts_only(my_components)
[14.775s] Level 1:colcon.colcon_core.environment:checking '/home/user/ros2_ws/install/my_components' for CMake module files
[14.776s] Level 1:colcon.colcon_core.environment:checking '/home/user/ros2_ws/install/my_components' for CMake config files
[14.776s] Level 1:colcon.colcon_core.shell:create_environment_hook('my_components', 'cmake_prefix_path')
[14.778s] INFO:colcon.colcon_core.shell:Creating environment hook '/home/user/ros2_ws/install/my_components/share/my_components/hook/cmake_prefix_path.ps1'
[14.779s] INFO:colcon.colcon_core.shell:Creating environment descriptor '/home/user/ros2_ws/install/my_components/share/my_components/hook/cmake_prefix_path.dsv'
[14.780s] INFO:colcon.colcon_core.shell:Creating environment hook '/home/user/ros2_ws/install/my_components/share/my_components/hook/cmake_prefix_path.sh'
[14.780s] Level 1:colcon.colcon_core.environment:checking '/home/user/ros2_ws/install/my_components/lib'
[14.780s] Level 1:colcon.colcon_core.shell:create_environment_hook('my_components', 'ld_library_path_lib')
[14.782s] INFO:colcon.colcon_core.shell:Creating environment hook '/home/user/ros2_ws/install/my_components/share/my_components/hook/ld_library_path_lib.ps1'
[14.783s] INFO:colcon.colcon_core.shell:Creating environment descriptor '/home/user/ros2_ws/install/my_components/share/my_components/hook/ld_library_path_lib.dsv'
[14.783s] INFO:colcon.colcon_core.shell:Creating environment hook '/home/user/ros2_ws/install/my_components/share/my_components/hook/ld_library_path_lib.sh'
[14.784s] Level 1:colcon.colcon_core.environment:checking '/home/user/ros2_ws/install/my_components/bin'
[14.784s] Level 1:colcon.colcon_core.environment:checking '/home/user/ros2_ws/install/my_components/lib/pkgconfig/my_components.pc'
[14.784s] Level 1:colcon.colcon_core.environment:checking '/home/user/ros2_ws/install/my_components/lib/python3.10/site-packages'
[14.785s] Level 1:colcon.colcon_core.environment:checking '/home/user/ros2_ws/install/my_components/bin'
[14.787s] INFO:colcon.colcon_core.shell:Creating package script '/home/user/ros2_ws/install/my_components/share/my_components/package.ps1'
[14.787s] INFO:colcon.colcon_core.shell:Creating package descriptor '/home/user/ros2_ws/install/my_components/share/my_components/package.dsv'
[14.788s] INFO:colcon.colcon_core.shell:Creating package script '/home/user/ros2_ws/install/my_components/share/my_components/package.sh'
[14.789s] INFO:colcon.colcon_core.shell:Creating package script '/home/user/ros2_ws/install/my_components/share/my_components/package.bash'
[14.789s] INFO:colcon.colcon_core.shell:Creating package script '/home/user/ros2_ws/install/my_components/share/my_components/package.zsh'
[14.790s] Level 1:colcon.colcon_core.environment:create_file_with_runtime_dependencies(/home/user/ros2_ws/install/my_components/share/colcon-core/packages/my_components)
[14.790s] DEBUG:colcon.colcon_parallel_executor.executor.parallel:closing loop
[14.792s] DEBUG:colcon.colcon_parallel_executor.executor.parallel:loop closed
[14.792s] DEBUG:colcon.colcon_parallel_executor.executor.parallel:run_until_complete finished with '0'
[14.792s] DEBUG:colcon.colcon_core.event_reactor:joining thread
[14.801s] INFO:colcon.colcon_core.plugin_system:Skipping extension 'colcon_notification.desktop_notification.notify_send': Could not find 'notify-send'
[14.801s] INFO:colcon.colcon_core.plugin_system:Skipping extension 'colcon_notification.desktop_notification.terminal_notifier': Not used on non-Darwin systems
[14.801s] INFO:colcon.colcon_core.plugin_system:Skipping extension 'colcon_notification.desktop_notification.win32': Not used on non-Windows systems
[14.801s] INFO:colcon.colcon_notification.desktop_notification:Sending desktop notification using 'notify2'
[14.803s] DEBUG:colcon.colcon_notification.desktop_notification.notify2:Failed to initialize notify2: org.freedesktop.DBus.Error.Spawn.ExecFailed: /usr/bin/dbus-launch terminated abnormally without any error message
[14.804s] DEBUG:colcon.colcon_core.event_reactor:joined thread
[14.806s] INFO:colcon.colcon_core.shell:Creating prefix script '/home/user/ros2_ws/install/local_setup.ps1'
[14.807s] INFO:colcon.colcon_core.shell:Creating prefix util module '/home/user/ros2_ws/install/_local_setup_util_ps1.py'
[14.809s] INFO:colcon.colcon_core.shell:Creating prefix chain script '/home/user/ros2_ws/install/setup.ps1'
[14.813s] INFO:colcon.colcon_core.shell:Creating prefix script '/home/user/ros2_ws/install/local_setup.sh'
[14.813s] INFO:colcon.colcon_core.shell:Creating prefix util module '/home/user/ros2_ws/install/_local_setup_util_sh.py'
[14.814s] INFO:colcon.colcon_core.shell:Creating prefix chain script '/home/user/ros2_ws/install/setup.sh'
[14.817s] INFO:colcon.colcon_core.shell:Creating prefix script '/home/user/ros2_ws/install/local_setup.bash'
[14.818s] INFO:colcon.colcon_core.shell:Creating prefix chain script '/home/user/ros2_ws/install/setup.bash'
[14.821s] INFO:colcon.colcon_core.shell:Creating prefix script '/home/user/ros2_ws/install/local_setup.zsh'
[14.822s] INFO:colcon.colcon_core.shell:Creating prefix chain script '/home/user/ros2_ws/install/setup.zsh'
