-- The C compiler identification is GNU 11.2.0
-- The CXX compiler identification is GNU 11.2.0
-- Detecting C compiler ABI info
-- Detecting C compiler ABI info - done
-- Check for working C compiler: /usr/bin/cc - skipped
-- Detecting C compile features
-- Detecting C compile features - done
-- Detecting CXX compiler ABI info
-- Detecting CXX compiler ABI info - done
-- Check for working CXX compiler: /usr/bin/c++ - skipped
-- Detecting CXX compile features
-- Detecting CXX compile features - done
-- Found ament_cmake: 1.3.2 (/opt/ros/humble/share/ament_cmake/cmake)
-- Found Python3: /usr/bin/python3.10 (found version "3.10.6") found components: Interpreter 
-- Found rclcpp: 16.0.1 (/opt/ros/humble/share/rclcpp/cmake)
-- Found rosidl_generator_c: 3.1.3 (/opt/ros/humble/share/rosidl_generator_c/cmake)
-- Found rosidl_adapter: 3.1.3 (/opt/ros/humble/share/rosidl_adapter/cmake)
-- Found rosidl_generator_cpp: 3.1.3 (/opt/ros/humble/share/rosidl_generator_cpp/cmake)
-- Using all available rosidl_typesupport_c: rosidl_typesupport_fastrtps_c;rosidl_typesupport_introspection_c
-- Using all available rosidl_typesupport_cpp: rosidl_typesupport_fastrtps_cpp;rosidl_typesupport_introspection_cpp
-- Found rmw_implementation_cmake: 6.1.0 (/opt/ros/humble/share/rmw_implementation_cmake/cmake)
-- Found rmw_fastrtps_cpp: 6.2.1 (/opt/ros/humble/share/rmw_fastrtps_cpp/cmake)
-- Found OpenSSL: /usr/lib/x86_64-linux-gnu/libcrypto.so (found version "3.0.2")  
-- Found FastRTPS: /opt/ros/humble/include  
-- Using RMW implementation 'rmw_fastrtps_cpp' as default
-- Found std_srvs: 4.2.2 (/opt/ros/humble/share/std_srvs/cmake)
-- Found ament_lint_auto: 0.12.4 (/opt/ros/humble/share/ament_lint_auto/cmake)
-- Added test 'cppcheck' to perform static code analysis on C / C++ code
-- Configured cppcheck include dirs: 
-- Configured cppcheck exclude dirs and/or files: 
-- Added test 'flake8' to check Python code syntax and style conventions
-- Added test 'lint_cmake' to check CMake code style
-- Added test 'pep257' to check Python code against some of the docstring style conventions in PEP 257
-- Added test 'uncrustify' to check C / C++ code style
-- Configured uncrustify additional arguments: 
-- Added test 'xmllint' to check XML markup files
-- Configuring done
-- Generating done
-- Build files have been written to: /home/user/ros2_ws/build/client_pkg
[ 25%] [32mBuilding CXX object CMakeFiles/service_client_node.dir/src/service_client.cpp.o[0m
[ 50%] [32m[1mLinking CXX executable service_client_node[0m
[ 50%] Built target service_client_node
[ 75%] [32mBuilding CXX object CMakeFiles/service_client_v2.dir/src/service_client_v2.cpp.o[0m
[100%] [32m[1mLinking CXX executable service_client_v2[0m
[100%] Built target service_client_v2
-- Install configuration: ""
-- Installing: /home/user/ros2_ws/install/client_pkg/lib/client_pkg/service_client_node
-- Set runtime path of "/home/user/ros2_ws/install/client_pkg/lib/client_pkg/service_client_node" to ""
-- Installing: /home/user/ros2_ws/install/client_pkg/lib/client_pkg/service_client_v2
-- Set runtime path of "/home/user/ros2_ws/install/client_pkg/lib/client_pkg/service_client_v2" to ""
-- Installing: /home/user/ros2_ws/install/client_pkg/share/client_pkg//launch
-- Installing: /home/user/ros2_ws/install/client_pkg/share/client_pkg//launch/service_client_launch_file.launch.py
-- Installing: /home/user/ros2_ws/install/client_pkg/share/client_pkg//launch/service_client_v2.launch.py
-- Installing: /home/user/ros2_ws/install/client_pkg/share/ament_index/resource_index/package_run_dependencies/client_pkg
-- Installing: /home/user/ros2_ws/install/client_pkg/share/ament_index/resource_index/parent_prefix_path/client_pkg
-- Installing: /home/user/ros2_ws/install/client_pkg/share/client_pkg/environment/ament_prefix_path.sh
-- Installing: /home/user/ros2_ws/install/client_pkg/share/client_pkg/environment/ament_prefix_path.dsv
-- Installing: /home/user/ros2_ws/install/client_pkg/share/client_pkg/environment/path.sh
-- Installing: /home/user/ros2_ws/install/client_pkg/share/client_pkg/environment/path.dsv
-- Installing: /home/user/ros2_ws/install/client_pkg/share/client_pkg/local_setup.bash
-- Installing: /home/user/ros2_ws/install/client_pkg/share/client_pkg/local_setup.sh
-- Installing: /home/user/ros2_ws/install/client_pkg/share/client_pkg/local_setup.zsh
-- Installing: /home/user/ros2_ws/install/client_pkg/share/client_pkg/local_setup.dsv
-- Installing: /home/user/ros2_ws/install/client_pkg/share/client_pkg/package.dsv
-- Installing: /home/user/ros2_ws/install/client_pkg/share/ament_index/resource_index/packages/client_pkg
-- Installing: /home/user/ros2_ws/install/client_pkg/share/client_pkg/cmake/client_pkgConfig.cmake
-- Installing: /home/user/ros2_ws/install/client_pkg/share/client_pkg/cmake/client_pkgConfig-version.cmake
-- Installing: /home/user/ros2_ws/install/client_pkg/share/client_pkg/package.xml
