[0.109s] Invoking command in '/home/user/ros2_ws/build/client_pkg': CMAKE_PREFIX_PATH=${CMAKE_PREFIX_PATH}:/home/simulations/ros2_sims_ws/install/turtlebot3_teleop:/home/simulations/ros2_sims_ws/install/turtlebot3_example:/home/simulations/ros2_sims_ws/install/services_pkg:/opt/ros/humble _=/usr/bin/env /usr/bin/cmake /home/user/ros2_ws/src/client_pkg -DCMAKE_INSTALL_PREFIX=/home/user/ros2_ws/install/client_pkg
[0.480s] -- The C compiler identification is GNU 11.2.0
[0.833s] -- The CXX compiler identification is GNU 11.2.0
[0.862s] -- Detecting C compiler ABI info
[1.237s] -- Detecting C compiler ABI info - done
[1.262s] -- Check for working C compiler: /usr/bin/cc - skipped
[1.262s] -- Detecting C compile features
[1.263s] -- Detecting C compile features - done
[1.269s] -- Detecting CXX compiler ABI info
[1.753s] -- Detecting CXX compiler ABI info - done
[1.767s] -- Check for working CXX compiler: /usr/bin/c++ - skipped
[1.768s] -- Detecting CXX compile features
[1.830s] -- Detecting CXX compile features - done
[1.838s] -- Found ament_cmake: 1.3.2 (/opt/ros/humble/share/ament_cmake/cmake)
[2.734s] -- Found Python3: /usr/bin/python3.10 (found version "3.10.6") found components: Interpreter 
[3.451s] -- Found rclcpp: 16.0.1 (/opt/ros/humble/share/rclcpp/cmake)
[3.944s] -- Found rosidl_generator_c: 3.1.3 (/opt/ros/humble/share/rosidl_generator_c/cmake)
[3.977s] -- Found rosidl_adapter: 3.1.3 (/opt/ros/humble/share/rosidl_adapter/cmake)
[4.073s] -- Found rosidl_generator_cpp: 3.1.3 (/opt/ros/humble/share/rosidl_generator_cpp/cmake)
[4.229s] -- Using all available rosidl_typesupport_c: rosidl_typesupport_fastrtps_c;rosidl_typesupport_introspection_c
[4.351s] -- Using all available rosidl_typesupport_cpp: rosidl_typesupport_fastrtps_cpp;rosidl_typesupport_introspection_cpp
[4.847s] -- Found rmw_implementation_cmake: 6.1.0 (/opt/ros/humble/share/rmw_implementation_cmake/cmake)
[4.856s] -- Found rmw_fastrtps_cpp: 6.2.1 (/opt/ros/humble/share/rmw_fastrtps_cpp/cmake)
[5.529s] -- Found OpenSSL: /usr/lib/x86_64-linux-gnu/libcrypto.so (found version "3.0.2")  
[5.650s] -- Found FastRTPS: /opt/ros/humble/include  
[5.874s] -- Using RMW implementation 'rmw_fastrtps_cpp' as default
[6.878s] -- Found std_srvs: 4.2.2 (/opt/ros/humble/share/std_srvs/cmake)
[7.038s] -- Found ament_lint_auto: 0.12.4 (/opt/ros/humble/share/ament_lint_auto/cmake)
[7.479s] -- Added test 'cppcheck' to perform static code analysis on C / C++ code
[7.480s] -- Configured cppcheck include dirs: 
[7.480s] -- Configured cppcheck exclude dirs and/or files: 
[7.530s] -- Added test 'flake8' to check Python code syntax and style conventions
[7.532s] -- Added test 'lint_cmake' to check CMake code style
[7.534s] -- Added test 'pep257' to check Python code against some of the docstring style conventions in PEP 257
[7.537s] -- Added test 'uncrustify' to check C / C++ code style
[7.537s] -- Configured uncrustify additional arguments: 
[7.540s] -- Added test 'xmllint' to check XML markup files
[7.545s] -- Configuring done
[7.565s] -- Generating done
[7.568s] -- Build files have been written to: /home/user/ros2_ws/build/client_pkg
[7.735s] Invoked command in '/home/user/ros2_ws/build/client_pkg' returned '0': CMAKE_PREFIX_PATH=${CMAKE_PREFIX_PATH}:/home/simulations/ros2_sims_ws/install/turtlebot3_teleop:/home/simulations/ros2_sims_ws/install/turtlebot3_example:/home/simulations/ros2_sims_ws/install/services_pkg:/opt/ros/humble _=/usr/bin/env /usr/bin/cmake /home/user/ros2_ws/src/client_pkg -DCMAKE_INSTALL_PREFIX=/home/user/ros2_ws/install/client_pkg
[7.736s] Invoking command in '/home/user/ros2_ws/build/client_pkg': CMAKE_PREFIX_PATH=${CMAKE_PREFIX_PATH}:/home/simulations/ros2_sims_ws/install/turtlebot3_teleop:/home/simulations/ros2_sims_ws/install/turtlebot3_example:/home/simulations/ros2_sims_ws/install/services_pkg:/opt/ros/humble _=/usr/bin/env /usr/bin/cmake --build /home/user/ros2_ws/build/client_pkg -- -j8 -l8
[7.876s] [ 25%] [32mBuilding CXX object CMakeFiles/service_client_node.dir/src/service_client.cpp.o[0m
[30.029s] [ 50%] [32m[1mLinking CXX executable service_client_node[0m
[31.133s] [ 50%] Built target service_client_node
[31.342s] [ 75%] [32mBuilding CXX object CMakeFiles/service_client_v2.dir/src/service_client_v2.cpp.o[0m
[43.452s] [01m[K/home/user/ros2_ws/src/client_pkg/src/service_client_v2.cpp:[m[K In member function '[01m[Kvoid ServiceClient::response_callback(rclcpp::Client<std_srvs::srv::Empty>::SharedFuture)[m[K':
[43.452s] [01m[K/home/user/ros2_ws/src/client_pkg/src/service_client_v2.cpp:57:72:[m[K [01;35m[Kwarning: [m[Kunused parameter '[01m[Kfuture[m[K' [[01;35m[K]8;;https://gcc.gnu.org/onlinedocs/gcc/Warning-Options.html#index-Wunused-parameter-Wunused-parameter]8;;[m[K]
[43.452s]    57 |   response_callback([01;35m[Krclcpp::Client<std_srvs::srv::Empty>::SharedFuture future[m[K) {
[43.452s]       |                     [01;35m[K~~~~~~~~~~~~~~~~~~~~~~~~~~~~~~~~~~~~~~~~~~~~~~~~~~~^~~~~~[m[K
[48.836s] [100%] [32m[1mLinking CXX executable service_client_v2[0m
[49.531s] [100%] Built target service_client_v2
[49.565s] Invoked command in '/home/user/ros2_ws/build/client_pkg' returned '0': CMAKE_PREFIX_PATH=${CMAKE_PREFIX_PATH}:/home/simulations/ros2_sims_ws/install/turtlebot3_teleop:/home/simulations/ros2_sims_ws/install/turtlebot3_example:/home/simulations/ros2_sims_ws/install/services_pkg:/opt/ros/humble _=/usr/bin/env /usr/bin/cmake --build /home/user/ros2_ws/build/client_pkg -- -j8 -l8
[50.061s] Invoking command in '/home/user/ros2_ws/build/client_pkg': CMAKE_PREFIX_PATH=${CMAKE_PREFIX_PATH}:/home/simulations/ros2_sims_ws/install/turtlebot3_teleop:/home/simulations/ros2_sims_ws/install/turtlebot3_example:/home/simulations/ros2_sims_ws/install/services_pkg:/opt/ros/humble _=/usr/bin/env /usr/bin/cmake --install /home/user/ros2_ws/build/client_pkg
[50.072s] -- Install configuration: ""
[50.072s] -- Installing: /home/user/ros2_ws/install/client_pkg/lib/client_pkg/service_client_node
[50.074s] -- Set runtime path of "/home/user/ros2_ws/install/client_pkg/lib/client_pkg/service_client_node" to ""
[50.076s] -- Installing: /home/user/ros2_ws/install/client_pkg/lib/client_pkg/service_client_v2
[50.076s] -- Set runtime path of "/home/user/ros2_ws/install/client_pkg/lib/client_pkg/service_client_v2" to ""
[50.077s] -- Installing: /home/user/ros2_ws/install/client_pkg/share/client_pkg//launch
[50.077s] -- Installing: /home/user/ros2_ws/install/client_pkg/share/client_pkg//launch/service_client_launch_file.launch.py
[50.129s] -- Installing: /home/user/ros2_ws/install/client_pkg/share/client_pkg//launch/service_client_v2.launch.py
[50.129s] -- Installing: /home/user/ros2_ws/install/client_pkg/share/ament_index/resource_index/package_run_dependencies/client_pkg
[50.129s] -- Installing: /home/user/ros2_ws/install/client_pkg/share/ament_index/resource_index/parent_prefix_path/client_pkg
[50.129s] -- Installing: /home/user/ros2_ws/install/client_pkg/share/client_pkg/environment/ament_prefix_path.sh
[50.129s] -- Installing: /home/user/ros2_ws/install/client_pkg/share/client_pkg/environment/ament_prefix_path.dsv
[50.130s] -- Installing: /home/user/ros2_ws/install/client_pkg/share/client_pkg/environment/path.sh
[50.130s] -- Installing: /home/user/ros2_ws/install/client_pkg/share/client_pkg/environment/path.dsv
[50.130s] -- Installing: /home/user/ros2_ws/install/client_pkg/share/client_pkg/local_setup.bash
[50.130s] -- Installing: /home/user/ros2_ws/install/client_pkg/share/client_pkg/local_setup.sh
[50.137s] -- Installing: /home/user/ros2_ws/install/client_pkg/share/client_pkg/local_setup.zsh
[50.137s] -- Installing: /home/user/ros2_ws/install/client_pkg/share/client_pkg/local_setup.dsv
[50.142s] -- Installing: /home/user/ros2_ws/install/client_pkg/share/client_pkg/package.dsv
[50.142s] -- Installing: /home/user/ros2_ws/install/client_pkg/share/ament_index/resource_index/packages/client_pkg
[50.142s] -- Installing: /home/user/ros2_ws/install/client_pkg/share/client_pkg/cmake/client_pkgConfig.cmake
[50.142s] -- Installing: /home/user/ros2_ws/install/client_pkg/share/client_pkg/cmake/client_pkgConfig-version.cmake
[50.142s] -- Installing: /home/user/ros2_ws/install/client_pkg/share/client_pkg/package.xml
[50.153s] Invoked command in '/home/user/ros2_ws/build/client_pkg' returned '0': CMAKE_PREFIX_PATH=${CMAKE_PREFIX_PATH}:/home/simulations/ros2_sims_ws/install/turtlebot3_teleop:/home/simulations/ros2_sims_ws/install/turtlebot3_example:/home/simulations/ros2_sims_ws/install/services_pkg:/opt/ros/humble _=/usr/bin/env /usr/bin/cmake --install /home/user/ros2_ws/build/client_pkg
