[35m[1mConsolidate compiler generated dependencies of target executor_example_1_node[0m
[ 10%] Built target executor_example_1_node
[35m[1mConsolidate compiler generated dependencies of target executor_example_5_mutualyexclusive_node[0m
[ 20%] Built target executor_example_5_mutualyexclusive_node
[35m[1mConsolidate compiler generated dependencies of target executor_example_5_mutualyexclusive_multiple_node[0m
[ 30%] Built target executor_example_5_mutualyexclusive_multiple_node
[ 35%] [32mBuilding CXX object CMakeFiles/box_bot_manager_node.dir/src/box_bot_manager.cpp.o[0m
[ 40%] [32m[1mLinking CXX executable box_bot_manager_node[0m
[ 40%] Built target box_bot_manager_node
[ 45%] [32mBuilding CXX object CMakeFiles/executor_example_5_reentrant_node.dir/src/executor_example_5_reentrant.cpp.o[0m
[ 50%] [32m[1mLinking CXX executable executor_example_5_reentrant_node[0m
[ 50%] Built target executor_example_5_reentrant_node
[ 55%] [32mBuilding CXX object CMakeFiles/executor_example_5_node.dir/src/executor_example_5.cpp.o[0m
[ 60%] [32m[1mLinking CXX executable executor_example_5_node[0m
[ 60%] Built target executor_example_5_node
[ 65%] [32mBuilding CXX object CMakeFiles/executor_example_4_singlethreaded_node.dir/src/executor_example_4_singlethreaded.cpp.o[0m
[ 70%] [32m[1mLinking CXX executable executor_example_4_singlethreaded_node[0m
[ 70%] Built target executor_example_4_singlethreaded_node
[ 75%] [32mBuilding CXX object CMakeFiles/executor_example_4_node.dir/src/executor_example_4.cpp.o[0m
[ 80%] [32m[1mLinking CXX executable executor_example_4_node[0m
[ 80%] Built target executor_example_4_node
[ 85%] [32mBuilding CXX object CMakeFiles/executor_example_3_node.dir/src/executor_example_3.cpp.o[0m
[ 90%] [32m[1mLinking CXX executable executor_example_3_node[0m
[ 90%] Built target executor_example_3_node
[ 95%] [32mBuilding CXX object CMakeFiles/executor_example_2_node.dir/src/executor_example_2.cpp.o[0m
[100%] [32m[1mLinking CXX executable executor_example_2_node[0m
[100%] Built target executor_example_2_node
-- Install configuration: ""
-- Installing: /home/user/ros2_ws/install/executors_exercises_pkg/lib/executors_exercises_pkg/executor_example_1_node
-- Set runtime path of "/home/user/ros2_ws/install/executors_exercises_pkg/lib/executors_exercises_pkg/executor_example_1_node" to ""
-- Installing: /home/user/ros2_ws/install/executors_exercises_pkg/lib/executors_exercises_pkg/executor_example_2_node
-- Set runtime path of "/home/user/ros2_ws/install/executors_exercises_pkg/lib/executors_exercises_pkg/executor_example_2_node" to ""
-- Installing: /home/user/ros2_ws/install/executors_exercises_pkg/lib/executors_exercises_pkg/executor_example_3_node
-- Set runtime path of "/home/user/ros2_ws/install/executors_exercises_pkg/lib/executors_exercises_pkg/executor_example_3_node" to ""
-- Installing: /home/user/ros2_ws/install/executors_exercises_pkg/lib/executors_exercises_pkg/executor_example_4_node
-- Set runtime path of "/home/user/ros2_ws/install/executors_exercises_pkg/lib/executors_exercises_pkg/executor_example_4_node" to ""
-- Installing: /home/user/ros2_ws/install/executors_exercises_pkg/lib/executors_exercises_pkg/executor_example_4_singlethreaded_node
-- Set runtime path of "/home/user/ros2_ws/install/executors_exercises_pkg/lib/executors_exercises_pkg/executor_example_4_singlethreaded_node" to ""
-- Installing: /home/user/ros2_ws/install/executors_exercises_pkg/lib/executors_exercises_pkg/executor_example_5_node
-- Set runtime path of "/home/user/ros2_ws/install/executors_exercises_pkg/lib/executors_exercises_pkg/executor_example_5_node" to ""
-- Installing: /home/user/ros2_ws/install/executors_exercises_pkg/lib/executors_exercises_pkg/executor_example_5_reentrant_node
-- Set runtime path of "/home/user/ros2_ws/install/executors_exercises_pkg/lib/executors_exercises_pkg/executor_example_5_reentrant_node" to ""
-- Installing: /home/user/ros2_ws/install/executors_exercises_pkg/lib/executors_exercises_pkg/executor_example_5_mutualyexclusive_node
-- Set runtime path of "/home/user/ros2_ws/install/executors_exercises_pkg/lib/executors_exercises_pkg/executor_example_5_mutualyexclusive_node" to ""
-- Installing: /home/user/ros2_ws/install/executors_exercises_pkg/lib/executors_exercises_pkg/executor_example_5_mutualyexclusive_multiple_node
-- Set runtime path of "/home/user/ros2_ws/install/executors_exercises_pkg/lib/executors_exercises_pkg/executor_example_5_mutualyexclusive_multiple_node" to ""
-- Installing: /home/user/ros2_ws/install/executors_exercises_pkg/lib/executors_exercises_pkg/box_bot_manager_node
-- Set runtime path of "/home/user/ros2_ws/install/executors_exercises_pkg/lib/executors_exercises_pkg/box_bot_manager_node" to ""
-- Installing: /home/user/ros2_ws/install/executors_exercises_pkg/share/ament_index/resource_index/package_run_dependencies/executors_exercises_pkg
-- Installing: /home/user/ros2_ws/install/executors_exercises_pkg/share/ament_index/resource_index/parent_prefix_path/executors_exercises_pkg
-- Installing: /home/user/ros2_ws/install/executors_exercises_pkg/share/executors_exercises_pkg/environment/ament_prefix_path.sh
-- Installing: /home/user/ros2_ws/install/executors_exercises_pkg/share/executors_exercises_pkg/environment/ament_prefix_path.dsv
-- Installing: /home/user/ros2_ws/install/executors_exercises_pkg/share/executors_exercises_pkg/environment/path.sh
-- Installing: /home/user/ros2_ws/install/executors_exercises_pkg/share/executors_exercises_pkg/environment/path.dsv
-- Installing: /home/user/ros2_ws/install/executors_exercises_pkg/share/executors_exercises_pkg/local_setup.bash
-- Installing: /home/user/ros2_ws/install/executors_exercises_pkg/share/executors_exercises_pkg/local_setup.sh
-- Installing: /home/user/ros2_ws/install/executors_exercises_pkg/share/executors_exercises_pkg/local_setup.zsh
-- Installing: /home/user/ros2_ws/install/executors_exercises_pkg/share/executors_exercises_pkg/local_setup.dsv
-- Installing: /home/user/ros2_ws/install/executors_exercises_pkg/share/executors_exercises_pkg/package.dsv
-- Installing: /home/user/ros2_ws/install/executors_exercises_pkg/share/ament_index/resource_index/packages/executors_exercises_pkg
-- Installing: /home/user/ros2_ws/install/executors_exercises_pkg/share/executors_exercises_pkg/cmake/executors_exercises_pkgConfig.cmake
-- Installing: /home/user/ros2_ws/install/executors_exercises_pkg/share/executors_exercises_pkg/cmake/executors_exercises_pkgConfig-version.cmake
-- Installing: /home/user/ros2_ws/install/executors_exercises_pkg/share/executors_exercises_pkg/package.xml
