[0.126s] Invoking command in '/home/user/ros2_ws/build/my_components': CMAKE_PREFIX_PATH=${CMAKE_PREFIX_PATH}:/home/simulations/ros2_sims_ws/install/turtlebot3_teleop:/home/simulations/ros2_sims_ws/install/turtlebot3_example:/home/simulations/ros2_sims_ws/install/services_pkg:/opt/ros/humble _=/usr/bin/env /usr/bin/cmake /home/user/ros2_ws/src/my_components -DCMAKE_INSTALL_PREFIX=/home/user/ros2_ws/install/my_components
[3.379s] -- The C compiler identification is GNU 11.2.0
[3.379s] -- The CXX compiler identification is GNU 11.2.0
[3.379s] -- Detecting C compiler ABI info
[3.379s] -- Detecting C compiler ABI info - done
[3.380s] -- Check for working C compiler: /usr/bin/cc - skipped
[3.380s] -- Detecting C compile features
[3.380s] -- Detecting C compile features - done
[3.380s] -- Detecting CXX compiler ABI info
[3.380s] -- Detecting CXX compiler ABI info - done
[3.380s] -- Check for working CXX compiler: /usr/bin/c++ - skipped
[3.380s] -- Detecting CXX compile features
[3.380s] -- Detecting CXX compile features - done
[3.380s] -- Found ament_cmake: 1.3.2 (/opt/ros/humble/share/ament_cmake/cmake)
[3.381s] -- Found Python3: /usr/bin/python3.10 (found version "3.10.6") found components: Interpreter 
[3.412s] -- Found rclcpp: 16.0.1 (/opt/ros/humble/share/rclcpp/cmake)
[3.883s] -- Found rosidl_generator_c: 3.1.3 (/opt/ros/humble/share/rosidl_generator_c/cmake)
[3.969s] -- Found rosidl_adapter: 3.1.3 (/opt/ros/humble/share/rosidl_adapter/cmake)
[3.991s] -- Found rosidl_generator_cpp: 3.1.3 (/opt/ros/humble/share/rosidl_generator_cpp/cmake)
[4.169s] -- Using all available rosidl_typesupport_c: rosidl_typesupport_fastrtps_c;rosidl_typesupport_introspection_c
[4.280s] -- Using all available rosidl_typesupport_cpp: rosidl_typesupport_fastrtps_cpp;rosidl_typesupport_introspection_cpp
[4.787s] -- Found rmw_implementation_cmake: 6.1.0 (/opt/ros/humble/share/rmw_implementation_cmake/cmake)
[4.796s] -- Found rmw_fastrtps_cpp: 6.2.1 (/opt/ros/humble/share/rmw_fastrtps_cpp/cmake)
[5.479s] -- Found OpenSSL: /usr/lib/x86_64-linux-gnu/libcrypto.so (found version "3.0.2")  
[5.593s] -- Found FastRTPS: /opt/ros/humble/include  
[5.896s] -- Using RMW implementation 'rmw_fastrtps_cpp' as default
[6.783s] -- Found rclcpp_components: 16.0.1 (/opt/ros/humble/share/rclcpp_components/cmake)
[7.508s] -- Found composition: 0.20.2 (/opt/ros/humble/share/composition/cmake)
[7.515s] -- Found geometry_msgs: 4.2.2 (/opt/ros/humble/share/geometry_msgs/cmake)
[7.796s] -- Found ament_lint_auto: 0.12.4 (/opt/ros/humble/share/ament_lint_auto/cmake)
[8.272s] -- Added test 'cppcheck' to perform static code analysis on C / C++ code
[8.272s] -- Configured cppcheck include dirs: /home/user/ros2_ws/src/my_components/include
[8.272s] -- Configured cppcheck exclude dirs and/or files: 
[8.272s] -- Added test 'lint_cmake' to check CMake code style
[8.285s] -- Added test 'uncrustify' to check C / C++ code style
[8.285s] -- Configured uncrustify additional arguments: 
[8.285s] -- Added test 'xmllint' to check XML markup files
[8.285s] -- Configuring done
[8.302s] -- Generating done
[8.304s] -- Build files have been written to: /home/user/ros2_ws/build/my_components
[8.400s] Invoked command in '/home/user/ros2_ws/build/my_components' returned '0': CMAKE_PREFIX_PATH=${CMAKE_PREFIX_PATH}:/home/simulations/ros2_sims_ws/install/turtlebot3_teleop:/home/simulations/ros2_sims_ws/install/turtlebot3_example:/home/simulations/ros2_sims_ws/install/services_pkg:/opt/ros/humble _=/usr/bin/env /usr/bin/cmake /home/user/ros2_ws/src/my_components -DCMAKE_INSTALL_PREFIX=/home/user/ros2_ws/install/my_components
[8.400s] Invoking command in '/home/user/ros2_ws/build/my_components': CMAKE_PREFIX_PATH=${CMAKE_PREFIX_PATH}:/home/simulations/ros2_sims_ws/install/turtlebot3_teleop:/home/simulations/ros2_sims_ws/install/turtlebot3_example:/home/simulations/ros2_sims_ws/install/services_pkg:/opt/ros/humble _=/usr/bin/env /usr/bin/cmake --build /home/user/ros2_ws/build/my_components -- -j8 -l8
[8.690s] [ 50%] [32mBuilding CXX object CMakeFiles/moverobot_component.dir/src/moverobot_component.cpp.o[0m
[35.009s] [100%] [32m[1mLinking CXX shared library libmoverobot_component.so[0m
[36.570s] [100%] Built target moverobot_component
[36.595s] Invoked command in '/home/user/ros2_ws/build/my_components' returned '0': CMAKE_PREFIX_PATH=${CMAKE_PREFIX_PATH}:/home/simulations/ros2_sims_ws/install/turtlebot3_teleop:/home/simulations/ros2_sims_ws/install/turtlebot3_example:/home/simulations/ros2_sims_ws/install/services_pkg:/opt/ros/humble _=/usr/bin/env /usr/bin/cmake --build /home/user/ros2_ws/build/my_components -- -j8 -l8
[37.371s] Invoking command in '/home/user/ros2_ws/build/my_components': CMAKE_PREFIX_PATH=${CMAKE_PREFIX_PATH}:/home/simulations/ros2_sims_ws/install/turtlebot3_teleop:/home/simulations/ros2_sims_ws/install/turtlebot3_example:/home/simulations/ros2_sims_ws/install/services_pkg:/opt/ros/humble _=/usr/bin/env /usr/bin/cmake --install /home/user/ros2_ws/build/my_components
[37.394s] -- Install configuration: ""
[37.394s] -- Installing: /home/user/ros2_ws/install/my_components/lib/libmoverobot_component.so
[37.404s] -- Set runtime path of "/home/user/ros2_ws/install/my_components/lib/libmoverobot_component.so" to ""
[37.404s] -- Installing: /home/user/ros2_ws/install/my_components/share/ament_index/resource_index/package_run_dependencies/my_components
[37.405s] -- Installing: /home/user/ros2_ws/install/my_components/share/ament_index/resource_index/parent_prefix_path/my_components
[37.473s] -- Installing: /home/user/ros2_ws/install/my_components/share/my_components/environment/ament_prefix_path.sh
[37.473s] -- Installing: /home/user/ros2_ws/install/my_components/share/my_components/environment/ament_prefix_path.dsv
[37.475s] -- Installing: /home/user/ros2_ws/install/my_components/share/my_components/environment/path.sh
[37.475s] -- Installing: /home/user/ros2_ws/install/my_components/share/my_components/environment/path.dsv
[37.476s] -- Installing: /home/user/ros2_ws/install/my_components/share/my_components/local_setup.bash
[37.477s] -- Installing: /home/user/ros2_ws/install/my_components/share/my_components/local_setup.sh
[37.478s] -- Installing: /home/user/ros2_ws/install/my_components/share/my_components/local_setup.zsh
[37.479s] -- Installing: /home/user/ros2_ws/install/my_components/share/my_components/local_setup.dsv
[37.479s] -- Installing: /home/user/ros2_ws/install/my_components/share/my_components/package.dsv
[37.480s] -- Installing: /home/user/ros2_ws/install/my_components/share/ament_index/resource_index/packages/my_components
[37.485s] -- Installing: /home/user/ros2_ws/install/my_components/share/ament_index/resource_index/rclcpp_components/my_components
[37.485s] -- Installing: /home/user/ros2_ws/install/my_components/share/my_components/cmake/my_componentsConfig.cmake
[37.485s] -- Installing: /home/user/ros2_ws/install/my_components/share/my_components/cmake/my_componentsConfig-version.cmake
[37.485s] -- Installing: /home/user/ros2_ws/install/my_components/share/my_components/package.xml
[37.491s] Invoked command in '/home/user/ros2_ws/build/my_components' returned '0': CMAKE_PREFIX_PATH=${CMAKE_PREFIX_PATH}:/home/simulations/ros2_sims_ws/install/turtlebot3_teleop:/home/simulations/ros2_sims_ws/install/turtlebot3_example:/home/simulations/ros2_sims_ws/install/services_pkg:/opt/ros/humble _=/usr/bin/env /usr/bin/cmake --install /home/user/ros2_ws/build/my_components
