-- Found ament_cmake: 1.3.2 (/opt/ros/humble/share/ament_cmake/cmake)
-- Found rclcpp: 16.0.1 (/opt/ros/humble/share/rclcpp/cmake)
-- Found rosidl_generator_c: 3.1.3 (/opt/ros/humble/share/rosidl_generator_c/cmake)
-- Found rosidl_adapter: 3.1.3 (/opt/ros/humble/share/rosidl_adapter/cmake)
-- Found rosidl_generator_cpp: 3.1.3 (/opt/ros/humble/share/rosidl_generator_cpp/cmake)
-- Using all available rosidl_typesupport_c: rosidl_typesupport_fastrtps_c;rosidl_typesupport_introspection_c
-- Using all available rosidl_typesupport_cpp: rosidl_typesupport_fastrtps_cpp;rosidl_typesupport_introspection_cpp
-- Found rmw_implementation_cmake: 6.1.0 (/opt/ros/humble/share/rmw_implementation_cmake/cmake)
-- Found rmw_fastrtps_cpp: 6.2.1 (/opt/ros/humble/share/rmw_fastrtps_cpp/cmake)
-- Using RMW implementation 'rmw_fastrtps_cpp' as default
-- Found rclcpp_components: 16.0.1 (/opt/ros/humble/share/rclcpp_components/cmake)
-- Found composition: 0.20.2 (/opt/ros/humble/share/composition/cmake)
-- Found geometry_msgs: 4.2.2 (/opt/ros/humble/share/geometry_msgs/cmake)
-- Found nav_msgs: 4.2.2 (/opt/ros/humble/share/nav_msgs/cmake)
-- Found std_srvs: 4.2.2 (/opt/ros/humble/share/std_srvs/cmake)
-- Found ament_lint_auto: 0.12.4 (/opt/ros/humble/share/ament_lint_auto/cmake)
-- Added test 'cppcheck' to perform static code analysis on C / C++ code
-- Configured cppcheck include dirs: /home/user/ros2_ws/src/my_components/include
-- Configured cppcheck exclude dirs and/or files: 
-- Added test 'flake8' to check Python code syntax and style conventions
-- Added test 'lint_cmake' to check CMake code style
-- Added test 'pep257' to check Python code against some of the docstring style conventions in PEP 257
-- Added test 'uncrustify' to check C / C++ code style
-- Configured uncrustify additional arguments: 
-- Added test 'xmllint' to check XML markup files
-- Configuring done
-- Generating done
-- Build files have been written to: /home/user/ros2_ws/build/my_components
[35m[1mConsolidate compiler generated dependencies of target moverobot_component[0m
[ 25%] Built target moverobot_component
[ 37%] [32mBuilding CXX object CMakeFiles/client_component.dir/src/client_component.cpp.o[0m
[ 50%] [32m[1mLinking CXX shared library libclient_component.so[0m
[ 50%] Built target client_component
[35m[1mConsolidate compiler generated dependencies of target manual_composition[0m
[ 75%] Built target manual_composition
[ 87%] [32mBuilding CXX object CMakeFiles/server_component.dir/src/server_component.cpp.o[0m
[100%] [32m[1mLinking CXX shared library libserver_component.so[0m
[100%] Built target server_component
-- Install configuration: ""
-- Up-to-date: /home/user/ros2_ws/install/my_components/lib/my_components/manual_composition
-- Up-to-date: /home/user/ros2_ws/install/my_components/lib/libmoverobot_component.so
-- Installing: /home/user/ros2_ws/install/my_components/lib/libserver_component.so
-- Set runtime path of "/home/user/ros2_ws/install/my_components/lib/libserver_component.so" to ""
-- Installing: /home/user/ros2_ws/install/my_components/lib/libclient_component.so
-- Set runtime path of "/home/user/ros2_ws/install/my_components/lib/libclient_component.so" to ""
-- Up-to-date: /home/user/ros2_ws/install/my_components/share/my_components/launch
-- Up-to-date: /home/user/ros2_ws/install/my_components/share/my_components/launch/moverobot_component.launch.py
-- Up-to-date: /home/user/ros2_ws/install/my_components/share/ament_index/resource_index/package_run_dependencies/my_components
-- Up-to-date: /home/user/ros2_ws/install/my_components/share/ament_index/resource_index/parent_prefix_path/my_components
-- Up-to-date: /home/user/ros2_ws/install/my_components/share/my_components/environment/ament_prefix_path.sh
-- Installing: /home/user/ros2_ws/install/my_components/share/my_components/environment/ament_prefix_path.dsv
-- Up-to-date: /home/user/ros2_ws/install/my_components/share/my_components/environment/path.sh
-- Installing: /home/user/ros2_ws/install/my_components/share/my_components/environment/path.dsv
-- Up-to-date: /home/user/ros2_ws/install/my_components/share/my_components/local_setup.bash
-- Up-to-date: /home/user/ros2_ws/install/my_components/share/my_components/local_setup.sh
-- Up-to-date: /home/user/ros2_ws/install/my_components/share/my_components/local_setup.zsh
-- Installing: /home/user/ros2_ws/install/my_components/share/my_components/local_setup.dsv
-- Installing: /home/user/ros2_ws/install/my_components/share/my_components/package.dsv
-- Up-to-date: /home/user/ros2_ws/install/my_components/share/ament_index/resource_index/packages/my_components
-- Installing: /home/user/ros2_ws/install/my_components/share/ament_index/resource_index/rclcpp_components/my_components
-- Up-to-date: /home/user/ros2_ws/install/my_components/share/my_components/cmake/my_componentsConfig.cmake
-- Up-to-date: /home/user/ros2_ws/install/my_components/share/my_components/cmake/my_componentsConfig-version.cmake
-- Up-to-date: /home/user/ros2_ws/install/my_components/share/my_components/package.xml
