[0.025s] Invoking command in '/home/user/ros2_ws/build/my_components': CMAKE_PREFIX_PATH=${CMAKE_PREFIX_PATH}:/home/simulations/ros2_sims_ws/install/turtlebot3_teleop:/home/simulations/ros2_sims_ws/install/turtlebot3_example:/home/simulations/ros2_sims_ws/install/services_pkg:/opt/ros/humble _=/usr/bin/env /usr/bin/cmake --build /home/user/ros2_ws/build/my_components -- -j8 -l8
[0.061s] -- Found ament_cmake: 1.3.2 (/opt/ros/humble/share/ament_cmake/cmake)
[0.257s] -- Found rclcpp: 16.0.1 (/opt/ros/humble/share/rclcpp/cmake)
[0.301s] -- Found rosidl_generator_c: 3.1.3 (/opt/ros/humble/share/rosidl_generator_c/cmake)
[0.305s] -- Found rosidl_adapter: 3.1.3 (/opt/ros/humble/share/rosidl_adapter/cmake)
[0.316s] -- Found rosidl_generator_cpp: 3.1.3 (/opt/ros/humble/share/rosidl_generator_cpp/cmake)
[0.332s] -- Using all available rosidl_typesupport_c: rosidl_typesupport_fastrtps_c;rosidl_typesupport_introspection_c
[0.351s] -- Using all available rosidl_typesupport_cpp: rosidl_typesupport_fastrtps_cpp;rosidl_typesupport_introspection_cpp
[0.434s] -- Found rmw_implementation_cmake: 6.1.0 (/opt/ros/humble/share/rmw_implementation_cmake/cmake)
[0.437s] -- Found rmw_fastrtps_cpp: 6.2.1 (/opt/ros/humble/share/rmw_fastrtps_cpp/cmake)
[0.654s] -- Using RMW implementation 'rmw_fastrtps_cpp' as default
[0.897s] -- Found rclcpp_components: 16.0.1 (/opt/ros/humble/share/rclcpp_components/cmake)
[0.978s] -- Found composition: 0.20.2 (/opt/ros/humble/share/composition/cmake)
[0.978s] -- Found geometry_msgs: 4.2.2 (/opt/ros/humble/share/geometry_msgs/cmake)
[1.043s] -- Found nav_msgs: 4.2.2 (/opt/ros/humble/share/nav_msgs/cmake)
[1.184s] -- Found std_srvs: 4.2.2 (/opt/ros/humble/share/std_srvs/cmake)
[1.225s] -- Found ament_lint_auto: 0.12.4 (/opt/ros/humble/share/ament_lint_auto/cmake)
[1.338s] -- Added test 'cppcheck' to perform static code analysis on C / C++ code
[1.338s] -- Configured cppcheck include dirs: /home/user/ros2_ws/src/my_components/include
[1.338s] -- Configured cppcheck exclude dirs and/or files: 
[1.339s] -- Added test 'flake8' to check Python code syntax and style conventions
[1.340s] -- Added test 'lint_cmake' to check CMake code style
[1.341s] -- Added test 'pep257' to check Python code against some of the docstring style conventions in PEP 257
[1.342s] -- Added test 'uncrustify' to check C / C++ code style
[1.343s] -- Configured uncrustify additional arguments: 
[1.343s] -- Added test 'xmllint' to check XML markup files
[1.344s] -- Configuring done
[1.375s] -- Generating done
[1.377s] -- Build files have been written to: /home/user/ros2_ws/build/my_components
[1.420s] [35m[1mConsolidate compiler generated dependencies of target moverobot_component[0m
[1.448s] [ 25%] Built target moverobot_component
[1.480s] [ 37%] [32mBuilding CXX object CMakeFiles/client_component.dir/src/client_component.cpp.o[0m
[6.400s] [ 50%] [32m[1mLinking CXX shared library libclient_component.so[0m
[6.580s] [ 50%] Built target client_component
[6.597s] [35m[1mConsolidate compiler generated dependencies of target manual_composition[0m
[6.624s] [ 75%] Built target manual_composition
[6.659s] [ 87%] [32mBuilding CXX object CMakeFiles/server_component.dir/src/server_component.cpp.o[0m
[9.759s] [01m[K/home/user/ros2_ws/src/my_components/src/server_component.cpp:[m[K In lambda function:
[9.759s] [01m[K/home/user/ros2_ws/src/my_components/src/server_component.cpp:18:52:[m[K [01;35m[Kwarning: [m[Kunused parameter '[01m[Krequest[m[K' [[01;35m[K]8;;https://gcc.gnu.org/onlinedocs/gcc/Warning-Options.html#index-Wunused-parameter-Wunused-parameter]8;;[m[K]
[9.759s]    18 |       [this]([01;35m[Kconst std::shared_ptr<Empty::Request> request[m[K,
[9.759s]       |              [01;35m[K~~~~~~~~~~~~~~~~~~~~~~~~~~~~~~~~~~~~~~^~~~~~~[m[K
[9.759s] [01m[K/home/user/ros2_ws/src/my_components/src/server_component.cpp:19:47:[m[K [01;35m[Kwarning: [m[Kunused parameter '[01m[Kresponse[m[K' [[01;35m[K]8;;https://gcc.gnu.org/onlinedocs/gcc/Warning-Options.html#index-Wunused-parameter-Wunused-parameter]8;;[m[K]
[9.760s]    19 |              [01;35m[Kstd::shared_ptr<Empty::Response> response[m[K) -> void {
[9.760s]       |              [01;35m[K~~~~~~~~~~~~~~~~~~~~~~~~~~~~~~~~~^~~~~~~~[m[K
[12.958s] [100%] [32m[1mLinking CXX shared library libserver_component.so[0m
[13.213s] [100%] Built target server_component
[13.228s] Invoked command in '/home/user/ros2_ws/build/my_components' returned '0': CMAKE_PREFIX_PATH=${CMAKE_PREFIX_PATH}:/home/simulations/ros2_sims_ws/install/turtlebot3_teleop:/home/simulations/ros2_sims_ws/install/turtlebot3_example:/home/simulations/ros2_sims_ws/install/services_pkg:/opt/ros/humble _=/usr/bin/env /usr/bin/cmake --build /home/user/ros2_ws/build/my_components -- -j8 -l8
[13.332s] Invoking command in '/home/user/ros2_ws/build/my_components': CMAKE_PREFIX_PATH=${CMAKE_PREFIX_PATH}:/home/simulations/ros2_sims_ws/install/turtlebot3_teleop:/home/simulations/ros2_sims_ws/install/turtlebot3_example:/home/simulations/ros2_sims_ws/install/services_pkg:/opt/ros/humble _=/usr/bin/env /usr/bin/cmake --install /home/user/ros2_ws/build/my_components
[13.343s] -- Install configuration: ""
[13.343s] -- Up-to-date: /home/user/ros2_ws/install/my_components/lib/my_components/manual_composition
[13.344s] -- Up-to-date: /home/user/ros2_ws/install/my_components/lib/libmoverobot_component.so
[13.344s] -- Installing: /home/user/ros2_ws/install/my_components/lib/libserver_component.so
[13.348s] -- Set runtime path of "/home/user/ros2_ws/install/my_components/lib/libserver_component.so" to ""
[13.348s] -- Installing: /home/user/ros2_ws/install/my_components/lib/libclient_component.so
[13.351s] -- Set runtime path of "/home/user/ros2_ws/install/my_components/lib/libclient_component.so" to ""
[13.351s] -- Up-to-date: /home/user/ros2_ws/install/my_components/share/my_components/launch
[13.351s] -- Up-to-date: /home/user/ros2_ws/install/my_components/share/my_components/launch/moverobot_component.launch.py
[13.352s] -- Up-to-date: /home/user/ros2_ws/install/my_components/share/ament_index/resource_index/package_run_dependencies/my_components
[13.352s] -- Up-to-date: /home/user/ros2_ws/install/my_components/share/ament_index/resource_index/parent_prefix_path/my_components
[13.352s] -- Up-to-date: /home/user/ros2_ws/install/my_components/share/my_components/environment/ament_prefix_path.sh
[13.352s] -- Installing: /home/user/ros2_ws/install/my_components/share/my_components/environment/ament_prefix_path.dsv
[13.352s] -- Up-to-date: /home/user/ros2_ws/install/my_components/share/my_components/environment/path.sh
[13.353s] -- Installing: /home/user/ros2_ws/install/my_components/share/my_components/environment/path.dsv
[13.353s] -- Up-to-date: /home/user/ros2_ws/install/my_components/share/my_components/local_setup.bash
[13.353s] -- Up-to-date: /home/user/ros2_ws/install/my_components/share/my_components/local_setup.sh
[13.353s] -- Up-to-date: /home/user/ros2_ws/install/my_components/share/my_components/local_setup.zsh
[13.353s] -- Installing: /home/user/ros2_ws/install/my_components/share/my_components/local_setup.dsv
[13.353s] -- Installing: /home/user/ros2_ws/install/my_components/share/my_components/package.dsv
[13.367s] -- Up-to-date: /home/user/ros2_ws/install/my_components/share/ament_index/resource_index/packages/my_components
[13.367s] -- Installing: /home/user/ros2_ws/install/my_components/share/ament_index/resource_index/rclcpp_components/my_components
[13.367s] -- Up-to-date: /home/user/ros2_ws/install/my_components/share/my_components/cmake/my_componentsConfig.cmake
[13.367s] -- Up-to-date: /home/user/ros2_ws/install/my_components/share/my_components/cmake/my_componentsConfig-version.cmake
[13.367s] -- Up-to-date: /home/user/ros2_ws/install/my_components/share/my_components/package.xml
[13.367s] Invoked command in '/home/user/ros2_ws/build/my_components' returned '0': CMAKE_PREFIX_PATH=${CMAKE_PREFIX_PATH}:/home/simulations/ros2_sims_ws/install/turtlebot3_teleop:/home/simulations/ros2_sims_ws/install/turtlebot3_example:/home/simulations/ros2_sims_ws/install/services_pkg:/opt/ros/humble _=/usr/bin/env /usr/bin/cmake --install /home/user/ros2_ws/build/my_components
