[35m[1mConsolidate compiler generated dependencies of target simple_publisher_node[0m
[ 33%] Built target simple_publisher_node
[35m[1mConsolidate compiler generated dependencies of target velocity_publisher_node[0m
[ 66%] Built target velocity_publisher_node
[35m[1mConsolidate compiler generated dependencies of target move_robot_node[0m
[100%] Built target move_robot_node
-- Install configuration: ""
-- Installing: /home/user/ros2_ws/install/topic_publisher_pkg/lib/topic_publisher_pkg/simple_publisher_node
-- Set runtime path of "/home/user/ros2_ws/install/topic_publisher_pkg/lib/topic_publisher_pkg/simple_publisher_node" to ""
-- Installing: /home/user/ros2_ws/install/topic_publisher_pkg/lib/topic_publisher_pkg/move_robot_node
-- Set runtime path of "/home/user/ros2_ws/install/topic_publisher_pkg/lib/topic_publisher_pkg/move_robot_node" to ""
-- Installing: /home/user/ros2_ws/install/topic_publisher_pkg/lib/topic_publisher_pkg/velocity_publisher_node
-- Set runtime path of "/home/user/ros2_ws/install/topic_publisher_pkg/lib/topic_publisher_pkg/velocity_publisher_node" to ""
-- Installing: /home/user/ros2_ws/install/topic_publisher_pkg/share/topic_publisher_pkg//launch
-- Installing: /home/user/ros2_ws/install/topic_publisher_pkg/share/topic_publisher_pkg//launch/velocity_publisher.launch.py
-- Installing: /home/user/ros2_ws/install/topic_publisher_pkg/share/topic_publisher_pkg//launch/simple_topic_publisher.launch.py
-- Installing: /home/user/ros2_ws/install/topic_publisher_pkg/share/topic_publisher_pkg//launch/move_robot.launch.py
-- Installing: /home/user/ros2_ws/install/topic_publisher_pkg/share/ament_index/resource_index/package_run_dependencies/topic_publisher_pkg
-- Installing: /home/user/ros2_ws/install/topic_publisher_pkg/share/ament_index/resource_index/parent_prefix_path/topic_publisher_pkg
-- Installing: /home/user/ros2_ws/install/topic_publisher_pkg/share/topic_publisher_pkg/environment/ament_prefix_path.sh
-- Installing: /home/user/ros2_ws/install/topic_publisher_pkg/share/topic_publisher_pkg/environment/ament_prefix_path.dsv
-- Installing: /home/user/ros2_ws/install/topic_publisher_pkg/share/topic_publisher_pkg/environment/path.sh
-- Installing: /home/user/ros2_ws/install/topic_publisher_pkg/share/topic_publisher_pkg/environment/path.dsv
-- Installing: /home/user/ros2_ws/install/topic_publisher_pkg/share/topic_publisher_pkg/local_setup.bash
-- Installing: /home/user/ros2_ws/install/topic_publisher_pkg/share/topic_publisher_pkg/local_setup.sh
-- Installing: /home/user/ros2_ws/install/topic_publisher_pkg/share/topic_publisher_pkg/local_setup.zsh
-- Installing: /home/user/ros2_ws/install/topic_publisher_pkg/share/topic_publisher_pkg/local_setup.dsv
-- Installing: /home/user/ros2_ws/install/topic_publisher_pkg/share/topic_publisher_pkg/package.dsv
-- Installing: /home/user/ros2_ws/install/topic_publisher_pkg/share/ament_index/resource_index/packages/topic_publisher_pkg
-- Installing: /home/user/ros2_ws/install/topic_publisher_pkg/share/topic_publisher_pkg/cmake/topic_publisher_pkgConfig.cmake
-- Installing: /home/user/ros2_ws/install/topic_publisher_pkg/share/topic_publisher_pkg/cmake/topic_publisher_pkgConfig-version.cmake
-- Installing: /home/user/ros2_ws/install/topic_publisher_pkg/share/topic_publisher_pkg/package.xml
