[0.230s] Invoking command in '/home/user/ros2_ws/build/my_components': CMAKE_PREFIX_PATH=${CMAKE_PREFIX_PATH}:/home/simulations/ros2_sims_ws/install/turtlebot3_teleop:/home/simulations/ros2_sims_ws/install/turtlebot3_example:/home/simulations/ros2_sims_ws/install/services_pkg:/opt/ros/humble _=/usr/bin/env /usr/bin/cmake --build /home/user/ros2_ws/build/my_components -- -j8 -l8
[0.530s] -- Found ament_cmake: 1.3.2 (/opt/ros/humble/share/ament_cmake/cmake)
[1.349s] -- Found rclcpp: 16.0.1 (/opt/ros/humble/share/rclcpp/cmake)
[1.748s] -- Found rosidl_generator_c: 3.1.3 (/opt/ros/humble/share/rosidl_generator_c/cmake)
[1.771s] -- Found rosidl_adapter: 3.1.3 (/opt/ros/humble/share/rosidl_adapter/cmake)
[1.828s] -- Found rosidl_generator_cpp: 3.1.3 (/opt/ros/humble/share/rosidl_generator_cpp/cmake)
[1.922s] -- Using all available rosidl_typesupport_c: rosidl_typesupport_fastrtps_c;rosidl_typesupport_introspection_c
[2.045s] -- Using all available rosidl_typesupport_cpp: rosidl_typesupport_fastrtps_cpp;rosidl_typesupport_introspection_cpp
[2.451s] -- Found rmw_implementation_cmake: 6.1.0 (/opt/ros/humble/share/rmw_implementation_cmake/cmake)
[2.460s] -- Found rmw_fastrtps_cpp: 6.2.1 (/opt/ros/humble/share/rmw_fastrtps_cpp/cmake)
[3.330s] -- Using RMW implementation 'rmw_fastrtps_cpp' as default
[4.317s] -- Found rclcpp_components: 16.0.1 (/opt/ros/humble/share/rclcpp_components/cmake)
[4.625s] -- Found composition: 0.20.2 (/opt/ros/humble/share/composition/cmake)
[4.627s] -- Found geometry_msgs: 4.2.2 (/opt/ros/humble/share/geometry_msgs/cmake)
[4.848s] -- Found ament_lint_auto: 0.12.4 (/opt/ros/humble/share/ament_lint_auto/cmake)
[5.320s] -- Added test 'cppcheck' to perform static code analysis on C / C++ code
[5.321s] -- Configured cppcheck include dirs: /home/user/ros2_ws/src/my_components/include
[5.321s] -- Configured cppcheck exclude dirs and/or files: 
[5.322s] -- Added test 'flake8' to check Python code syntax and style conventions
[5.323s] -- Added test 'lint_cmake' to check CMake code style
[5.325s] -- Added test 'pep257' to check Python code against some of the docstring style conventions in PEP 257
[5.330s] -- Added test 'uncrustify' to check C / C++ code style
[5.330s] -- Configured uncrustify additional arguments: 
[5.330s] -- Added test 'xmllint' to check XML markup files
[5.341s] -- Configuring done
[5.429s] -- Generating done
[5.431s] -- Build files have been written to: /home/user/ros2_ws/build/my_components
[5.543s] [35m[1mConsolidate compiler generated dependencies of target moverobot_component[0m
[5.648s] [100%] Built target moverobot_component
[5.715s] Invoked command in '/home/user/ros2_ws/build/my_components' returned '0': CMAKE_PREFIX_PATH=${CMAKE_PREFIX_PATH}:/home/simulations/ros2_sims_ws/install/turtlebot3_teleop:/home/simulations/ros2_sims_ws/install/turtlebot3_example:/home/simulations/ros2_sims_ws/install/services_pkg:/opt/ros/humble _=/usr/bin/env /usr/bin/cmake --build /home/user/ros2_ws/build/my_components -- -j8 -l8
[6.021s] Invoking command in '/home/user/ros2_ws/build/my_components': CMAKE_PREFIX_PATH=${CMAKE_PREFIX_PATH}:/home/simulations/ros2_sims_ws/install/turtlebot3_teleop:/home/simulations/ros2_sims_ws/install/turtlebot3_example:/home/simulations/ros2_sims_ws/install/services_pkg:/opt/ros/humble _=/usr/bin/env /usr/bin/cmake --install /home/user/ros2_ws/build/my_components
[6.042s] -- Install configuration: ""
[6.042s] -- Up-to-date: /home/user/ros2_ws/install/my_components/lib/libmoverobot_component.so
[6.042s] -- Installing: /home/user/ros2_ws/install/my_components/share/my_components/launch
[6.042s] -- Installing: /home/user/ros2_ws/install/my_components/share/my_components/launch/moverobot_component.launch.py
[6.043s] -- Up-to-date: /home/user/ros2_ws/install/my_components/share/ament_index/resource_index/package_run_dependencies/my_components
[6.043s] -- Installing: /home/user/ros2_ws/install/my_components/share/ament_index/resource_index/parent_prefix_path/my_components
[6.043s] -- Up-to-date: /home/user/ros2_ws/install/my_components/share/my_components/environment/ament_prefix_path.sh
[6.043s] -- Installing: /home/user/ros2_ws/install/my_components/share/my_components/environment/ament_prefix_path.dsv
[6.044s] -- Up-to-date: /home/user/ros2_ws/install/my_components/share/my_components/environment/path.sh
[6.044s] -- Installing: /home/user/ros2_ws/install/my_components/share/my_components/environment/path.dsv
[6.044s] -- Up-to-date: /home/user/ros2_ws/install/my_components/share/my_components/local_setup.bash
[6.044s] -- Up-to-date: /home/user/ros2_ws/install/my_components/share/my_components/local_setup.sh
[6.045s] -- Up-to-date: /home/user/ros2_ws/install/my_components/share/my_components/local_setup.zsh
[6.045s] -- Installing: /home/user/ros2_ws/install/my_components/share/my_components/local_setup.dsv
[6.045s] -- Installing: /home/user/ros2_ws/install/my_components/share/my_components/package.dsv
[6.045s] -- Up-to-date: /home/user/ros2_ws/install/my_components/share/ament_index/resource_index/packages/my_components
[6.045s] -- Up-to-date: /home/user/ros2_ws/install/my_components/share/ament_index/resource_index/rclcpp_components/my_components
[6.045s] -- Up-to-date: /home/user/ros2_ws/install/my_components/share/my_components/cmake/my_componentsConfig.cmake
[6.045s] -- Up-to-date: /home/user/ros2_ws/install/my_components/share/my_components/cmake/my_componentsConfig-version.cmake
[6.045s] -- Up-to-date: /home/user/ros2_ws/install/my_components/share/my_components/package.xml
[6.051s] Invoked command in '/home/user/ros2_ws/build/my_components' returned '0': CMAKE_PREFIX_PATH=${CMAKE_PREFIX_PATH}:/home/simulations/ros2_sims_ws/install/turtlebot3_teleop:/home/simulations/ros2_sims_ws/install/turtlebot3_example:/home/simulations/ros2_sims_ws/install/services_pkg:/opt/ros/humble _=/usr/bin/env /usr/bin/cmake --install /home/user/ros2_ws/build/my_components
