[0.234s] Invoking command in '/home/user/ros2_ws/build/my_action_client': AMENT_PREFIX_PATH=/home/user/ros2_ws/install/custom_interfaces:${AMENT_PREFIX_PATH} CMAKE_PREFIX_PATH=/home/user/ros2_ws/install/custom_interfaces:/home/simulations/ros2_sims_ws/install/turtlebot3:/home/simulations/ros2_sims_ws/install/turtlebot3_simulations:/home/simulations/ros2_sims_ws/install/turtlebot3_navigation2:/home/simulations/ros2_sims_ws/install/turtlebot3_msgs:/home/simulations/ros2_sims_ws/install/turtlebot3_gazebo:/home/simulations/ros2_sims_ws/install/turtlebot3_bringup:/home/simulations/ros2_sims_ws/install/turtlebot3_description:/home/simulations/ros2_sims_ws/install/turtlebot3_cartographer:/home/simulations/ros2_sims_ws/install/turtlebot3_as:/home/simulations/ros2_sims_ws/install/t3_action_msg:/home/simulations/ros2_sims_ws/install/dynamixel_sdk:/home/user/ros2_ws/install/logs_test:/home/user/ros2_ws/install/actions_quiz:/home/user/ros2_ws/install/actions_quiz_msg:/home/simulations/ros2_sims_ws/install/turtlebot3_teleop:/home/simulations/ros2_sims_ws/install/turtlebot3_example:/home/simulations/ros2_sims_ws/install/services_pkg:/opt/ros/humble LD_LIBRARY_PATH=/home/user/ros2_ws/install/custom_interfaces/lib:/usr/local/cuda-10.2/lib64:/home/user/.catkin_ws_python3/src/TensorRT-7.0.0.11/lib:/home/simulations/ros2_sims_ws/install/turtlebot3_msgs/lib:/home/simulations/ros2_sims_ws/install/t3_action_msg/lib:/home/simulations/ros2_sims_ws/install/dynamixel_sdk/lib:/home/user/ros2_ws/install/actions_quiz_msg/lib:/opt/ros/humble/opt/rviz_ogre_vendor/lib:/opt/ros/humble/lib/x86_64-linux-gnu:/opt/ros/humble/lib:/usr/local/cuda-10.2/lib64:/home/user/.catkin_ws_python3/src/TensorRT-7.0.0.11/lib:/usr/lib/x86_64-linux-gnu/gazebo-11/plugins:/usr/lib/x86_64-linux-gnu/gazebo-11/plugins:/usr/lib/x86_64-linux-gnu/gazebo-11/plugins PYTHONPATH=/home/user/ros2_ws/install/custom_interfaces/local/lib/python3.10/dist-packages:${PYTHONPATH} _=/usr/bin/env /usr/bin/cmake /home/user/ros2_ws/src/my_action_client -DCMAKE_INSTALL_PREFIX=/home/user/ros2_ws/install/my_action_client
[0.607s] -- The C compiler identification is GNU 11.2.0
[0.916s] -- The CXX compiler identification is GNU 11.2.0
[0.933s] -- Detecting C compiler ABI info
[1.432s] -- Detecting C compiler ABI info - done
[1.513s] -- Check for working C compiler: /usr/bin/cc - skipped
[1.518s] -- Detecting C compile features
[1.519s] -- Detecting C compile features - done
[1.531s] -- Detecting CXX compiler ABI info
[2.298s] -- Detecting CXX compiler ABI info - done
[2.328s] -- Check for working CXX compiler: /usr/bin/c++ - skipped
[2.329s] -- Detecting CXX compile features
[2.330s] -- Detecting CXX compile features - done
[2.398s] -- Found ament_cmake: 1.3.2 (/opt/ros/humble/share/ament_cmake/cmake)
[3.809s] -- Found Python3: /usr/bin/python3.10 (found version "3.10.6") found components: Interpreter 
[4.718s] -- Found rclcpp: 16.0.1 (/opt/ros/humble/share/rclcpp/cmake)
[5.228s] -- Found rosidl_generator_c: 3.1.3 (/opt/ros/humble/share/rosidl_generator_c/cmake)
[5.397s] -- Found rosidl_adapter: 3.1.3 (/opt/ros/humble/share/rosidl_adapter/cmake)
[5.429s] -- Found rosidl_generator_cpp: 3.1.3 (/opt/ros/humble/share/rosidl_generator_cpp/cmake)
[5.597s] -- Using all available rosidl_typesupport_c: rosidl_typesupport_fastrtps_c;rosidl_typesupport_introspection_c
[5.802s] -- Using all available rosidl_typesupport_cpp: rosidl_typesupport_fastrtps_cpp;rosidl_typesupport_introspection_cpp
[6.523s] -- Found rmw_implementation_cmake: 6.1.0 (/opt/ros/humble/share/rmw_implementation_cmake/cmake)
[6.602s] -- Found rmw_fastrtps_cpp: 6.2.1 (/opt/ros/humble/share/rmw_fastrtps_cpp/cmake)
[7.626s] -- Found OpenSSL: /usr/lib/x86_64-linux-gnu/libcrypto.so (found version "3.0.2")  
[7.900s] -- Found FastRTPS: /opt/ros/humble/include  
[8.419s] -- Using RMW implementation 'rmw_fastrtps_cpp' as default
[9.611s] -- Found rclcpp_action: 16.0.1 (/opt/ros/humble/share/rclcpp_action/cmake)
[10.421s] -- Found t3_action_msg: 0.0.0 (/home/simulations/ros2_sims_ws/install/t3_action_msg/share/t3_action_msg/cmake)
[10.815s] -- Found custom_interfaces: 0.0.0 (/home/user/ros2_ws/install/custom_interfaces/share/custom_interfaces/cmake)
[11.449s] -- Found geometry_msgs: 4.2.2 (/opt/ros/humble/share/geometry_msgs/cmake)
[11.730s] -- Found ament_lint_auto: 0.12.4 (/opt/ros/humble/share/ament_lint_auto/cmake)
[12.417s] -- Added test 'cppcheck' to perform static code analysis on C / C++ code
[12.417s] -- Configured cppcheck include dirs: 
[12.417s] -- Configured cppcheck exclude dirs and/or files: 
[12.418s] -- Added test 'flake8' to check Python code syntax and style conventions
[12.423s] -- Added test 'lint_cmake' to check CMake code style
[12.427s] -- Added test 'pep257' to check Python code against some of the docstring style conventions in PEP 257
[12.434s] -- Added test 'uncrustify' to check C / C++ code style
[12.434s] -- Configured uncrustify additional arguments: 
[12.434s] -- Added test 'xmllint' to check XML markup files
[12.440s] -- Configuring done
[12.528s] -- Generating done
[12.599s] -- Build files have been written to: /home/user/ros2_ws/build/my_action_client
[12.634s] Invoked command in '/home/user/ros2_ws/build/my_action_client' returned '0': AMENT_PREFIX_PATH=/home/user/ros2_ws/install/custom_interfaces:${AMENT_PREFIX_PATH} CMAKE_PREFIX_PATH=/home/user/ros2_ws/install/custom_interfaces:/home/simulations/ros2_sims_ws/install/turtlebot3:/home/simulations/ros2_sims_ws/install/turtlebot3_simulations:/home/simulations/ros2_sims_ws/install/turtlebot3_navigation2:/home/simulations/ros2_sims_ws/install/turtlebot3_msgs:/home/simulations/ros2_sims_ws/install/turtlebot3_gazebo:/home/simulations/ros2_sims_ws/install/turtlebot3_bringup:/home/simulations/ros2_sims_ws/install/turtlebot3_description:/home/simulations/ros2_sims_ws/install/turtlebot3_cartographer:/home/simulations/ros2_sims_ws/install/turtlebot3_as:/home/simulations/ros2_sims_ws/install/t3_action_msg:/home/simulations/ros2_sims_ws/install/dynamixel_sdk:/home/user/ros2_ws/install/logs_test:/home/user/ros2_ws/install/actions_quiz:/home/user/ros2_ws/install/actions_quiz_msg:/home/simulations/ros2_sims_ws/install/turtlebot3_teleop:/home/simulations/ros2_sims_ws/install/turtlebot3_example:/home/simulations/ros2_sims_ws/install/services_pkg:/opt/ros/humble LD_LIBRARY_PATH=/home/user/ros2_ws/install/custom_interfaces/lib:/usr/local/cuda-10.2/lib64:/home/user/.catkin_ws_python3/src/TensorRT-7.0.0.11/lib:/home/simulations/ros2_sims_ws/install/turtlebot3_msgs/lib:/home/simulations/ros2_sims_ws/install/t3_action_msg/lib:/home/simulations/ros2_sims_ws/install/dynamixel_sdk/lib:/home/user/ros2_ws/install/actions_quiz_msg/lib:/opt/ros/humble/opt/rviz_ogre_vendor/lib:/opt/ros/humble/lib/x86_64-linux-gnu:/opt/ros/humble/lib:/usr/local/cuda-10.2/lib64:/home/user/.catkin_ws_python3/src/TensorRT-7.0.0.11/lib:/usr/lib/x86_64-linux-gnu/gazebo-11/plugins:/usr/lib/x86_64-linux-gnu/gazebo-11/plugins:/usr/lib/x86_64-linux-gnu/gazebo-11/plugins PYTHONPATH=/home/user/ros2_ws/install/custom_interfaces/local/lib/python3.10/dist-packages:${PYTHONPATH} _=/usr/bin/env /usr/bin/cmake /home/user/ros2_ws/src/my_action_client -DCMAKE_INSTALL_PREFIX=/home/user/ros2_ws/install/my_action_client
[12.635s] Invoking command in '/home/user/ros2_ws/build/my_action_client': AMENT_PREFIX_PATH=/home/user/ros2_ws/install/custom_interfaces:${AMENT_PREFIX_PATH} CMAKE_PREFIX_PATH=/home/user/ros2_ws/install/custom_interfaces:/home/simulations/ros2_sims_ws/install/turtlebot3:/home/simulations/ros2_sims_ws/install/turtlebot3_simulations:/home/simulations/ros2_sims_ws/install/turtlebot3_navigation2:/home/simulations/ros2_sims_ws/install/turtlebot3_msgs:/home/simulations/ros2_sims_ws/install/turtlebot3_gazebo:/home/simulations/ros2_sims_ws/install/turtlebot3_bringup:/home/simulations/ros2_sims_ws/install/turtlebot3_description:/home/simulations/ros2_sims_ws/install/turtlebot3_cartographer:/home/simulations/ros2_sims_ws/install/turtlebot3_as:/home/simulations/ros2_sims_ws/install/t3_action_msg:/home/simulations/ros2_sims_ws/install/dynamixel_sdk:/home/user/ros2_ws/install/logs_test:/home/user/ros2_ws/install/actions_quiz:/home/user/ros2_ws/install/actions_quiz_msg:/home/simulations/ros2_sims_ws/install/turtlebot3_teleop:/home/simulations/ros2_sims_ws/install/turtlebot3_example:/home/simulations/ros2_sims_ws/install/services_pkg:/opt/ros/humble LD_LIBRARY_PATH=/home/user/ros2_ws/install/custom_interfaces/lib:/usr/local/cuda-10.2/lib64:/home/user/.catkin_ws_python3/src/TensorRT-7.0.0.11/lib:/home/simulations/ros2_sims_ws/install/turtlebot3_msgs/lib:/home/simulations/ros2_sims_ws/install/t3_action_msg/lib:/home/simulations/ros2_sims_ws/install/dynamixel_sdk/lib:/home/user/ros2_ws/install/actions_quiz_msg/lib:/opt/ros/humble/opt/rviz_ogre_vendor/lib:/opt/ros/humble/lib/x86_64-linux-gnu:/opt/ros/humble/lib:/usr/local/cuda-10.2/lib64:/home/user/.catkin_ws_python3/src/TensorRT-7.0.0.11/lib:/usr/lib/x86_64-linux-gnu/gazebo-11/plugins:/usr/lib/x86_64-linux-gnu/gazebo-11/plugins:/usr/lib/x86_64-linux-gnu/gazebo-11/plugins PYTHONPATH=/home/user/ros2_ws/install/custom_interfaces/local/lib/python3.10/dist-packages:${PYTHONPATH} _=/usr/bin/env /usr/bin/cmake --build /home/user/ros2_ws/build/my_action_client -- -j8 -l8
[13.109s] [ 50%] [32mBuilding CXX object CMakeFiles/action_client_node.dir/src/action_client.cpp.o[0m
[193.251s] [100%] [32m[1mLinking CXX executable action_client_node[0m
[194.016s] [100%] Built target action_client_node
