[0.092s] Invoking command in '/home/user/ros2_ws/build/my_package': CMAKE_PREFIX_PATH=${CMAKE_PREFIX_PATH}:/home/simulations/ros2_sims_ws/install/turtlebot3_teleop:/home/simulations/ros2_sims_ws/install/turtlebot3_example:/home/simulations/ros2_sims_ws/install/services_pkg:/opt/ros/humble _=/usr/bin/env /usr/bin/cmake /home/user/ros2_ws/src/my_package -DCMAKE_INSTALL_PREFIX=/home/user/ros2_ws/install/my_package
[0.502s] -- The C compiler identification is GNU 11.2.0
[0.890s] -- The CXX compiler identification is GNU 11.2.0
[0.904s] -- Detecting C compiler ABI info
[1.311s] -- Detecting C compiler ABI info - done
[1.390s] -- Check for working C compiler: /usr/bin/cc - skipped
[1.390s] -- Detecting C compile features
[1.390s] -- Detecting C compile features - done
[1.394s] -- Detecting CXX compiler ABI info
[1.891s] -- Detecting CXX compiler ABI info - done
[1.908s] -- Check for working CXX compiler: /usr/bin/c++ - skipped
[1.908s] -- Detecting CXX compile features
[1.909s] -- Detecting CXX compile features - done
[1.923s] -- Found ament_cmake: 1.3.2 (/opt/ros/humble/share/ament_cmake/cmake)
[3.213s] -- Found Python3: /usr/bin/python3.10 (found version "3.10.6") found components: Interpreter 
[4.190s] -- Found rclcpp: 16.0.1 (/opt/ros/humble/share/rclcpp/cmake)
[4.719s] -- Found rosidl_generator_c: 3.1.3 (/opt/ros/humble/share/rosidl_generator_c/cmake)
[4.804s] -- Found rosidl_adapter: 3.1.3 (/opt/ros/humble/share/rosidl_adapter/cmake)
[4.898s] -- Found rosidl_generator_cpp: 3.1.3 (/opt/ros/humble/share/rosidl_generator_cpp/cmake)
[5.007s] -- Using all available rosidl_typesupport_c: rosidl_typesupport_fastrtps_c;rosidl_typesupport_introspection_c
[5.288s] -- Using all available rosidl_typesupport_cpp: rosidl_typesupport_fastrtps_cpp;rosidl_typesupport_introspection_cpp
[5.915s] -- Found rmw_implementation_cmake: 6.1.0 (/opt/ros/humble/share/rmw_implementation_cmake/cmake)
[5.990s] -- Found rmw_fastrtps_cpp: 6.2.1 (/opt/ros/humble/share/rmw_fastrtps_cpp/cmake)
[7.216s] -- Found OpenSSL: /usr/lib/x86_64-linux-gnu/libcrypto.so (found version "3.0.2")  
[7.503s] -- Found FastRTPS: /opt/ros/humble/include  
[8.083s] -- Using RMW implementation 'rmw_fastrtps_cpp' as default
[9.218s] -- Found ament_lint_auto: 0.12.4 (/opt/ros/humble/share/ament_lint_auto/cmake)
[10.006s] -- Added test 'copyright' to check source files copyright and LICENSE
[10.009s] -- Added test 'cppcheck' to perform static code analysis on C / C++ code
[10.010s] -- Configured cppcheck include dirs: 
[10.010s] -- Configured cppcheck exclude dirs and/or files: 
[10.012s] -- Added test 'cpplint' to check C / C++ code against the Google style
[10.012s] -- Configured cpplint exclude dirs and/or files: 
[10.014s] -- Added test 'flake8' to check Python code syntax and style conventions
[10.083s] -- Added test 'lint_cmake' to check CMake code style
[10.083s] -- Added test 'pep257' to check Python code against some of the docstring style conventions in PEP 257
[10.084s] -- Added test 'uncrustify' to check C / C++ code style
[10.084s] -- Configured uncrustify additional arguments: 
[10.086s] -- Added test 'xmllint' to check XML markup files
[10.090s] -- Configuring done
[10.107s] -- Generating done
[10.113s] -- Build files have been written to: /home/user/ros2_ws/build/my_package
[10.209s] Invoked command in '/home/user/ros2_ws/build/my_package' returned '0': CMAKE_PREFIX_PATH=${CMAKE_PREFIX_PATH}:/home/simulations/ros2_sims_ws/install/turtlebot3_teleop:/home/simulations/ros2_sims_ws/install/turtlebot3_example:/home/simulations/ros2_sims_ws/install/services_pkg:/opt/ros/humble _=/usr/bin/env /usr/bin/cmake /home/user/ros2_ws/src/my_package -DCMAKE_INSTALL_PREFIX=/home/user/ros2_ws/install/my_package
[10.210s] Invoking command in '/home/user/ros2_ws/build/my_package': CMAKE_PREFIX_PATH=${CMAKE_PREFIX_PATH}:/home/simulations/ros2_sims_ws/install/turtlebot3_teleop:/home/simulations/ros2_sims_ws/install/turtlebot3_example:/home/simulations/ros2_sims_ws/install/services_pkg:/opt/ros/humble _=/usr/bin/env /usr/bin/cmake --build /home/user/ros2_ws/build/my_package -- -j8 -l8
[28.308s] [ 50%] [32mBuilding CXX object CMakeFiles/simple_node.dir/src/simple.cpp.o[0m
[28.308s] [100%] [32m[1mLinking CXX executable simple_node[0m
[28.807s] [100%] Built target simple_node
[28.987s] Invoked command in '/home/user/ros2_ws/build/my_package' returned '0': CMAKE_PREFIX_PATH=${CMAKE_PREFIX_PATH}:/home/simulations/ros2_sims_ws/install/turtlebot3_teleop:/home/simulations/ros2_sims_ws/install/turtlebot3_example:/home/simulations/ros2_sims_ws/install/services_pkg:/opt/ros/humble _=/usr/bin/env /usr/bin/cmake --build /home/user/ros2_ws/build/my_package -- -j8 -l8
[29.388s] Invoking command in '/home/user/ros2_ws/build/my_package': CMAKE_PREFIX_PATH=${CMAKE_PREFIX_PATH}:/home/simulations/ros2_sims_ws/install/turtlebot3_teleop:/home/simulations/ros2_sims_ws/install/turtlebot3_example:/home/simulations/ros2_sims_ws/install/services_pkg:/opt/ros/humble _=/usr/bin/env /usr/bin/cmake --install /home/user/ros2_ws/build/my_package
[29.407s] -- Install configuration: ""
[29.408s] -- Installing: /home/user/ros2_ws/install/my_package/lib/my_package/simple_node
[29.409s] -- Set runtime path of "/home/user/ros2_ws/install/my_package/lib/my_package/simple_node" to ""
[29.409s] -- Installing: /home/user/ros2_ws/install/my_package/share/my_package//launch
[29.409s] -- Installing: /home/user/ros2_ws/install/my_package/share/my_package//launch/my_package_launch_file.launch.py
[29.411s] -- Installing: /home/user/ros2_ws/install/my_package/share/ament_index/resource_index/package_run_dependencies/my_package
[29.411s] -- Installing: /home/user/ros2_ws/install/my_package/share/ament_index/resource_index/parent_prefix_path/my_package
[29.411s] -- Installing: /home/user/ros2_ws/install/my_package/share/my_package/environment/ament_prefix_path.sh
[29.412s] -- Installing: /home/user/ros2_ws/install/my_package/share/my_package/environment/ament_prefix_path.dsv
[29.412s] -- Installing: /home/user/ros2_ws/install/my_package/share/my_package/environment/path.sh
[29.413s] -- Installing: /home/user/ros2_ws/install/my_package/share/my_package/environment/path.dsv
[29.413s] -- Installing: /home/user/ros2_ws/install/my_package/share/my_package/local_setup.bash
[29.413s] -- Installing: /home/user/ros2_ws/install/my_package/share/my_package/local_setup.sh
[29.413s] -- Installing: /home/user/ros2_ws/install/my_package/share/my_package/local_setup.zsh
[29.414s] -- Installing: /home/user/ros2_ws/install/my_package/share/my_package/local_setup.dsv
[29.414s] -- Installing: /home/user/ros2_ws/install/my_package/share/my_package/package.dsv
[29.414s] -- Installing: /home/user/ros2_ws/install/my_package/share/ament_index/resource_index/packages/my_package
[29.415s] -- Installing: /home/user/ros2_ws/install/my_package/share/my_package/cmake/my_packageConfig.cmake
[29.415s] -- Installing: /home/user/ros2_ws/install/my_package/share/my_package/cmake/my_packageConfig-version.cmake
[29.415s] -- Installing: /home/user/ros2_ws/install/my_package/share/my_package/package.xml
[29.484s] Invoked command in '/home/user/ros2_ws/build/my_package' returned '0': CMAKE_PREFIX_PATH=${CMAKE_PREFIX_PATH}:/home/simulations/ros2_sims_ws/install/turtlebot3_teleop:/home/simulations/ros2_sims_ws/install/turtlebot3_example:/home/simulations/ros2_sims_ws/install/services_pkg:/opt/ros/humble _=/usr/bin/env /usr/bin/cmake --install /home/user/ros2_ws/build/my_package
