[35m[1mConsolidate compiler generated dependencies of target moverobot_component[0m
[100%] Built target moverobot_component
-- Install configuration: ""
-- Up-to-date: /home/user/ros2_ws/install/my_components/lib/libmoverobot_component.so
-- Up-to-date: /home/user/ros2_ws/install/my_components/share/ament_index/resource_index/package_run_dependencies/my_components
-- Up-to-date: /home/user/ros2_ws/install/my_components/share/ament_index/resource_index/parent_prefix_path/my_components
-- Up-to-date: /home/user/ros2_ws/install/my_components/share/my_components/environment/ament_prefix_path.sh
-- Up-to-date: /home/user/ros2_ws/install/my_components/share/my_components/environment/ament_prefix_path.dsv
-- Up-to-date: /home/user/ros2_ws/install/my_components/share/my_components/environment/path.sh
-- Up-to-date: /home/user/ros2_ws/install/my_components/share/my_components/environment/path.dsv
-- Up-to-date: /home/user/ros2_ws/install/my_components/share/my_components/local_setup.bash
-- Up-to-date: /home/user/ros2_ws/install/my_components/share/my_components/local_setup.sh
-- Up-to-date: /home/user/ros2_ws/install/my_components/share/my_components/local_setup.zsh
-- Up-to-date: /home/user/ros2_ws/install/my_components/share/my_components/local_setup.dsv
-- Installing: /home/user/ros2_ws/install/my_components/share/my_components/package.dsv
-- Up-to-date: /home/user/ros2_ws/install/my_components/share/ament_index/resource_index/packages/my_components
-- Up-to-date: /home/user/ros2_ws/install/my_components/share/ament_index/resource_index/rclcpp_components/my_components
-- Up-to-date: /home/user/ros2_ws/install/my_components/share/my_components/cmake/my_componentsConfig.cmake
-- Up-to-date: /home/user/ros2_ws/install/my_components/share/my_components/cmake/my_componentsConfig-version.cmake
-- Up-to-date: /home/user/ros2_ws/install/my_components/share/my_components/package.xml
