[0.043s] Invoking command in '/home/user/ros2_ws/build/my_components': CMAKE_PREFIX_PATH=${CMAKE_PREFIX_PATH}:/home/simulations/ros2_sims_ws/install/turtlebot3_teleop:/home/simulations/ros2_sims_ws/install/turtlebot3_example:/home/simulations/ros2_sims_ws/install/services_pkg:/opt/ros/humble _=/usr/bin/env /usr/bin/cmake --build /home/user/ros2_ws/build/my_components -- -j8 -l8
[0.175s] [35m[1mConsolidate compiler generated dependencies of target moverobot_component[0m
[0.209s] [100%] Built target moverobot_component
[0.224s] Invoked command in '/home/user/ros2_ws/build/my_components' returned '0': CMAKE_PREFIX_PATH=${CMAKE_PREFIX_PATH}:/home/simulations/ros2_sims_ws/install/turtlebot3_teleop:/home/simulations/ros2_sims_ws/install/turtlebot3_example:/home/simulations/ros2_sims_ws/install/services_pkg:/opt/ros/humble _=/usr/bin/env /usr/bin/cmake --build /home/user/ros2_ws/build/my_components -- -j8 -l8
[0.309s] Invoking command in '/home/user/ros2_ws/build/my_components': CMAKE_PREFIX_PATH=${CMAKE_PREFIX_PATH}:/home/simulations/ros2_sims_ws/install/turtlebot3_teleop:/home/simulations/ros2_sims_ws/install/turtlebot3_example:/home/simulations/ros2_sims_ws/install/services_pkg:/opt/ros/humble _=/usr/bin/env /usr/bin/cmake --install /home/user/ros2_ws/build/my_components
[0.327s] -- Install configuration: ""
[0.327s] -- Up-to-date: /home/user/ros2_ws/install/my_components/lib/libmoverobot_component.so
[0.327s] -- Up-to-date: /home/user/ros2_ws/install/my_components/share/ament_index/resource_index/package_run_dependencies/my_components
[0.327s] -- Up-to-date: /home/user/ros2_ws/install/my_components/share/ament_index/resource_index/parent_prefix_path/my_components
[0.327s] -- Up-to-date: /home/user/ros2_ws/install/my_components/share/my_components/environment/ament_prefix_path.sh
[0.327s] -- Up-to-date: /home/user/ros2_ws/install/my_components/share/my_components/environment/ament_prefix_path.dsv
[0.327s] -- Up-to-date: /home/user/ros2_ws/install/my_components/share/my_components/environment/path.sh
[0.327s] -- Up-to-date: /home/user/ros2_ws/install/my_components/share/my_components/environment/path.dsv
[0.327s] -- Up-to-date: /home/user/ros2_ws/install/my_components/share/my_components/local_setup.bash
[0.327s] -- Up-to-date: /home/user/ros2_ws/install/my_components/share/my_components/local_setup.sh
[0.327s] -- Up-to-date: /home/user/ros2_ws/install/my_components/share/my_components/local_setup.zsh
[0.327s] -- Up-to-date: /home/user/ros2_ws/install/my_components/share/my_components/local_setup.dsv
[0.328s] -- Installing: /home/user/ros2_ws/install/my_components/share/my_components/package.dsv
[0.328s] -- Up-to-date: /home/user/ros2_ws/install/my_components/share/ament_index/resource_index/packages/my_components
[0.328s] -- Up-to-date: /home/user/ros2_ws/install/my_components/share/ament_index/resource_index/rclcpp_components/my_components
[0.329s] -- Up-to-date: /home/user/ros2_ws/install/my_components/share/my_components/cmake/my_componentsConfig.cmake
[0.329s] -- Up-to-date: /home/user/ros2_ws/install/my_components/share/my_components/cmake/my_componentsConfig-version.cmake
[0.329s] -- Up-to-date: /home/user/ros2_ws/install/my_components/share/my_components/package.xml
[0.331s] Invoked command in '/home/user/ros2_ws/build/my_components' returned '0': CMAKE_PREFIX_PATH=${CMAKE_PREFIX_PATH}:/home/simulations/ros2_sims_ws/install/turtlebot3_teleop:/home/simulations/ros2_sims_ws/install/turtlebot3_example:/home/simulations/ros2_sims_ws/install/services_pkg:/opt/ros/humble _=/usr/bin/env /usr/bin/cmake --install /home/user/ros2_ws/build/my_components
