[0.025s] Invoking command in '/home/user/ros2_ws/build/my_components': CMAKE_PREFIX_PATH=${CMAKE_PREFIX_PATH}:/home/simulations/ros2_sims_ws/install/turtlebot3_teleop:/home/simulations/ros2_sims_ws/install/turtlebot3_example:/home/simulations/ros2_sims_ws/install/services_pkg:/opt/ros/humble _=/usr/bin/env /usr/bin/cmake --build /home/user/ros2_ws/build/my_components -- -j8 -l8
[0.070s] -- Found ament_cmake: 1.3.2 (/opt/ros/humble/share/ament_cmake/cmake)
[0.281s] -- Found rclcpp: 16.0.1 (/opt/ros/humble/share/rclcpp/cmake)
[0.330s] -- Found rosidl_generator_c: 3.1.3 (/opt/ros/humble/share/rosidl_generator_c/cmake)
[0.334s] -- Found rosidl_adapter: 3.1.3 (/opt/ros/humble/share/rosidl_adapter/cmake)
[0.343s] -- Found rosidl_generator_cpp: 3.1.3 (/opt/ros/humble/share/rosidl_generator_cpp/cmake)
[0.361s] -- Using all available rosidl_typesupport_c: rosidl_typesupport_fastrtps_c;rosidl_typesupport_introspection_c
[0.385s] -- Using all available rosidl_typesupport_cpp: rosidl_typesupport_fastrtps_cpp;rosidl_typesupport_introspection_cpp
[0.477s] -- Found rmw_implementation_cmake: 6.1.0 (/opt/ros/humble/share/rmw_implementation_cmake/cmake)
[0.481s] -- Found rmw_fastrtps_cpp: 6.2.1 (/opt/ros/humble/share/rmw_fastrtps_cpp/cmake)
[0.718s] -- Using RMW implementation 'rmw_fastrtps_cpp' as default
[0.948s] -- Found rclcpp_components: 16.0.1 (/opt/ros/humble/share/rclcpp_components/cmake)
[1.041s] -- Found composition: 0.20.2 (/opt/ros/humble/share/composition/cmake)
[1.041s] -- Found geometry_msgs: 4.2.2 (/opt/ros/humble/share/geometry_msgs/cmake)
[1.106s] -- Found nav_msgs: 4.2.2 (/opt/ros/humble/share/nav_msgs/cmake)
[1.234s] -- Found ament_lint_auto: 0.12.4 (/opt/ros/humble/share/ament_lint_auto/cmake)
[1.341s] -- Added test 'cppcheck' to perform static code analysis on C / C++ code
[1.341s] -- Configured cppcheck include dirs: /home/user/ros2_ws/src/my_components/include
[1.341s] -- Configured cppcheck exclude dirs and/or files: 
[1.342s] -- Added test 'flake8' to check Python code syntax and style conventions
[1.342s] -- Added test 'lint_cmake' to check CMake code style
[1.343s] -- Added test 'pep257' to check Python code against some of the docstring style conventions in PEP 257
[1.344s] -- Added test 'uncrustify' to check C / C++ code style
[1.344s] -- Configured uncrustify additional arguments: 
[1.345s] -- Added test 'xmllint' to check XML markup files
[1.346s] -- Configuring done
[1.368s] -- Generating done
[1.370s] -- Build files have been written to: /home/user/ros2_ws/build/my_components
[1.406s] [35m[1mConsolidate compiler generated dependencies of target moverobot_component[0m
[1.432s] [ 50%] Built target moverobot_component
[1.457s] [35m[1mConsolidate compiler generated dependencies of target manual_composition[0m
[1.488s] [ 75%] [32mBuilding CXX object CMakeFiles/manual_composition.dir/src/manual_composition.cpp.o[0m
[13.038s] [100%] [32m[1mLinking CXX executable manual_composition[0m
[13.509s] [100%] Built target manual_composition
[13.525s] Invoked command in '/home/user/ros2_ws/build/my_components' returned '0': CMAKE_PREFIX_PATH=${CMAKE_PREFIX_PATH}:/home/simulations/ros2_sims_ws/install/turtlebot3_teleop:/home/simulations/ros2_sims_ws/install/turtlebot3_example:/home/simulations/ros2_sims_ws/install/services_pkg:/opt/ros/humble _=/usr/bin/env /usr/bin/cmake --build /home/user/ros2_ws/build/my_components -- -j8 -l8
[13.630s] Invoking command in '/home/user/ros2_ws/build/my_components': CMAKE_PREFIX_PATH=${CMAKE_PREFIX_PATH}:/home/simulations/ros2_sims_ws/install/turtlebot3_teleop:/home/simulations/ros2_sims_ws/install/turtlebot3_example:/home/simulations/ros2_sims_ws/install/services_pkg:/opt/ros/humble _=/usr/bin/env /usr/bin/cmake --install /home/user/ros2_ws/build/my_components
[13.643s] -- Install configuration: ""
[13.643s] -- Installing: /home/user/ros2_ws/install/my_components/lib/my_components/manual_composition
[13.650s] -- Set runtime path of "/home/user/ros2_ws/install/my_components/lib/my_components/manual_composition" to ""
[13.651s] -- Installing: /home/user/ros2_ws/install/my_components/lib/libmoverobot_component.so
[13.655s] -- Set runtime path of "/home/user/ros2_ws/install/my_components/lib/libmoverobot_component.so" to ""
[13.655s] -- Up-to-date: /home/user/ros2_ws/install/my_components/share/my_components/launch
[13.655s] -- Up-to-date: /home/user/ros2_ws/install/my_components/share/my_components/launch/moverobot_component.launch.py
[13.655s] -- Installing: /home/user/ros2_ws/install/my_components/share/ament_index/resource_index/package_run_dependencies/my_components
[13.655s] -- Installing: /home/user/ros2_ws/install/my_components/share/ament_index/resource_index/parent_prefix_path/my_components
[13.655s] -- Up-to-date: /home/user/ros2_ws/install/my_components/share/my_components/environment/ament_prefix_path.sh
[13.656s] -- Installing: /home/user/ros2_ws/install/my_components/share/my_components/environment/ament_prefix_path.dsv
[13.656s] -- Up-to-date: /home/user/ros2_ws/install/my_components/share/my_components/environment/path.sh
[13.656s] -- Installing: /home/user/ros2_ws/install/my_components/share/my_components/environment/path.dsv
[13.656s] -- Up-to-date: /home/user/ros2_ws/install/my_components/share/my_components/local_setup.bash
[13.656s] -- Up-to-date: /home/user/ros2_ws/install/my_components/share/my_components/local_setup.sh
[13.656s] -- Up-to-date: /home/user/ros2_ws/install/my_components/share/my_components/local_setup.zsh
[13.656s] -- Installing: /home/user/ros2_ws/install/my_components/share/my_components/local_setup.dsv
[13.656s] -- Installing: /home/user/ros2_ws/install/my_components/share/my_components/package.dsv
[13.657s] -- Up-to-date: /home/user/ros2_ws/install/my_components/share/ament_index/resource_index/packages/my_components
[13.657s] -- Up-to-date: /home/user/ros2_ws/install/my_components/share/ament_index/resource_index/rclcpp_components/my_components
[13.657s] -- Up-to-date: /home/user/ros2_ws/install/my_components/share/my_components/cmake/my_componentsConfig.cmake
[13.657s] -- Up-to-date: /home/user/ros2_ws/install/my_components/share/my_components/cmake/my_componentsConfig-version.cmake
[13.657s] -- Installing: /home/user/ros2_ws/install/my_components/share/my_components/package.xml
[13.660s] Invoked command in '/home/user/ros2_ws/build/my_components' returned '0': CMAKE_PREFIX_PATH=${CMAKE_PREFIX_PATH}:/home/simulations/ros2_sims_ws/install/turtlebot3_teleop:/home/simulations/ros2_sims_ws/install/turtlebot3_example:/home/simulations/ros2_sims_ws/install/services_pkg:/opt/ros/humble _=/usr/bin/env /usr/bin/cmake --install /home/user/ros2_ws/build/my_components
