[  3%] Built target actions_quiz_msg__cpp
[  3%] Built target ament_cmake_python_copy_actions_quiz_msg
[ 12%] Built target actions_quiz_msg__rosidl_typesupport_introspection_cpp
running egg_info
writing actions_quiz_msg.egg-info/PKG-INFO
writing dependency_links to actions_quiz_msg.egg-info/dependency_links.txt
writing top-level names to actions_quiz_msg.egg-info/top_level.txt
reading manifest file 'actions_quiz_msg.egg-info/SOURCES.txt'
writing manifest file 'actions_quiz_msg.egg-info/SOURCES.txt'
[ 12%] Built target ament_cmake_python_build_actions_quiz_msg_egg
[ 22%] Built target actions_quiz_msg__rosidl_typesupport_fastrtps_cpp
[ 32%] Built target actions_quiz_msg__rosidl_typesupport_cpp
[ 41%] Built target actions_quiz_msg__rosidl_generator_c
[ 51%] Built target actions_quiz_msg__rosidl_typesupport_fastrtps_c
[ 61%] Built target actions_quiz_msg__rosidl_typesupport_c
[ 70%] Built target actions_quiz_msg__rosidl_typesupport_introspection_c
[ 70%] Built target actions_quiz_msg
[ 74%] Built target actions_quiz_msg__py
[ 80%] Built target actions_quiz_msg__rosidl_generator_py
[ 87%] Built target actions_quiz_msg__rosidl_typesupport_fastrtps_c__pyext
[ 93%] Built target actions_quiz_msg__rosidl_typesupport_c__pyext
[100%] Built target actions_quiz_msg__rosidl_typesupport_introspection_c__pyext
-- Install configuration: ""
-- Up-to-date: /home/user/ros2_ws/install/actions_quiz_msg/share/ament_index/resource_index/rosidl_interfaces/actions_quiz_msg
-- Up-to-date: /home/user/ros2_ws/install/actions_quiz_msg/include/actions_quiz_msg/actions_quiz_msg
-- Up-to-date: /home/user/ros2_ws/install/actions_quiz_msg/include/actions_quiz_msg/actions_quiz_msg/msg
-- Up-to-date: /home/user/ros2_ws/install/actions_quiz_msg/include/actions_quiz_msg/actions_quiz_msg/msg/rosidl_generator_c__visibility_control.h
-- Up-to-date: /home/user/ros2_ws/install/actions_quiz_msg/include/actions_quiz_msg/actions_quiz_msg/action
-- Up-to-date: /home/user/ros2_ws/install/actions_quiz_msg/include/actions_quiz_msg/actions_quiz_msg/action/detail
-- Up-to-date: /home/user/ros2_ws/install/actions_quiz_msg/include/actions_quiz_msg/actions_quiz_msg/action/detail/distance__functions.c
-- Up-to-date: /home/user/ros2_ws/install/actions_quiz_msg/include/actions_quiz_msg/actions_quiz_msg/action/detail/distance__functions.h
-- Up-to-date: /home/user/ros2_ws/install/actions_quiz_msg/include/actions_quiz_msg/actions_quiz_msg/action/detail/distance__type_support.h
-- Up-to-date: /home/user/ros2_ws/install/actions_quiz_msg/include/actions_quiz_msg/actions_quiz_msg/action/detail/distance__struct.h
-- Up-to-date: /home/user/ros2_ws/install/actions_quiz_msg/include/actions_quiz_msg/actions_quiz_msg/action/distance.h
-- Up-to-date: /home/user/ros2_ws/install/actions_quiz_msg/share/actions_quiz_msg/environment/library_path.sh
-- Up-to-date: /home/user/ros2_ws/install/actions_quiz_msg/share/actions_quiz_msg/environment/library_path.dsv
-- Up-to-date: /home/user/ros2_ws/install/actions_quiz_msg/lib/libactions_quiz_msg__rosidl_generator_c.so
-- Up-to-date: /home/user/ros2_ws/install/actions_quiz_msg/include/actions_quiz_msg/actions_quiz_msg
-- Up-to-date: /home/user/ros2_ws/install/actions_quiz_msg/include/actions_quiz_msg/actions_quiz_msg/msg
-- Up-to-date: /home/user/ros2_ws/install/actions_quiz_msg/include/actions_quiz_msg/actions_quiz_msg/msg/rosidl_typesupport_fastrtps_c__visibility_control.h
-- Up-to-date: /home/user/ros2_ws/install/actions_quiz_msg/include/actions_quiz_msg/actions_quiz_msg/action
-- Up-to-date: /home/user/ros2_ws/install/actions_quiz_msg/include/actions_quiz_msg/actions_quiz_msg/action/detail
-- Up-to-date: /home/user/ros2_ws/install/actions_quiz_msg/include/actions_quiz_msg/actions_quiz_msg/action/detail/distance__rosidl_typesupport_fastrtps_c.h
-- Up-to-date: /home/user/ros2_ws/install/actions_quiz_msg/lib/libactions_quiz_msg__rosidl_typesupport_fastrtps_c.so
-- Up-to-date: /home/user/ros2_ws/install/actions_quiz_msg/include/actions_quiz_msg/actions_quiz_msg
-- Up-to-date: /home/user/ros2_ws/install/actions_quiz_msg/include/actions_quiz_msg/actions_quiz_msg/msg
-- Up-to-date: /home/user/ros2_ws/install/actions_quiz_msg/include/actions_quiz_msg/actions_quiz_msg/msg/rosidl_typesupport_introspection_c__visibility_control.h
-- Up-to-date: /home/user/ros2_ws/install/actions_quiz_msg/include/actions_quiz_msg/actions_quiz_msg/action
-- Up-to-date: /home/user/ros2_ws/install/actions_quiz_msg/include/actions_quiz_msg/actions_quiz_msg/action/detail
-- Up-to-date: /home/user/ros2_ws/install/actions_quiz_msg/include/actions_quiz_msg/actions_quiz_msg/action/detail/distance__rosidl_typesupport_introspection_c.h
-- Up-to-date: /home/user/ros2_ws/install/actions_quiz_msg/include/actions_quiz_msg/actions_quiz_msg/action/detail/distance__type_support.c
-- Up-to-date: /home/user/ros2_ws/install/actions_quiz_msg/lib/libactions_quiz_msg__rosidl_typesupport_introspection_c.so
-- Up-to-date: /home/user/ros2_ws/install/actions_quiz_msg/lib/libactions_quiz_msg__rosidl_typesupport_c.so
-- Up-to-date: /home/user/ros2_ws/install/actions_quiz_msg/include/actions_quiz_msg/actions_quiz_msg
-- Up-to-date: /home/user/ros2_ws/install/actions_quiz_msg/include/actions_quiz_msg/actions_quiz_msg/action
-- Up-to-date: /home/user/ros2_ws/install/actions_quiz_msg/include/actions_quiz_msg/actions_quiz_msg/action/detail
-- Up-to-date: /home/user/ros2_ws/install/actions_quiz_msg/include/actions_quiz_msg/actions_quiz_msg/action/detail/distance__builder.hpp
-- Up-to-date: /home/user/ros2_ws/install/actions_quiz_msg/include/actions_quiz_msg/actions_quiz_msg/action/detail/distance__struct.hpp
-- Up-to-date: /home/user/ros2_ws/install/actions_quiz_msg/include/actions_quiz_msg/actions_quiz_msg/action/detail/distance__traits.hpp
-- Up-to-date: /home/user/ros2_ws/install/actions_quiz_msg/include/actions_quiz_msg/actions_quiz_msg/action/distance.hpp
-- Up-to-date: /home/user/ros2_ws/install/actions_quiz_msg/include/actions_quiz_msg/actions_quiz_msg
-- Up-to-date: /home/user/ros2_ws/install/actions_quiz_msg/include/actions_quiz_msg/actions_quiz_msg/msg
-- Up-to-date: /home/user/ros2_ws/install/actions_quiz_msg/include/actions_quiz_msg/actions_quiz_msg/msg/rosidl_typesupport_fastrtps_cpp__visibility_control.h
-- Up-to-date: /home/user/ros2_ws/install/actions_quiz_msg/include/actions_quiz_msg/actions_quiz_msg/action
-- Up-to-date: /home/user/ros2_ws/install/actions_quiz_msg/include/actions_quiz_msg/actions_quiz_msg/action/detail
-- Up-to-date: /home/user/ros2_ws/install/actions_quiz_msg/include/actions_quiz_msg/actions_quiz_msg/action/detail/distance__rosidl_typesupport_fastrtps_cpp.hpp
-- Up-to-date: /home/user/ros2_ws/install/actions_quiz_msg/include/actions_quiz_msg/actions_quiz_msg/action/detail/dds_fastrtps
-- Up-to-date: /home/user/ros2_ws/install/actions_quiz_msg/lib/libactions_quiz_msg__rosidl_typesupport_fastrtps_cpp.so
-- Up-to-date: /home/user/ros2_ws/install/actions_quiz_msg/include/actions_quiz_msg/actions_quiz_msg
-- Up-to-date: /home/user/ros2_ws/install/actions_quiz_msg/include/actions_quiz_msg/actions_quiz_msg/action
-- Up-to-date: /home/user/ros2_ws/install/actions_quiz_msg/include/actions_quiz_msg/actions_quiz_msg/action/detail
-- Up-to-date: /home/user/ros2_ws/install/actions_quiz_msg/include/actions_quiz_msg/actions_quiz_msg/action/detail/distance__rosidl_typesupport_introspection_cpp.hpp
-- Up-to-date: /home/user/ros2_ws/install/actions_quiz_msg/include/actions_quiz_msg/actions_quiz_msg/action/detail/distance__type_support.cpp
-- Up-to-date: /home/user/ros2_ws/install/actions_quiz_msg/lib/libactions_quiz_msg__rosidl_typesupport_introspection_cpp.so
-- Up-to-date: /home/user/ros2_ws/install/actions_quiz_msg/lib/libactions_quiz_msg__rosidl_typesupport_cpp.so
-- Up-to-date: /home/user/ros2_ws/install/actions_quiz_msg/share/actions_quiz_msg/environment/pythonpath.sh
-- Up-to-date: /home/user/ros2_ws/install/actions_quiz_msg/share/actions_quiz_msg/environment/pythonpath.dsv
-- Up-to-date: /home/user/ros2_ws/install/actions_quiz_msg/local/lib/python3.10/dist-packages/actions_quiz_msg-0.0.0-py3.10.egg-info
-- Installing: /home/user/ros2_ws/install/actions_quiz_msg/local/lib/python3.10/dist-packages/actions_quiz_msg-0.0.0-py3.10.egg-info/PKG-INFO
-- Installing: /home/user/ros2_ws/install/actions_quiz_msg/local/lib/python3.10/dist-packages/actions_quiz_msg-0.0.0-py3.10.egg-info/top_level.txt
-- Installing: /home/user/ros2_ws/install/actions_quiz_msg/local/lib/python3.10/dist-packages/actions_quiz_msg-0.0.0-py3.10.egg-info/SOURCES.txt
-- Installing: /home/user/ros2_ws/install/actions_quiz_msg/local/lib/python3.10/dist-packages/actions_quiz_msg-0.0.0-py3.10.egg-info/dependency_links.txt
-- Up-to-date: /home/user/ros2_ws/install/actions_quiz_msg/local/lib/python3.10/dist-packages/actions_quiz_msg
-- Up-to-date: /home/user/ros2_ws/install/actions_quiz_msg/local/lib/python3.10/dist-packages/actions_quiz_msg/actions_quiz_msg_s__rosidl_typesupport_fastrtps_c.cpython-310-x86_64-linux-gnu.so
-- Up-to-date: /home/user/ros2_ws/install/actions_quiz_msg/local/lib/python3.10/dist-packages/actions_quiz_msg/actions_quiz_msg_s__rosidl_typesupport_c.cpython-310-x86_64-linux-gnu.so
-- Up-to-date: /home/user/ros2_ws/install/actions_quiz_msg/local/lib/python3.10/dist-packages/actions_quiz_msg/_actions_quiz_msg_s.ep.rosidl_typesupport_introspection_c.c
-- Up-to-date: /home/user/ros2_ws/install/actions_quiz_msg/local/lib/python3.10/dist-packages/actions_quiz_msg/libactions_quiz_msg__rosidl_generator_py.so
-- Up-to-date: /home/user/ros2_ws/install/actions_quiz_msg/local/lib/python3.10/dist-packages/actions_quiz_msg/actions_quiz_msg_s__rosidl_typesupport_introspection_c.cpython-310-x86_64-linux-gnu.so
-- Up-to-date: /home/user/ros2_ws/install/actions_quiz_msg/local/lib/python3.10/dist-packages/actions_quiz_msg/__init__.py
-- Up-to-date: /home/user/ros2_ws/install/actions_quiz_msg/local/lib/python3.10/dist-packages/actions_quiz_msg/_actions_quiz_msg_s.ep.rosidl_typesupport_fastrtps_c.c
-- Up-to-date: /home/user/ros2_ws/install/actions_quiz_msg/local/lib/python3.10/dist-packages/actions_quiz_msg/_actions_quiz_msg_s.ep.rosidl_typesupport_c.c
-- Up-to-date: /home/user/ros2_ws/install/actions_quiz_msg/local/lib/python3.10/dist-packages/actions_quiz_msg/action
-- Up-to-date: /home/user/ros2_ws/install/actions_quiz_msg/local/lib/python3.10/dist-packages/actions_quiz_msg/action/__init__.py
-- Up-to-date: /home/user/ros2_ws/install/actions_quiz_msg/local/lib/python3.10/dist-packages/actions_quiz_msg/action/_distance_s.c
-- Up-to-date: /home/user/ros2_ws/install/actions_quiz_msg/local/lib/python3.10/dist-packages/actions_quiz_msg/action/_distance.py
Listing '/home/user/ros2_ws/install/actions_quiz_msg/local/lib/python3.10/dist-packages/actions_quiz_msg'...
Listing '/home/user/ros2_ws/install/actions_quiz_msg/local/lib/python3.10/dist-packages/actions_quiz_msg/action'...
-- Up-to-date: /home/user/ros2_ws/install/actions_quiz_msg/local/lib/python3.10/dist-packages/actions_quiz_msg/actions_quiz_msg_s__rosidl_typesupport_fastrtps_c.cpython-310-x86_64-linux-gnu.so
-- Up-to-date: /home/user/ros2_ws/install/actions_quiz_msg/local/lib/python3.10/dist-packages/actions_quiz_msg/actions_quiz_msg_s__rosidl_typesupport_introspection_c.cpython-310-x86_64-linux-gnu.so
-- Up-to-date: /home/user/ros2_ws/install/actions_quiz_msg/local/lib/python3.10/dist-packages/actions_quiz_msg/actions_quiz_msg_s__rosidl_typesupport_c.cpython-310-x86_64-linux-gnu.so
-- Up-to-date: /home/user/ros2_ws/install/actions_quiz_msg/lib/libactions_quiz_msg__rosidl_generator_py.so
-- Up-to-date: /home/user/ros2_ws/install/actions_quiz_msg/share/actions_quiz_msg/action/Distance.idl
-- Up-to-date: /home/user/ros2_ws/install/actions_quiz_msg/share/actions_quiz_msg/action/Distance.action
-- Up-to-date: /home/user/ros2_ws/install/actions_quiz_msg/share/ament_index/resource_index/package_run_dependencies/actions_quiz_msg
-- Up-to-date: /home/user/ros2_ws/install/actions_quiz_msg/share/ament_index/resource_index/parent_prefix_path/actions_quiz_msg
-- Up-to-date: /home/user/ros2_ws/install/actions_quiz_msg/share/actions_quiz_msg/environment/ament_prefix_path.sh
-- Up-to-date: /home/user/ros2_ws/install/actions_quiz_msg/share/actions_quiz_msg/environment/ament_prefix_path.dsv
-- Up-to-date: /home/user/ros2_ws/install/actions_quiz_msg/share/actions_quiz_msg/environment/path.sh
-- Up-to-date: /home/user/ros2_ws/install/actions_quiz_msg/share/actions_quiz_msg/environment/path.dsv
-- Up-to-date: /home/user/ros2_ws/install/actions_quiz_msg/share/actions_quiz_msg/local_setup.bash
-- Up-to-date: /home/user/ros2_ws/install/actions_quiz_msg/share/actions_quiz_msg/local_setup.sh
-- Up-to-date: /home/user/ros2_ws/install/actions_quiz_msg/share/actions_quiz_msg/local_setup.zsh
-- Up-to-date: /home/user/ros2_ws/install/actions_quiz_msg/share/actions_quiz_msg/local_setup.dsv
-- Installing: /home/user/ros2_ws/install/actions_quiz_msg/share/actions_quiz_msg/package.dsv
-- Up-to-date: /home/user/ros2_ws/install/actions_quiz_msg/share/ament_index/resource_index/packages/actions_quiz_msg
-- Up-to-date: /home/user/ros2_ws/install/actions_quiz_msg/share/actions_quiz_msg/cmake/export_actions_quiz_msg__rosidl_generator_cExport.cmake
-- Up-to-date: /home/user/ros2_ws/install/actions_quiz_msg/share/actions_quiz_msg/cmake/export_actions_quiz_msg__rosidl_generator_cExport-noconfig.cmake
-- Up-to-date: /home/user/ros2_ws/install/actions_quiz_msg/share/actions_quiz_msg/cmake/export_actions_quiz_msg__rosidl_typesupport_fastrtps_cExport.cmake
-- Up-to-date: /home/user/ros2_ws/install/actions_quiz_msg/share/actions_quiz_msg/cmake/export_actions_quiz_msg__rosidl_typesupport_fastrtps_cExport-noconfig.cmake
-- Up-to-date: /home/user/ros2_ws/install/actions_quiz_msg/share/actions_quiz_msg/cmake/actions_quiz_msg__rosidl_typesupport_introspection_cExport.cmake
-- Up-to-date: /home/user/ros2_ws/install/actions_quiz_msg/share/actions_quiz_msg/cmake/actions_quiz_msg__rosidl_typesupport_introspection_cExport-noconfig.cmake
-- Up-to-date: /home/user/ros2_ws/install/actions_quiz_msg/share/actions_quiz_msg/cmake/actions_quiz_msg__rosidl_typesupport_cExport.cmake
-- Up-to-date: /home/user/ros2_ws/install/actions_quiz_msg/share/actions_quiz_msg/cmake/actions_quiz_msg__rosidl_typesupport_cExport-noconfig.cmake
-- Up-to-date: /home/user/ros2_ws/install/actions_quiz_msg/share/actions_quiz_msg/cmake/export_actions_quiz_msg__rosidl_generator_cppExport.cmake
-- Up-to-date: /home/user/ros2_ws/install/actions_quiz_msg/share/actions_quiz_msg/cmake/export_actions_quiz_msg__rosidl_typesupport_fastrtps_cppExport.cmake
-- Up-to-date: /home/user/ros2_ws/install/actions_quiz_msg/share/actions_quiz_msg/cmake/export_actions_quiz_msg__rosidl_typesupport_fastrtps_cppExport-noconfig.cmake
-- Up-to-date: /home/user/ros2_ws/install/actions_quiz_msg/share/actions_quiz_msg/cmake/actions_quiz_msg__rosidl_typesupport_introspection_cppExport.cmake
-- Up-to-date: /home/user/ros2_ws/install/actions_quiz_msg/share/actions_quiz_msg/cmake/actions_quiz_msg__rosidl_typesupport_introspection_cppExport-noconfig.cmake
-- Up-to-date: /home/user/ros2_ws/install/actions_quiz_msg/share/actions_quiz_msg/cmake/actions_quiz_msg__rosidl_typesupport_cppExport.cmake
-- Up-to-date: /home/user/ros2_ws/install/actions_quiz_msg/share/actions_quiz_msg/cmake/actions_quiz_msg__rosidl_typesupport_cppExport-noconfig.cmake
-- Up-to-date: /home/user/ros2_ws/install/actions_quiz_msg/share/actions_quiz_msg/cmake/export_actions_quiz_msg__rosidl_generator_pyExport.cmake
-- Up-to-date: /home/user/ros2_ws/install/actions_quiz_msg/share/actions_quiz_msg/cmake/export_actions_quiz_msg__rosidl_generator_pyExport-noconfig.cmake
-- Up-to-date: /home/user/ros2_ws/install/actions_quiz_msg/share/actions_quiz_msg/cmake/rosidl_cmake-extras.cmake
-- Up-to-date: /home/user/ros2_ws/install/actions_quiz_msg/share/actions_quiz_msg/cmake/ament_cmake_export_dependencies-extras.cmake
-- Up-to-date: /home/user/ros2_ws/install/actions_quiz_msg/share/actions_quiz_msg/cmake/ament_cmake_export_include_directories-extras.cmake
-- Up-to-date: /home/user/ros2_ws/install/actions_quiz_msg/share/actions_quiz_msg/cmake/ament_cmake_export_libraries-extras.cmake
-- Up-to-date: /home/user/ros2_ws/install/actions_quiz_msg/share/actions_quiz_msg/cmake/ament_cmake_export_targets-extras.cmake
-- Up-to-date: /home/user/ros2_ws/install/actions_quiz_msg/share/actions_quiz_msg/cmake/rosidl_cmake_export_typesupport_targets-extras.cmake
-- Up-to-date: /home/user/ros2_ws/install/actions_quiz_msg/share/actions_quiz_msg/cmake/rosidl_cmake_export_typesupport_libraries-extras.cmake
-- Up-to-date: /home/user/ros2_ws/install/actions_quiz_msg/share/actions_quiz_msg/cmake/actions_quiz_msgConfig.cmake
-- Up-to-date: /home/user/ros2_ws/install/actions_quiz_msg/share/actions_quiz_msg/cmake/actions_quiz_msgConfig-version.cmake
-- Up-to-date: /home/user/ros2_ws/install/actions_quiz_msg/share/actions_quiz_msg/package.xml
