[35m[1mConsolidate compiler generated dependencies of target rotate_server[0m
[ 50%] Built target rotate_server
[35m[1mConsolidate compiler generated dependencies of target rotate_client[0m
[100%] Built target rotate_client
-- Install configuration: ""
-- Installing: /home/user/ros2_ws/install/services_quiz/lib/services_quiz/rotate_server
-- Set runtime path of "/home/user/ros2_ws/install/services_quiz/lib/services_quiz/rotate_server" to ""
-- Installing: /home/user/ros2_ws/install/services_quiz/lib/services_quiz/rotate_client
-- Set runtime path of "/home/user/ros2_ws/install/services_quiz/lib/services_quiz/rotate_client" to ""
-- Installing: /home/user/ros2_ws/install/services_quiz/share/services_quiz/launch
-- Installing: /home/user/ros2_ws/install/services_quiz/share/services_quiz/launch/services_quiz_client.launch.py
-- Installing: /home/user/ros2_ws/install/services_quiz/share/services_quiz/launch/services_quiz_server.launch.py
-- Installing: /home/user/ros2_ws/install/services_quiz/share/ament_index/resource_index/package_run_dependencies/services_quiz
-- Installing: /home/user/ros2_ws/install/services_quiz/share/ament_index/resource_index/parent_prefix_path/services_quiz
-- Installing: /home/user/ros2_ws/install/services_quiz/share/services_quiz/environment/ament_prefix_path.sh
-- Installing: /home/user/ros2_ws/install/services_quiz/share/services_quiz/environment/ament_prefix_path.dsv
-- Installing: /home/user/ros2_ws/install/services_quiz/share/services_quiz/environment/path.sh
-- Installing: /home/user/ros2_ws/install/services_quiz/share/services_quiz/environment/path.dsv
-- Installing: /home/user/ros2_ws/install/services_quiz/share/services_quiz/local_setup.bash
-- Installing: /home/user/ros2_ws/install/services_quiz/share/services_quiz/local_setup.sh
-- Installing: /home/user/ros2_ws/install/services_quiz/share/services_quiz/local_setup.zsh
-- Installing: /home/user/ros2_ws/install/services_quiz/share/services_quiz/local_setup.dsv
-- Installing: /home/user/ros2_ws/install/services_quiz/share/services_quiz/package.dsv
-- Installing: /home/user/ros2_ws/install/services_quiz/share/ament_index/resource_index/packages/services_quiz
-- Installing: /home/user/ros2_ws/install/services_quiz/share/services_quiz/cmake/services_quizConfig.cmake
-- Installing: /home/user/ros2_ws/install/services_quiz/share/services_quiz/cmake/services_quizConfig-version.cmake
-- Installing: /home/user/ros2_ws/install/services_quiz/share/services_quiz/package.xml
