[0.296s] Invoking command in '/home/user/ros2_ws/build/my_action_server': AMENT_PREFIX_PATH=/home/user/ros2_ws/install/custom_interfaces:${AMENT_PREFIX_PATH} CMAKE_PREFIX_PATH=/home/user/ros2_ws/install/custom_interfaces:/home/simulations/ros2_sims_ws/install/turtlebot3:/home/simulations/ros2_sims_ws/install/turtlebot3_simulations:/home/simulations/ros2_sims_ws/install/turtlebot3_navigation2:/home/simulations/ros2_sims_ws/install/turtlebot3_msgs:/home/simulations/ros2_sims_ws/install/turtlebot3_gazebo:/home/simulations/ros2_sims_ws/install/turtlebot3_bringup:/home/simulations/ros2_sims_ws/install/turtlebot3_description:/home/simulations/ros2_sims_ws/install/turtlebot3_cartographer:/home/simulations/ros2_sims_ws/install/turtlebot3_as:/home/simulations/ros2_sims_ws/install/t3_action_msg:/home/simulations/ros2_sims_ws/install/dynamixel_sdk:/home/user/ros2_ws/install/logs_test:/home/user/ros2_ws/install/actions_quiz:/home/user/ros2_ws/install/actions_quiz_msg:/home/simulations/ros2_sims_ws/install/turtlebot3_teleop:/home/simulations/ros2_sims_ws/install/turtlebot3_example:/home/simulations/ros2_sims_ws/install/services_pkg:/opt/ros/humble LD_LIBRARY_PATH=/home/user/ros2_ws/install/custom_interfaces/lib:/usr/local/cuda-10.2/lib64:/home/user/.catkin_ws_python3/src/TensorRT-7.0.0.11/lib:/home/simulations/ros2_sims_ws/install/turtlebot3_msgs/lib:/home/simulations/ros2_sims_ws/install/t3_action_msg/lib:/home/simulations/ros2_sims_ws/install/dynamixel_sdk/lib:/home/user/ros2_ws/install/actions_quiz_msg/lib:/opt/ros/humble/opt/rviz_ogre_vendor/lib:/opt/ros/humble/lib/x86_64-linux-gnu:/opt/ros/humble/lib:/usr/local/cuda-10.2/lib64:/home/user/.catkin_ws_python3/src/TensorRT-7.0.0.11/lib:/usr/lib/x86_64-linux-gnu/gazebo-11/plugins:/usr/lib/x86_64-linux-gnu/gazebo-11/plugins:/usr/lib/x86_64-linux-gnu/gazebo-11/plugins PYTHONPATH=/home/user/ros2_ws/install/custom_interfaces/local/lib/python3.10/dist-packages:${PYTHONPATH} _=/usr/bin/env /usr/bin/cmake /home/user/ros2_ws/src/my_action_server -DCMAKE_INSTALL_PREFIX=/home/user/ros2_ws/install/my_action_server
[12.772s] -- The C compiler identification is GNU 11.2.0
[12.772s] -- The CXX compiler identification is GNU 11.2.0
[12.772s] -- Detecting C compiler ABI info
[12.772s] -- Detecting C compiler ABI info - done
[12.773s] -- Check for working C compiler: /usr/bin/cc - skipped
[12.795s] -- Detecting C compile features
[12.795s] -- Detecting C compile features - done
[12.795s] -- Detecting CXX compiler ABI info
[12.795s] -- Detecting CXX compiler ABI info - done
[12.795s] -- Check for working CXX compiler: /usr/bin/c++ - skipped
[12.795s] -- Detecting CXX compile features
[12.795s] -- Detecting CXX compile features - done
[12.795s] -- Found ament_cmake: 1.3.2 (/opt/ros/humble/share/ament_cmake/cmake)
[12.796s] -- Found Python3: /usr/bin/python3.10 (found version "3.10.6") found components: Interpreter 
[12.796s] -- Found rclcpp: 16.0.1 (/opt/ros/humble/share/rclcpp/cmake)
[12.796s] -- Found rosidl_generator_c: 3.1.3 (/opt/ros/humble/share/rosidl_generator_c/cmake)
[12.796s] -- Found rosidl_adapter: 3.1.3 (/opt/ros/humble/share/rosidl_adapter/cmake)
[12.796s] -- Found rosidl_generator_cpp: 3.1.3 (/opt/ros/humble/share/rosidl_generator_cpp/cmake)
[12.796s] -- Using all available rosidl_typesupport_c: rosidl_typesupport_fastrtps_c;rosidl_typesupport_introspection_c
[12.796s] -- Using all available rosidl_typesupport_cpp: rosidl_typesupport_fastrtps_cpp;rosidl_typesupport_introspection_cpp
[12.796s] -- Found rmw_implementation_cmake: 6.1.0 (/opt/ros/humble/share/rmw_implementation_cmake/cmake)
[12.796s] -- Found rmw_fastrtps_cpp: 6.2.1 (/opt/ros/humble/share/rmw_fastrtps_cpp/cmake)
[12.796s] -- Found OpenSSL: /usr/lib/x86_64-linux-gnu/libcrypto.so (found version "3.0.2")  
[12.797s] -- Found FastRTPS: /opt/ros/humble/include  
[12.797s] -- Using RMW implementation 'rmw_fastrtps_cpp' as default
[12.797s] -- Found rclcpp_action: 16.0.1 (/opt/ros/humble/share/rclcpp_action/cmake)
[12.797s] -- Found t3_action_msg: 0.0.0 (/home/simulations/ros2_sims_ws/install/t3_action_msg/share/t3_action_msg/cmake)
[12.797s] -- Found geometry_msgs: 4.2.2 (/opt/ros/humble/share/geometry_msgs/cmake)
[12.797s] -- Found custom_interfaces: 0.0.0 (/home/user/ros2_ws/install/custom_interfaces/share/custom_interfaces/cmake)
[12.797s] -- Found ament_lint_auto: 0.12.4 (/opt/ros/humble/share/ament_lint_auto/cmake)
[12.797s] -- Added test 'cppcheck' to perform static code analysis on C / C++ code
[12.797s] -- Configured cppcheck include dirs: 
[12.797s] -- Configured cppcheck exclude dirs and/or files: 
[12.797s] -- Added test 'flake8' to check Python code syntax and style conventions
[12.798s] -- Added test 'lint_cmake' to check CMake code style
[12.798s] -- Added test 'pep257' to check Python code against some of the docstring style conventions in PEP 257
[12.798s] -- Added test 'uncrustify' to check C / C++ code style
[12.798s] -- Configured uncrustify additional arguments: 
[12.798s] -- Added test 'xmllint' to check XML markup files
[12.798s] -- Configuring done
[12.798s] -- Generating done
[12.799s] -- Build files have been written to: /home/user/ros2_ws/build/my_action_server
[12.882s] Invoked command in '/home/user/ros2_ws/build/my_action_server' returned '0': AMENT_PREFIX_PATH=/home/user/ros2_ws/install/custom_interfaces:${AMENT_PREFIX_PATH} CMAKE_PREFIX_PATH=/home/user/ros2_ws/install/custom_interfaces:/home/simulations/ros2_sims_ws/install/turtlebot3:/home/simulations/ros2_sims_ws/install/turtlebot3_simulations:/home/simulations/ros2_sims_ws/install/turtlebot3_navigation2:/home/simulations/ros2_sims_ws/install/turtlebot3_msgs:/home/simulations/ros2_sims_ws/install/turtlebot3_gazebo:/home/simulations/ros2_sims_ws/install/turtlebot3_bringup:/home/simulations/ros2_sims_ws/install/turtlebot3_description:/home/simulations/ros2_sims_ws/install/turtlebot3_cartographer:/home/simulations/ros2_sims_ws/install/turtlebot3_as:/home/simulations/ros2_sims_ws/install/t3_action_msg:/home/simulations/ros2_sims_ws/install/dynamixel_sdk:/home/user/ros2_ws/install/logs_test:/home/user/ros2_ws/install/actions_quiz:/home/user/ros2_ws/install/actions_quiz_msg:/home/simulations/ros2_sims_ws/install/turtlebot3_teleop:/home/simulations/ros2_sims_ws/install/turtlebot3_example:/home/simulations/ros2_sims_ws/install/services_pkg:/opt/ros/humble LD_LIBRARY_PATH=/home/user/ros2_ws/install/custom_interfaces/lib:/usr/local/cuda-10.2/lib64:/home/user/.catkin_ws_python3/src/TensorRT-7.0.0.11/lib:/home/simulations/ros2_sims_ws/install/turtlebot3_msgs/lib:/home/simulations/ros2_sims_ws/install/t3_action_msg/lib:/home/simulations/ros2_sims_ws/install/dynamixel_sdk/lib:/home/user/ros2_ws/install/actions_quiz_msg/lib:/opt/ros/humble/opt/rviz_ogre_vendor/lib:/opt/ros/humble/lib/x86_64-linux-gnu:/opt/ros/humble/lib:/usr/local/cuda-10.2/lib64:/home/user/.catkin_ws_python3/src/TensorRT-7.0.0.11/lib:/usr/lib/x86_64-linux-gnu/gazebo-11/plugins:/usr/lib/x86_64-linux-gnu/gazebo-11/plugins:/usr/lib/x86_64-linux-gnu/gazebo-11/plugins PYTHONPATH=/home/user/ros2_ws/install/custom_interfaces/local/lib/python3.10/dist-packages:${PYTHONPATH} _=/usr/bin/env /usr/bin/cmake /home/user/ros2_ws/src/my_action_server -DCMAKE_INSTALL_PREFIX=/home/user/ros2_ws/install/my_action_server
[12.883s] Invoking command in '/home/user/ros2_ws/build/my_action_server': AMENT_PREFIX_PATH=/home/user/ros2_ws/install/custom_interfaces:${AMENT_PREFIX_PATH} CMAKE_PREFIX_PATH=/home/user/ros2_ws/install/custom_interfaces:/home/simulations/ros2_sims_ws/install/turtlebot3:/home/simulations/ros2_sims_ws/install/turtlebot3_simulations:/home/simulations/ros2_sims_ws/install/turtlebot3_navigation2:/home/simulations/ros2_sims_ws/install/turtlebot3_msgs:/home/simulations/ros2_sims_ws/install/turtlebot3_gazebo:/home/simulations/ros2_sims_ws/install/turtlebot3_bringup:/home/simulations/ros2_sims_ws/install/turtlebot3_description:/home/simulations/ros2_sims_ws/install/turtlebot3_cartographer:/home/simulations/ros2_sims_ws/install/turtlebot3_as:/home/simulations/ros2_sims_ws/install/t3_action_msg:/home/simulations/ros2_sims_ws/install/dynamixel_sdk:/home/user/ros2_ws/install/logs_test:/home/user/ros2_ws/install/actions_quiz:/home/user/ros2_ws/install/actions_quiz_msg:/home/simulations/ros2_sims_ws/install/turtlebot3_teleop:/home/simulations/ros2_sims_ws/install/turtlebot3_example:/home/simulations/ros2_sims_ws/install/services_pkg:/opt/ros/humble LD_LIBRARY_PATH=/home/user/ros2_ws/install/custom_interfaces/lib:/usr/local/cuda-10.2/lib64:/home/user/.catkin_ws_python3/src/TensorRT-7.0.0.11/lib:/home/simulations/ros2_sims_ws/install/turtlebot3_msgs/lib:/home/simulations/ros2_sims_ws/install/t3_action_msg/lib:/home/simulations/ros2_sims_ws/install/dynamixel_sdk/lib:/home/user/ros2_ws/install/actions_quiz_msg/lib:/opt/ros/humble/opt/rviz_ogre_vendor/lib:/opt/ros/humble/lib/x86_64-linux-gnu:/opt/ros/humble/lib:/usr/local/cuda-10.2/lib64:/home/user/.catkin_ws_python3/src/TensorRT-7.0.0.11/lib:/usr/lib/x86_64-linux-gnu/gazebo-11/plugins:/usr/lib/x86_64-linux-gnu/gazebo-11/plugins:/usr/lib/x86_64-linux-gnu/gazebo-11/plugins PYTHONPATH=/home/user/ros2_ws/install/custom_interfaces/local/lib/python3.10/dist-packages:${PYTHONPATH} _=/usr/bin/env /usr/bin/cmake --build /home/user/ros2_ws/build/my_action_server -- -j8 -l8
[18.872s] [ 50%] [32mBuilding CXX object CMakeFiles/action_server_node.dir/src/action_server.cpp.o[0m
[196.007s] [100%] [32m[1mLinking CXX executable action_server_node[0m
[196.348s] [100%] Built target action_server_node
