[0.022s] Invoking command in '/home/user/ros2_ws/build/actions_quiz': CMAKE_PREFIX_PATH=/home/user/ros2_ws/install/actions_quiz_msg:/home/simulations/ros2_sims_ws/install/move_robot_as:/home/simulations/ros2_sims_ws/install/t3_action_msg:/home/simulations/ros2_sims_ws/install/neo_simulation2:/home/simulations/ros2_sims_ws/install/aws_robomaker_small_warehouse_world:/home/user/ros2_ws/install/topics_quiz:/home/user/ros2_ws/install/topic_subscriber_pkg:/home/user/ros2_ws/install/topic_publisher_pkg:/home/user/ros2_ws/install/services_quiz:/home/user/ros2_ws/install/services_quiz_srv:/home/user/ros2_ws/install/my_package:/home/user/ros2_ws/install/my_action_server:/home/user/ros2_ws/install/my_action_client:/home/user/ros2_ws/install/movement_pkg:/home/user/ros2_ws/install/executors_exercises_pkg:/home/user/ros2_ws/install/custom_interfaces:/home/user/ros2_ws/install/client_pkg:/home/user/ros2_ws/install/actions_quiz:/home/user/quiz_ws/Quizes/ros2_ws/install/ros2_quizzes:/home/simulations/ros2_sims_ws/install/services_pkg:/home/simulations/ros2_sims_ws/install/parameter_tests:/home/user/ros2_ws/install/exercise52_pkg:/opt/ros/humble LD_LIBRARY_PATH=/home/user/ros2_ws/install/actions_quiz_msg/lib:/home/simulations/ros2_sims_ws/install/t3_action_msg/lib:/home/user/ros2_ws/install/services_quiz_srv/lib:/home/user/ros2_ws/install/custom_interfaces/lib:/opt/ros/humble/opt/rviz_ogre_vendor/lib:/opt/ros/humble/lib/x86_64-linux-gnu:/opt/ros/humble/lib:/usr/local/cuda-10.2/lib64:/home/user/.catkin_ws_python3/src/TensorRT-7.0.0.11/lib:/usr/lib/x86_64-linux-gnu/gazebo-11/plugins _=/usr/bin/env /usr/bin/cmake /home/user/ros2_ws/src/actions_quiz -DCMAKE_INSTALL_PREFIX=/home/user/ros2_ws/install/actions_quiz
[0.093s] -- The C compiler identification is GNU 11.2.0
[0.165s] -- The CXX compiler identification is GNU 11.2.0
[0.174s] -- Detecting C compiler ABI info
[0.271s] -- Detecting C compiler ABI info - done
[0.284s] -- Check for working C compiler: /usr/bin/cc - skipped
[0.284s] -- Detecting C compile features
[0.284s] -- Detecting C compile features - done
[0.288s] -- Detecting CXX compiler ABI info
[0.412s] -- Detecting CXX compiler ABI info - done
[0.422s] -- Check for working CXX compiler: /usr/bin/c++ - skipped
[0.423s] -- Detecting CXX compile features
[0.423s] -- Detecting CXX compile features - done
[0.430s] -- Found ament_cmake: 1.3.2 (/opt/ros/humble/share/ament_cmake/cmake)
[0.668s] -- Found Python3: /usr/bin/python3.10 (found version "3.10.6") found components: Interpreter 
[0.832s] -- Found rclcpp: 16.0.1 (/opt/ros/humble/share/rclcpp/cmake)
[0.936s] -- Found rosidl_generator_c: 3.1.3 (/opt/ros/humble/share/rosidl_generator_c/cmake)
[0.948s] -- Found rosidl_adapter: 3.1.3 (/opt/ros/humble/share/rosidl_adapter/cmake)
[0.970s] -- Found rosidl_generator_cpp: 3.1.3 (/opt/ros/humble/share/rosidl_generator_cpp/cmake)
[0.998s] -- Using all available rosidl_typesupport_c: rosidl_typesupport_fastrtps_c;rosidl_typesupport_introspection_c
[1.036s] -- Using all available rosidl_typesupport_cpp: rosidl_typesupport_fastrtps_cpp;rosidl_typesupport_introspection_cpp
[1.171s] -- Found rmw_implementation_cmake: 6.1.0 (/opt/ros/humble/share/rmw_implementation_cmake/cmake)
[1.180s] -- Found rmw_fastrtps_cpp: 6.2.1 (/opt/ros/humble/share/rmw_fastrtps_cpp/cmake)
[1.350s] -- Found OpenSSL: /usr/lib/x86_64-linux-gnu/libcrypto.so (found version "3.0.2")  
[1.403s] -- Found FastRTPS: /opt/ros/humble/include  
[1.497s] -- Using RMW implementation 'rmw_fastrtps_cpp' as default
[1.757s] -- Found rclcpp_action: 16.0.1 (/opt/ros/humble/share/rclcpp_action/cmake)
[1.924s] -- Found geometry_msgs: 4.2.2 (/opt/ros/humble/share/geometry_msgs/cmake)
[1.998s] -- Found actions_quiz_msg: 0.0.0 (/home/user/ros2_ws/install/actions_quiz_msg/share/actions_quiz_msg/cmake)
[2.126s] -- Found nav_msgs: 4.2.2 (/opt/ros/humble/share/nav_msgs/cmake)
[2.264s] -- Found ament_lint_auto: 0.12.4 (/opt/ros/humble/share/ament_lint_auto/cmake)
[2.407s] -- Added test 'cppcheck' to perform static code analysis on C / C++ code
[2.407s] -- Configured cppcheck include dirs: 
[2.407s] -- Configured cppcheck exclude dirs and/or files: 
[2.408s] -- Added test 'flake8' to check Python code syntax and style conventions
[2.410s] -- Added test 'lint_cmake' to check CMake code style
[2.412s] -- Added test 'pep257' to check Python code against some of the docstring style conventions in PEP 257
[2.414s] -- Added test 'uncrustify' to check C / C++ code style
[2.414s] -- Configured uncrustify additional arguments: 
[2.416s] -- Added test 'xmllint' to check XML markup files
[2.418s] -- Configuring done
[2.442s] -- Generating done
[2.445s] -- Build files have been written to: /home/user/ros2_ws/build/actions_quiz
[2.459s] Invoked command in '/home/user/ros2_ws/build/actions_quiz' returned '0': CMAKE_PREFIX_PATH=/home/user/ros2_ws/install/actions_quiz_msg:/home/simulations/ros2_sims_ws/install/move_robot_as:/home/simulations/ros2_sims_ws/install/t3_action_msg:/home/simulations/ros2_sims_ws/install/neo_simulation2:/home/simulations/ros2_sims_ws/install/aws_robomaker_small_warehouse_world:/home/user/ros2_ws/install/topics_quiz:/home/user/ros2_ws/install/topic_subscriber_pkg:/home/user/ros2_ws/install/topic_publisher_pkg:/home/user/ros2_ws/install/services_quiz:/home/user/ros2_ws/install/services_quiz_srv:/home/user/ros2_ws/install/my_package:/home/user/ros2_ws/install/my_action_server:/home/user/ros2_ws/install/my_action_client:/home/user/ros2_ws/install/movement_pkg:/home/user/ros2_ws/install/executors_exercises_pkg:/home/user/ros2_ws/install/custom_interfaces:/home/user/ros2_ws/install/client_pkg:/home/user/ros2_ws/install/actions_quiz:/home/user/quiz_ws/Quizes/ros2_ws/install/ros2_quizzes:/home/simulations/ros2_sims_ws/install/services_pkg:/home/simulations/ros2_sims_ws/install/parameter_tests:/home/user/ros2_ws/install/exercise52_pkg:/opt/ros/humble LD_LIBRARY_PATH=/home/user/ros2_ws/install/actions_quiz_msg/lib:/home/simulations/ros2_sims_ws/install/t3_action_msg/lib:/home/user/ros2_ws/install/services_quiz_srv/lib:/home/user/ros2_ws/install/custom_interfaces/lib:/opt/ros/humble/opt/rviz_ogre_vendor/lib:/opt/ros/humble/lib/x86_64-linux-gnu:/opt/ros/humble/lib:/usr/local/cuda-10.2/lib64:/home/user/.catkin_ws_python3/src/TensorRT-7.0.0.11/lib:/usr/lib/x86_64-linux-gnu/gazebo-11/plugins _=/usr/bin/env /usr/bin/cmake /home/user/ros2_ws/src/actions_quiz -DCMAKE_INSTALL_PREFIX=/home/user/ros2_ws/install/actions_quiz
[2.462s] Invoking command in '/home/user/ros2_ws/build/actions_quiz': CMAKE_PREFIX_PATH=/home/user/ros2_ws/install/actions_quiz_msg:/home/simulations/ros2_sims_ws/install/move_robot_as:/home/simulations/ros2_sims_ws/install/t3_action_msg:/home/simulations/ros2_sims_ws/install/neo_simulation2:/home/simulations/ros2_sims_ws/install/aws_robomaker_small_warehouse_world:/home/user/ros2_ws/install/topics_quiz:/home/user/ros2_ws/install/topic_subscriber_pkg:/home/user/ros2_ws/install/topic_publisher_pkg:/home/user/ros2_ws/install/services_quiz:/home/user/ros2_ws/install/services_quiz_srv:/home/user/ros2_ws/install/my_package:/home/user/ros2_ws/install/my_action_server:/home/user/ros2_ws/install/my_action_client:/home/user/ros2_ws/install/movement_pkg:/home/user/ros2_ws/install/executors_exercises_pkg:/home/user/ros2_ws/install/custom_interfaces:/home/user/ros2_ws/install/client_pkg:/home/user/ros2_ws/install/actions_quiz:/home/user/quiz_ws/Quizes/ros2_ws/install/ros2_quizzes:/home/simulations/ros2_sims_ws/install/services_pkg:/home/simulations/ros2_sims_ws/install/parameter_tests:/home/user/ros2_ws/install/exercise52_pkg:/opt/ros/humble LD_LIBRARY_PATH=/home/user/ros2_ws/install/actions_quiz_msg/lib:/home/simulations/ros2_sims_ws/install/t3_action_msg/lib:/home/user/ros2_ws/install/services_quiz_srv/lib:/home/user/ros2_ws/install/custom_interfaces/lib:/opt/ros/humble/opt/rviz_ogre_vendor/lib:/opt/ros/humble/lib/x86_64-linux-gnu:/opt/ros/humble/lib:/usr/local/cuda-10.2/lib64:/home/user/.catkin_ws_python3/src/TensorRT-7.0.0.11/lib:/usr/lib/x86_64-linux-gnu/gazebo-11/plugins _=/usr/bin/env /usr/bin/cmake --build /home/user/ros2_ws/build/actions_quiz -- -j8 -l8
[2.525s] [ 25%] [32mBuilding CXX object CMakeFiles/distance_action_server.dir/src/distance_action_server.cpp.o[0m
[5.983s] [01m[K/home/user/ros2_ws/src/actions_quiz/src/distance_action_server.cpp:[m[K In member function '[01m[Krclcpp_action::GoalResponse DistanceActionServer::handle_goal(const GoalUUID&, std::shared_ptr<const actions_quiz_msg::action::Distance_Goal_<std::allocator<void> > >)[m[K':
[5.983s] [01m[K/home/user/ros2_ws/src/actions_quiz/src/distance_action_server.cpp:58:40:[m[K [01;35m[Kwarning: [m[Kunused parameter '[01m[Kuuid[m[K' [[01;35m[K-Wunused-parameter[m[K]
[5.983s]    58 |         [01;35m[Kconst rclcpp_action::GoalUUID &uuid[m[K,
[5.983s]       |         [01;35m[K~~~~~~~~~~~~~~~~~~~~~~~~~~~~~~~^~~~[m[K
[5.984s] [01m[K/home/user/ros2_ws/src/actions_quiz/src/distance_action_server.cpp:[m[K In member function '[01m[Krclcpp_action::CancelResponse DistanceActionServer::handle_cancel(std::shared_ptr<rclcpp_action::ServerGoalHandle<actions_quiz_msg::action::Distance> >)[m[K':
[5.984s] [01m[K/home/user/ros2_ws/src/actions_quiz/src/distance_action_server.cpp:64:91:[m[K [01;35m[Kwarning: [m[Kunused parameter '[01m[Kgoal_handle[m[K' [[01;35m[K-Wunused-parameter[m[K]
[5.984s]    64 |     rclcpp_action::CancelResponse handle_cancel([01;35m[Kconst std::shared_ptr<GoalHandleDistance> goal_handle[m[K) {
[5.984s]       |                                                 [01;35m[K~~~~~~~~~~~~~~~~~~~~~~~~~~~~~~~~~~~~~~~~~~^~~~~~~~~~~[m[K
[15.624s] [ 50%] [32m[1mLinking CXX executable distance_action_server[0m
[16.129s] [ 50%] Built target distance_action_server
[16.154s] [ 75%] [32mBuilding CXX object CMakeFiles/distance_action_client.dir/src/distance_action_client.cpp.o[0m
[21.340s] [100%] [32m[1mLinking CXX executable distance_action_client[0m
[21.520s] [100%] Built target distance_action_client
[21.532s] Invoked command in '/home/user/ros2_ws/build/actions_quiz' returned '0': CMAKE_PREFIX_PATH=/home/user/ros2_ws/install/actions_quiz_msg:/home/simulations/ros2_sims_ws/install/move_robot_as:/home/simulations/ros2_sims_ws/install/t3_action_msg:/home/simulations/ros2_sims_ws/install/neo_simulation2:/home/simulations/ros2_sims_ws/install/aws_robomaker_small_warehouse_world:/home/user/ros2_ws/install/topics_quiz:/home/user/ros2_ws/install/topic_subscriber_pkg:/home/user/ros2_ws/install/topic_publisher_pkg:/home/user/ros2_ws/install/services_quiz:/home/user/ros2_ws/install/services_quiz_srv:/home/user/ros2_ws/install/my_package:/home/user/ros2_ws/install/my_action_server:/home/user/ros2_ws/install/my_action_client:/home/user/ros2_ws/install/movement_pkg:/home/user/ros2_ws/install/executors_exercises_pkg:/home/user/ros2_ws/install/custom_interfaces:/home/user/ros2_ws/install/client_pkg:/home/user/ros2_ws/install/actions_quiz:/home/user/quiz_ws/Quizes/ros2_ws/install/ros2_quizzes:/home/simulations/ros2_sims_ws/install/services_pkg:/home/simulations/ros2_sims_ws/install/parameter_tests:/home/user/ros2_ws/install/exercise52_pkg:/opt/ros/humble LD_LIBRARY_PATH=/home/user/ros2_ws/install/actions_quiz_msg/lib:/home/simulations/ros2_sims_ws/install/t3_action_msg/lib:/home/user/ros2_ws/install/services_quiz_srv/lib:/home/user/ros2_ws/install/custom_interfaces/lib:/opt/ros/humble/opt/rviz_ogre_vendor/lib:/opt/ros/humble/lib/x86_64-linux-gnu:/opt/ros/humble/lib:/usr/local/cuda-10.2/lib64:/home/user/.catkin_ws_python3/src/TensorRT-7.0.0.11/lib:/usr/lib/x86_64-linux-gnu/gazebo-11/plugins _=/usr/bin/env /usr/bin/cmake --build /home/user/ros2_ws/build/actions_quiz -- -j8 -l8
[21.588s] Invoking command in '/home/user/ros2_ws/build/actions_quiz': CMAKE_PREFIX_PATH=/home/user/ros2_ws/install/actions_quiz_msg:/home/simulations/ros2_sims_ws/install/move_robot_as:/home/simulations/ros2_sims_ws/install/t3_action_msg:/home/simulations/ros2_sims_ws/install/neo_simulation2:/home/simulations/ros2_sims_ws/install/aws_robomaker_small_warehouse_world:/home/user/ros2_ws/install/topics_quiz:/home/user/ros2_ws/install/topic_subscriber_pkg:/home/user/ros2_ws/install/topic_publisher_pkg:/home/user/ros2_ws/install/services_quiz:/home/user/ros2_ws/install/services_quiz_srv:/home/user/ros2_ws/install/my_package:/home/user/ros2_ws/install/my_action_server:/home/user/ros2_ws/install/my_action_client:/home/user/ros2_ws/install/movement_pkg:/home/user/ros2_ws/install/executors_exercises_pkg:/home/user/ros2_ws/install/custom_interfaces:/home/user/ros2_ws/install/client_pkg:/home/user/ros2_ws/install/actions_quiz:/home/user/quiz_ws/Quizes/ros2_ws/install/ros2_quizzes:/home/simulations/ros2_sims_ws/install/services_pkg:/home/simulations/ros2_sims_ws/install/parameter_tests:/home/user/ros2_ws/install/exercise52_pkg:/opt/ros/humble LD_LIBRARY_PATH=/home/user/ros2_ws/install/actions_quiz_msg/lib:/home/simulations/ros2_sims_ws/install/t3_action_msg/lib:/home/user/ros2_ws/install/services_quiz_srv/lib:/home/user/ros2_ws/install/custom_interfaces/lib:/opt/ros/humble/opt/rviz_ogre_vendor/lib:/opt/ros/humble/lib/x86_64-linux-gnu:/opt/ros/humble/lib:/usr/local/cuda-10.2/lib64:/home/user/.catkin_ws_python3/src/TensorRT-7.0.0.11/lib:/usr/lib/x86_64-linux-gnu/gazebo-11/plugins _=/usr/bin/env /usr/bin/cmake --install /home/user/ros2_ws/build/actions_quiz
[21.595s] -- Install configuration: ""
[21.595s] -- Installing: /home/user/ros2_ws/install/actions_quiz/lib/actions_quiz/distance_action_server
[21.603s] -- Set runtime path of "/home/user/ros2_ws/install/actions_quiz/lib/actions_quiz/distance_action_server" to ""
[21.603s] -- Installing: /home/user/ros2_ws/install/actions_quiz/lib/actions_quiz/distance_action_client
[21.605s] -- Set runtime path of "/home/user/ros2_ws/install/actions_quiz/lib/actions_quiz/distance_action_client" to ""
[21.605s] -- Installing: /home/user/ros2_ws/install/actions_quiz/share/actions_quiz//launch
[21.605s] -- Installing: /home/user/ros2_ws/install/actions_quiz/share/actions_quiz//launch/actions_quiz_client.launch.py
[21.605s] -- Installing: /home/user/ros2_ws/install/actions_quiz/share/actions_quiz//launch/actions_quiz_server.launch.py
[21.605s] -- Installing: /home/user/ros2_ws/install/actions_quiz/share/ament_index/resource_index/package_run_dependencies/actions_quiz
[21.606s] -- Installing: /home/user/ros2_ws/install/actions_quiz/share/ament_index/resource_index/parent_prefix_path/actions_quiz
[21.606s] -- Installing: /home/user/ros2_ws/install/actions_quiz/share/actions_quiz/environment/ament_prefix_path.sh
[21.607s] -- Installing: /home/user/ros2_ws/install/actions_quiz/share/actions_quiz/environment/ament_prefix_path.dsv
[21.607s] -- Installing: /home/user/ros2_ws/install/actions_quiz/share/actions_quiz/environment/path.sh
[21.607s] -- Installing: /home/user/ros2_ws/install/actions_quiz/share/actions_quiz/environment/path.dsv
[21.608s] -- Installing: /home/user/ros2_ws/install/actions_quiz/share/actions_quiz/local_setup.bash
[21.608s] -- Installing: /home/user/ros2_ws/install/actions_quiz/share/actions_quiz/local_setup.sh
[21.609s] -- Installing: /home/user/ros2_ws/install/actions_quiz/share/actions_quiz/local_setup.zsh
[21.609s] -- Installing: /home/user/ros2_ws/install/actions_quiz/share/actions_quiz/local_setup.dsv
[21.610s] -- Installing: /home/user/ros2_ws/install/actions_quiz/share/actions_quiz/package.dsv
[21.611s] -- Installing: /home/user/ros2_ws/install/actions_quiz/share/ament_index/resource_index/packages/actions_quiz
[21.614s] -- Installing: /home/user/ros2_ws/install/actions_quiz/share/actions_quiz/cmake/actions_quizConfig.cmake
[21.614s] -- Installing: /home/user/ros2_ws/install/actions_quiz/share/actions_quiz/cmake/actions_quizConfig-version.cmake
[21.614s] -- Installing: /home/user/ros2_ws/install/actions_quiz/share/actions_quiz/package.xml
[21.614s] Invoked command in '/home/user/ros2_ws/build/actions_quiz' returned '0': CMAKE_PREFIX_PATH=/home/user/ros2_ws/install/actions_quiz_msg:/home/simulations/ros2_sims_ws/install/move_robot_as:/home/simulations/ros2_sims_ws/install/t3_action_msg:/home/simulations/ros2_sims_ws/install/neo_simulation2:/home/simulations/ros2_sims_ws/install/aws_robomaker_small_warehouse_world:/home/user/ros2_ws/install/topics_quiz:/home/user/ros2_ws/install/topic_subscriber_pkg:/home/user/ros2_ws/install/topic_publisher_pkg:/home/user/ros2_ws/install/services_quiz:/home/user/ros2_ws/install/services_quiz_srv:/home/user/ros2_ws/install/my_package:/home/user/ros2_ws/install/my_action_server:/home/user/ros2_ws/install/my_action_client:/home/user/ros2_ws/install/movement_pkg:/home/user/ros2_ws/install/executors_exercises_pkg:/home/user/ros2_ws/install/custom_interfaces:/home/user/ros2_ws/install/client_pkg:/home/user/ros2_ws/install/actions_quiz:/home/user/quiz_ws/Quizes/ros2_ws/install/ros2_quizzes:/home/simulations/ros2_sims_ws/install/services_pkg:/home/simulations/ros2_sims_ws/install/parameter_tests:/home/user/ros2_ws/install/exercise52_pkg:/opt/ros/humble LD_LIBRARY_PATH=/home/user/ros2_ws/install/actions_quiz_msg/lib:/home/simulations/ros2_sims_ws/install/t3_action_msg/lib:/home/user/ros2_ws/install/services_quiz_srv/lib:/home/user/ros2_ws/install/custom_interfaces/lib:/opt/ros/humble/opt/rviz_ogre_vendor/lib:/opt/ros/humble/lib/x86_64-linux-gnu:/opt/ros/humble/lib:/usr/local/cuda-10.2/lib64:/home/user/.catkin_ws_python3/src/TensorRT-7.0.0.11/lib:/usr/lib/x86_64-linux-gnu/gazebo-11/plugins _=/usr/bin/env /usr/bin/cmake --install /home/user/ros2_ws/build/actions_quiz
